mode: set
github.com/maxmcd/bramble/pkg/logger/logger.go:13.37,21.2 6 1
github.com/maxmcd/bramble/pkg/logger/logger.go:32.75,39.15 3 1
github.com/maxmcd/bramble/pkg/logger/logger.go:42.2,44.58 2 1
github.com/maxmcd/bramble/pkg/logger/logger.go:63.2,63.50 1 1
github.com/maxmcd/bramble/pkg/logger/logger.go:80.2,80.16 1 1
github.com/maxmcd/bramble/pkg/logger/logger.go:39.15,41.3 1 0
github.com/maxmcd/bramble/pkg/logger/logger.go:44.58,51.24 1 1
github.com/maxmcd/bramble/pkg/logger/logger.go:56.3,56.19 1 0
github.com/maxmcd/bramble/pkg/logger/logger.go:59.3,59.18 1 0
github.com/maxmcd/bramble/pkg/logger/logger.go:51.24,52.27 1 1
github.com/maxmcd/bramble/pkg/logger/logger.go:52.27,54.5 1 1
github.com/maxmcd/bramble/pkg/logger/logger.go:56.19,58.4 1 0
github.com/maxmcd/bramble/pkg/logger/logger.go:63.50,65.10 2 1
github.com/maxmcd/bramble/pkg/logger/logger.go:66.14,67.18 1 1
github.com/maxmcd/bramble/pkg/logger/logger.go:68.38,69.42 1 0
github.com/maxmcd/bramble/pkg/logger/logger.go:70.11,72.23 2 0
github.com/maxmcd/bramble/pkg/logger/logger.go:72.23,74.54 2 0
github.com/maxmcd/bramble/pkg/logger/logger.go:74.54,76.6 1 0
github.com/maxmcd/bramble/pkg/logger/logger.go:89.106,93.42 4 1
github.com/maxmcd/bramble/pkg/logger/logger.go:102.2,102.34 1 1
github.com/maxmcd/bramble/pkg/logger/logger.go:106.2,106.18 1 1
github.com/maxmcd/bramble/pkg/logger/logger.go:93.42,95.14 2 1
github.com/maxmcd/bramble/pkg/logger/logger.go:95.14,97.51 2 1
github.com/maxmcd/bramble/pkg/logger/logger.go:97.51,99.5 1 0
github.com/maxmcd/bramble/pkg/logger/logger.go:102.34,105.3 2 0
github.com/maxmcd/bramble/pkg/logger/logger.go:109.30,111.2 1 1
github.com/maxmcd/bramble/pkg/logger/logger.go:112.48,114.2 1 1
github.com/maxmcd/bramble/pkg/sandbox/chrootenv.go:21.63,23.20 2 0
github.com/maxmcd/bramble/pkg/sandbox/chrootenv.go:29.2,30.8 2 0
github.com/maxmcd/bramble/pkg/sandbox/chrootenv.go:24.9,25.31 1 0
github.com/maxmcd/bramble/pkg/sandbox/chrootenv.go:26.9,27.42 1 0
github.com/maxmcd/bramble/pkg/sandbox/chrootenv.go:33.58,38.2 1 0
github.com/maxmcd/bramble/pkg/sandbox/chrootenv.go:40.40,42.2 1 0
github.com/maxmcd/bramble/pkg/sandbox/chrootenv.go:44.39,45.21 1 0
github.com/maxmcd/bramble/pkg/sandbox/chrootenv.go:48.2,53.53 3 0
github.com/maxmcd/bramble/pkg/sandbox/chrootenv.go:58.2,58.74 1 0
github.com/maxmcd/bramble/pkg/sandbox/chrootenv.go:62.2,63.52 1 0
github.com/maxmcd/bramble/pkg/sandbox/chrootenv.go:66.2,67.52 1 0
github.com/maxmcd/bramble/pkg/sandbox/chrootenv.go:70.2,71.52 1 0
github.com/maxmcd/bramble/pkg/sandbox/chrootenv.go:76.2,76.98 1 0
github.com/maxmcd/bramble/pkg/sandbox/chrootenv.go:79.2,79.35 1 0
github.com/maxmcd/bramble/pkg/sandbox/chrootenv.go:110.2,110.53 1 0
github.com/maxmcd/bramble/pkg/sandbox/chrootenv.go:113.2,115.38 2 0
github.com/maxmcd/bramble/pkg/sandbox/chrootenv.go:118.2,118.12 1 0
github.com/maxmcd/bramble/pkg/sandbox/chrootenv.go:45.21,47.3 1 0
github.com/maxmcd/bramble/pkg/sandbox/chrootenv.go:53.53,54.74 1 0
github.com/maxmcd/bramble/pkg/sandbox/chrootenv.go:54.74,56.4 1 0
github.com/maxmcd/bramble/pkg/sandbox/chrootenv.go:58.74,60.3 1 0
github.com/maxmcd/bramble/pkg/sandbox/chrootenv.go:63.52,65.3 1 0
github.com/maxmcd/bramble/pkg/sandbox/chrootenv.go:67.52,69.3 1 0
github.com/maxmcd/bramble/pkg/sandbox/chrootenv.go:71.52,73.3 1 0
github.com/maxmcd/bramble/pkg/sandbox/chrootenv.go:76.98,78.3 1 0
github.com/maxmcd/bramble/pkg/sandbox/chrootenv.go:79.35,81.13 2 0
github.com/maxmcd/bramble/pkg/sandbox/chrootenv.go:84.3,85.17 2 0
github.com/maxmcd/bramble/pkg/sandbox/chrootenv.go:88.3,89.21 2 0
github.com/maxmcd/bramble/pkg/sandbox/chrootenv.go:92.3,92.83 1 0
github.com/maxmcd/bramble/pkg/sandbox/chrootenv.go:95.3,96.81 2 0
github.com/maxmcd/bramble/pkg/sandbox/chrootenv.go:99.3,99.82 1 0
github.com/maxmcd/bramble/pkg/sandbox/chrootenv.go:102.3,102.9 1 0
github.com/maxmcd/bramble/pkg/sandbox/chrootenv.go:81.13,83.4 1 0
github.com/maxmcd/bramble/pkg/sandbox/chrootenv.go:85.17,87.4 1 0
github.com/maxmcd/bramble/pkg/sandbox/chrootenv.go:89.21,91.4 1 0
github.com/maxmcd/bramble/pkg/sandbox/chrootenv.go:92.83,94.4 1 0
github.com/maxmcd/bramble/pkg/sandbox/chrootenv.go:96.81,98.4 1 0
github.com/maxmcd/bramble/pkg/sandbox/chrootenv.go:99.82,101.4 1 0
github.com/maxmcd/bramble/pkg/sandbox/chrootenv.go:102.9,104.128 2 0
github.com/maxmcd/bramble/pkg/sandbox/chrootenv.go:104.128,106.5 1 0
github.com/maxmcd/bramble/pkg/sandbox/chrootenv.go:110.53,112.3 1 0
github.com/maxmcd/bramble/pkg/sandbox/chrootenv.go:115.38,117.3 1 0
github.com/maxmcd/bramble/pkg/sandbox/chrootenv.go:121.42,122.22 1 0
github.com/maxmcd/bramble/pkg/sandbox/chrootenv.go:125.2,128.19 3 0
github.com/maxmcd/bramble/pkg/sandbox/chrootenv.go:131.2,131.72 1 0
github.com/maxmcd/bramble/pkg/sandbox/chrootenv.go:136.2,136.44 1 0
github.com/maxmcd/bramble/pkg/sandbox/chrootenv.go:145.2,145.12 1 0
github.com/maxmcd/bramble/pkg/sandbox/chrootenv.go:122.22,124.3 1 0
github.com/maxmcd/bramble/pkg/sandbox/chrootenv.go:128.19,130.3 1 0
github.com/maxmcd/bramble/pkg/sandbox/chrootenv.go:131.72,133.3 1 0
github.com/maxmcd/bramble/pkg/sandbox/chrootenv.go:136.44,141.49 5 0
github.com/maxmcd/bramble/pkg/sandbox/chrootenv.go:141.49,143.4 1 0
github.com/maxmcd/bramble/pkg/bramble/bramble_derivation.go:12.80,15.77 3 1
github.com/maxmcd/bramble/pkg/bramble/bramble_derivation.go:30.2,34.18 2 1
github.com/maxmcd/bramble/pkg/bramble/bramble_derivation.go:40.2,40.25 1 1
github.com/maxmcd/bramble/pkg/bramble/bramble_derivation.go:45.2,45.8 1 1
github.com/maxmcd/bramble/pkg/bramble/bramble_derivation.go:15.77,17.43 2 1
github.com/maxmcd/bramble/pkg/bramble/bramble_derivation.go:28.3,28.13 1 1
github.com/maxmcd/bramble/pkg/bramble/bramble_derivation.go:17.43,19.18 2 1
github.com/maxmcd/bramble/pkg/bramble/bramble_derivation.go:22.4,24.64 3 1
github.com/maxmcd/bramble/pkg/bramble/bramble_derivation.go:19.18,21.5 1 0
github.com/maxmcd/bramble/pkg/bramble/bramble_derivation.go:24.64,26.5 1 0
github.com/maxmcd/bramble/pkg/bramble/bramble_derivation.go:34.18,36.26 2 1
github.com/maxmcd/bramble/pkg/bramble/bramble_derivation.go:36.26,38.4 1 1
github.com/maxmcd/bramble/pkg/bramble/bramble_derivation.go:40.25,41.57 1 1
github.com/maxmcd/bramble/pkg/bramble/bramble_derivation.go:41.57,43.4 1 0
github.com/maxmcd/bramble/pkg/bramble/bramble_derivation.go:50.82,53.25 3 1
github.com/maxmcd/bramble/pkg/bramble/bramble_derivation.go:56.2,57.61 2 1
github.com/maxmcd/bramble/pkg/bramble/bramble_derivation.go:79.2,79.45 1 1
github.com/maxmcd/bramble/pkg/bramble/bramble_derivation.go:84.2,84.19 1 1
github.com/maxmcd/bramble/pkg/bramble/bramble_derivation.go:53.25,55.3 1 0
github.com/maxmcd/bramble/pkg/bramble/bramble_derivation.go:57.61,59.17 2 1
github.com/maxmcd/bramble/pkg/bramble/bramble_derivation.go:62.3,62.26 1 1
github.com/maxmcd/bramble/pkg/bramble/bramble_derivation.go:65.3,66.17 2 1
github.com/maxmcd/bramble/pkg/bramble/bramble_derivation.go:69.3,70.58 2 1
github.com/maxmcd/bramble/pkg/bramble/bramble_derivation.go:77.3,77.13 1 1
github.com/maxmcd/bramble/pkg/bramble/bramble_derivation.go:59.17,61.4 1 0
github.com/maxmcd/bramble/pkg/bramble/bramble_derivation.go:62.26,64.4 1 0
github.com/maxmcd/bramble/pkg/bramble/bramble_derivation.go:66.17,68.4 1 0
github.com/maxmcd/bramble/pkg/bramble/bramble_derivation.go:70.58,73.63 3 1
github.com/maxmcd/bramble/pkg/bramble/bramble_derivation.go:73.63,75.5 1 0
github.com/maxmcd/bramble/pkg/bramble/bramble_derivation.go:79.45,80.54 1 1
github.com/maxmcd/bramble/pkg/bramble/bramble_derivation.go:80.54,82.4 1 0
github.com/maxmcd/bramble/pkg/bramble/bramble_derivation.go:87.102,89.16 2 1
github.com/maxmcd/bramble/pkg/bramble/bramble_derivation.go:92.2,95.40 3 1
github.com/maxmcd/bramble/pkg/bramble/bramble_derivation.go:102.2,102.34 1 1
github.com/maxmcd/bramble/pkg/bramble/bramble_derivation.go:109.2,109.26 1 1
github.com/maxmcd/bramble/pkg/bramble/bramble_derivation.go:89.16,91.3 1 0
github.com/maxmcd/bramble/pkg/bramble/bramble_derivation.go:95.40,96.38 1 1
github.com/maxmcd/bramble/pkg/bramble/bramble_derivation.go:96.38,97.43 1 1
github.com/maxmcd/bramble/pkg/bramble/bramble_derivation.go:97.43,99.5 1 1
github.com/maxmcd/bramble/pkg/bramble/bramble_derivation.go:102.34,104.47 2 1
github.com/maxmcd/bramble/pkg/bramble/bramble_derivation.go:107.3,107.41 1 1
github.com/maxmcd/bramble/pkg/bramble/bramble_derivation.go:104.47,106.4 1 1
github.com/maxmcd/bramble/pkg/bramble/bramble_derivation.go:112.106,114.42 2 1
github.com/maxmcd/bramble/pkg/bramble/bramble_derivation.go:121.2,121.8 1 1
github.com/maxmcd/bramble/pkg/bramble/bramble_derivation.go:114.42,116.17 2 1
github.com/maxmcd/bramble/pkg/bramble/bramble_derivation.go:119.3,119.34 1 1
github.com/maxmcd/bramble/pkg/bramble/bramble_derivation.go:116.17,118.4 1 0
github.com/maxmcd/bramble/pkg/bramble/bramble_derivation.go:124.46,126.2 1 1
github.com/maxmcd/bramble/pkg/bramble/bramble_derivation.go:128.65,130.2 1 1
github.com/maxmcd/bramble/pkg/bramble/bramble_derivation.go:132.76,136.16 4 1
github.com/maxmcd/bramble/pkg/bramble/bramble_derivation.go:139.2,139.12 1 1
github.com/maxmcd/bramble/pkg/bramble/bramble_derivation.go:143.2,143.8 1 1
github.com/maxmcd/bramble/pkg/bramble/bramble_derivation.go:136.16,138.3 1 0
github.com/maxmcd/bramble/pkg/bramble/bramble_derivation.go:139.12,142.3 2 1
github.com/maxmcd/bramble/pkg/bramble/bramble_derivation.go:146.78,148.108 2 1
github.com/maxmcd/bramble/pkg/bramble/bramble_derivation.go:151.2,154.12 4 1
github.com/maxmcd/bramble/pkg/bramble/bramble_derivation.go:148.108,150.3 1 0
github.com/maxmcd/bramble/pkg/bramble/bramble_derivation.go:157.85,159.79 2 1
github.com/maxmcd/bramble/pkg/bramble/bramble_derivation.go:165.2,165.47 1 1
github.com/maxmcd/bramble/pkg/bramble/bramble_derivation.go:159.79,161.37 2 1
github.com/maxmcd/bramble/pkg/bramble/bramble_derivation.go:161.37,163.4 1 1
github.com/maxmcd/bramble/pkg/sandbox/sandbox.go:30.33,31.20 1 0
github.com/maxmcd/bramble/pkg/sandbox/sandbox.go:35.2,35.14 1 0
github.com/maxmcd/bramble/pkg/sandbox/sandbox.go:32.54,33.14 1 0
github.com/maxmcd/bramble/pkg/sandbox/sandbox.go:43.19,44.28 1 0
github.com/maxmcd/bramble/pkg/sandbox/sandbox.go:47.2,47.37 1 0
github.com/maxmcd/bramble/pkg/sandbox/sandbox.go:51.2,51.12 1 0
github.com/maxmcd/bramble/pkg/sandbox/sandbox.go:44.28,46.3 1 0
github.com/maxmcd/bramble/pkg/sandbox/sandbox.go:47.37,50.3 2 0
github.com/maxmcd/bramble/pkg/sandbox/sandbox.go:54.31,55.23 1 0
github.com/maxmcd/bramble/pkg/sandbox/sandbox.go:58.2,59.16 2 0
github.com/maxmcd/bramble/pkg/sandbox/sandbox.go:62.2,62.20 1 0
github.com/maxmcd/bramble/pkg/sandbox/sandbox.go:55.23,57.3 1 0
github.com/maxmcd/bramble/pkg/sandbox/sandbox.go:59.16,61.3 1 0
github.com/maxmcd/bramble/pkg/sandbox/sandbox.go:63.27,64.30 1 0
github.com/maxmcd/bramble/pkg/sandbox/sandbox.go:65.20,66.23 1 0
github.com/maxmcd/bramble/pkg/sandbox/sandbox.go:67.19,69.13 2 0
github.com/maxmcd/bramble/pkg/sandbox/sandbox.go:70.10,71.75 1 0
github.com/maxmcd/bramble/pkg/sandbox/sandbox.go:100.49,103.2 2 0
github.com/maxmcd/bramble/pkg/sandbox/sandbox.go:105.60,107.2 1 0
github.com/maxmcd/bramble/pkg/sandbox/sandbox.go:110.55,111.36 1 0
github.com/maxmcd/bramble/pkg/sandbox/sandbox.go:115.2,116.16 2 0
github.com/maxmcd/bramble/pkg/sandbox/sandbox.go:120.2,121.16 2 0
github.com/maxmcd/bramble/pkg/sandbox/sandbox.go:124.2,136.12 5 0
github.com/maxmcd/bramble/pkg/sandbox/sandbox.go:142.2,142.9 1 0
github.com/maxmcd/bramble/pkg/sandbox/sandbox.go:156.2,156.12 1 0
github.com/maxmcd/bramble/pkg/sandbox/sandbox.go:111.36,113.3 1 0
github.com/maxmcd/bramble/pkg/sandbox/sandbox.go:116.16,118.3 1 0
github.com/maxmcd/bramble/pkg/sandbox/sandbox.go:121.16,123.3 1 0
github.com/maxmcd/bramble/pkg/sandbox/sandbox.go:136.12,137.35 1 0
github.com/maxmcd/bramble/pkg/sandbox/sandbox.go:140.3,140.17 1 0
github.com/maxmcd/bramble/pkg/sandbox/sandbox.go:137.35,139.4 1 0
github.com/maxmcd/bramble/pkg/sandbox/sandbox.go:143.20,144.25 1 0
github.com/maxmcd/bramble/pkg/sandbox/sandbox.go:150.23,151.80 1 0
github.com/maxmcd/bramble/pkg/sandbox/sandbox.go:154.3,154.13 1 0
github.com/maxmcd/bramble/pkg/sandbox/sandbox.go:144.25,145.59 1 0
github.com/maxmcd/bramble/pkg/sandbox/sandbox.go:145.59,147.5 1 0
github.com/maxmcd/bramble/pkg/sandbox/sandbox.go:151.80,153.4 1 0
github.com/maxmcd/bramble/pkg/sandbox/sandbox.go:159.49,161.16 2 0
github.com/maxmcd/bramble/pkg/sandbox/sandbox.go:164.2,164.15 1 0
github.com/maxmcd/bramble/pkg/sandbox/sandbox.go:173.2,174.16 2 0
github.com/maxmcd/bramble/pkg/sandbox/sandbox.go:178.2,182.22 2 0
github.com/maxmcd/bramble/pkg/sandbox/sandbox.go:188.2,207.16 4 0
github.com/maxmcd/bramble/pkg/sandbox/sandbox.go:210.2,210.15 1 0
github.com/maxmcd/bramble/pkg/sandbox/sandbox.go:213.2,213.55 1 0
github.com/maxmcd/bramble/pkg/sandbox/sandbox.go:233.2,234.62 2 0
github.com/maxmcd/bramble/pkg/sandbox/sandbox.go:161.16,163.3 1 0
github.com/maxmcd/bramble/pkg/sandbox/sandbox.go:164.15,166.50 2 0
github.com/maxmcd/bramble/pkg/sandbox/sandbox.go:166.50,168.18 2 0
github.com/maxmcd/bramble/pkg/sandbox/sandbox.go:168.18,170.5 1 0
github.com/maxmcd/bramble/pkg/sandbox/sandbox.go:174.16,176.3 1 0
github.com/maxmcd/bramble/pkg/sandbox/sandbox.go:182.22,184.3 1 0
github.com/maxmcd/bramble/pkg/sandbox/sandbox.go:207.16,209.3 1 0
github.com/maxmcd/bramble/pkg/sandbox/sandbox.go:210.15,210.35 1 0
github.com/maxmcd/bramble/pkg/sandbox/sandbox.go:213.55,217.13 3 0
github.com/maxmcd/bramble/pkg/sandbox/sandbox.go:224.3,226.17 3 0
github.com/maxmcd/bramble/pkg/sandbox/sandbox.go:230.3,230.16 1 0
github.com/maxmcd/bramble/pkg/sandbox/sandbox.go:231.3,231.13 1 0
github.com/maxmcd/bramble/pkg/sandbox/sandbox.go:217.13,218.17 1 0
github.com/maxmcd/bramble/pkg/sandbox/sandbox.go:218.17,219.59 1 0
github.com/maxmcd/bramble/pkg/sandbox/sandbox.go:219.59,221.6 1 0
github.com/maxmcd/bramble/pkg/sandbox/sandbox.go:226.17,228.4 1 0
github.com/maxmcd/bramble/pkg/sandbox/sandbox.go:230.16,230.69 1 0
github.com/maxmcd/bramble/pkg/sandbox/sandbox.go:231.13,231.47 1 0
github.com/maxmcd/bramble/pkg/sandbox/sandbox.go:237.42,243.79 3 0
github.com/maxmcd/bramble/pkg/sandbox/sandbox.go:247.2,248.15 2 0
github.com/maxmcd/bramble/pkg/sandbox/sandbox.go:257.2,258.2 2 0
github.com/maxmcd/bramble/pkg/sandbox/sandbox.go:272.2,272.35 1 0
github.com/maxmcd/bramble/pkg/sandbox/sandbox.go:276.2,277.16 2 0
github.com/maxmcd/bramble/pkg/sandbox/sandbox.go:281.2,291.18 9 0
github.com/maxmcd/bramble/pkg/sandbox/sandbox.go:243.79,245.3 1 0
github.com/maxmcd/bramble/pkg/sandbox/sandbox.go:248.15,249.37 1 0
github.com/maxmcd/bramble/pkg/sandbox/sandbox.go:249.37,250.18 1 0
github.com/maxmcd/bramble/pkg/sandbox/sandbox.go:250.18,252.5 1 0
github.com/maxmcd/bramble/pkg/sandbox/sandbox.go:252.10,254.5 1 0
github.com/maxmcd/bramble/pkg/sandbox/sandbox.go:258.2,261.17 2 0
github.com/maxmcd/bramble/pkg/sandbox/sandbox.go:264.3,264.95 1 0
github.com/maxmcd/bramble/pkg/sandbox/sandbox.go:267.3,267.79 1 0
github.com/maxmcd/bramble/pkg/sandbox/sandbox.go:261.17,263.4 1 0
github.com/maxmcd/bramble/pkg/sandbox/sandbox.go:264.95,266.4 1 0
github.com/maxmcd/bramble/pkg/sandbox/sandbox.go:267.79,269.4 1 0
github.com/maxmcd/bramble/pkg/sandbox/sandbox.go:272.35,274.3 1 0
github.com/maxmcd/bramble/pkg/sandbox/sandbox.go:277.16,279.3 1 0
github.com/maxmcd/bramble/pkg/sandbox/sandbox.go:294.24,297.12 3 0
github.com/maxmcd/bramble/pkg/sandbox/sandbox.go:297.12,298.7 1 0
github.com/maxmcd/bramble/pkg/sandbox/sandbox.go:298.7,300.4 1 0
github.com/maxmcd/bramble/pkg/sandbox/sandbox.go:304.41,308.12 4 0
github.com/maxmcd/bramble/pkg/sandbox/sandbox.go:312.2,312.12 1 0
github.com/maxmcd/bramble/pkg/sandbox/sandbox.go:308.12,311.3 2 0
github.com/maxmcd/bramble/pkg/sandbox/sandbox.go:315.32,328.34 2 0
github.com/maxmcd/bramble/pkg/sandbox/sandbox.go:328.34,331.3 2 0
github.com/maxmcd/bramble/pkg/starutil/errors.go:18.44,20.2 1 0
github.com/maxmcd/bramble/pkg/starutil/errors.go:24.41,26.2 1 0
github.com/maxmcd/bramble/pkg/starutil/errors.go:28.38,30.60 2 0
github.com/maxmcd/bramble/pkg/starutil/errors.go:40.2,41.20 2 0
github.com/maxmcd/bramble/pkg/starutil/errors.go:30.60,31.84 1 0
github.com/maxmcd/bramble/pkg/starutil/errors.go:34.3,38.21 4 0
github.com/maxmcd/bramble/pkg/starutil/errors.go:31.84,33.4 1 0
github.com/maxmcd/bramble/pkg/starutil/errors.go:44.55,48.27 3 0
github.com/maxmcd/bramble/pkg/starutil/errors.go:53.2,53.21 1 0
github.com/maxmcd/bramble/pkg/starutil/errors.go:48.27,52.3 3 0
github.com/maxmcd/bramble/pkg/starutil/errors.go:56.55,58.16 2 0
github.com/maxmcd/bramble/pkg/starutil/errors.go:61.2,61.15 1 0
github.com/maxmcd/bramble/pkg/starutil/errors.go:62.2,64.6 3 0
github.com/maxmcd/bramble/pkg/starutil/errors.go:58.16,60.3 1 0
github.com/maxmcd/bramble/pkg/starutil/errors.go:61.15,61.32 1 0
github.com/maxmcd/bramble/pkg/starutil/errors.go:64.6,66.17 2 0
github.com/maxmcd/bramble/pkg/starutil/errors.go:69.3,69.26 1 0
github.com/maxmcd/bramble/pkg/starutil/errors.go:72.3,72.10 1 0
github.com/maxmcd/bramble/pkg/starutil/errors.go:66.17,68.4 1 0
github.com/maxmcd/bramble/pkg/starutil/errors.go:69.26,71.4 1 0
github.com/maxmcd/bramble/pkg/store/store.go:23.32,26.2 2 1
github.com/maxmcd/bramble/pkg/store/store.go:33.31,35.2 1 1
github.com/maxmcd/bramble/pkg/store/store.go:37.54,39.16 2 1
github.com/maxmcd/bramble/pkg/store/store.go:42.2,42.41 1 1
github.com/maxmcd/bramble/pkg/store/store.go:39.16,41.3 1 0
github.com/maxmcd/bramble/pkg/store/store.go:45.59,47.2 1 0
github.com/maxmcd/bramble/pkg/store/store.go:49.46,54.13 3 1
github.com/maxmcd/bramble/pkg/store/store.go:67.2,67.36 1 1
github.com/maxmcd/bramble/pkg/store/store.go:71.2,71.41 1 1
github.com/maxmcd/bramble/pkg/store/store.go:78.2,79.2 2 1
github.com/maxmcd/bramble/pkg/store/store.go:98.2,99.106 2 1
github.com/maxmcd/bramble/pkg/store/store.go:103.2,107.36 2 1
github.com/maxmcd/bramble/pkg/store/store.go:116.2,134.33 2 1
github.com/maxmcd/bramble/pkg/store/store.go:143.2,143.47 1 1
github.com/maxmcd/bramble/pkg/store/store.go:147.2,147.8 1 1
github.com/maxmcd/bramble/pkg/store/store.go:54.13,57.17 3 0
github.com/maxmcd/bramble/pkg/store/store.go:60.3,60.49 1 0
github.com/maxmcd/bramble/pkg/store/store.go:57.17,59.4 1 0
github.com/maxmcd/bramble/pkg/store/store.go:61.8,64.3 1 1
github.com/maxmcd/bramble/pkg/store/store.go:67.36,69.3 1 0
github.com/maxmcd/bramble/pkg/store/store.go:71.41,73.54 2 0
github.com/maxmcd/bramble/pkg/store/store.go:73.54,75.4 1 0
github.com/maxmcd/bramble/pkg/store/store.go:79.2,82.17 2 1
github.com/maxmcd/bramble/pkg/store/store.go:85.3,85.30 1 1
github.com/maxmcd/bramble/pkg/store/store.go:90.3,91.21 2 1
github.com/maxmcd/bramble/pkg/store/store.go:82.17,84.4 1 0
github.com/maxmcd/bramble/pkg/store/store.go:85.30,87.4 1 1
github.com/maxmcd/bramble/pkg/store/store.go:91.21,92.31 1 1
github.com/maxmcd/bramble/pkg/store/store.go:92.31,94.5 1 1
github.com/maxmcd/bramble/pkg/store/store.go:99.106,101.3 1 0
github.com/maxmcd/bramble/pkg/store/store.go:107.36,108.55 1 1
github.com/maxmcd/bramble/pkg/store/store.go:111.3,111.87 1 1
github.com/maxmcd/bramble/pkg/store/store.go:108.55,110.4 1 0
github.com/maxmcd/bramble/pkg/store/store.go:111.87,113.4 1 0
github.com/maxmcd/bramble/pkg/store/store.go:134.33,135.36 1 1
github.com/maxmcd/bramble/pkg/store/store.go:135.36,136.67 1 1
github.com/maxmcd/bramble/pkg/store/store.go:136.67,138.5 1 0
github.com/maxmcd/bramble/pkg/store/store.go:143.47,145.3 1 0
github.com/maxmcd/bramble/pkg/store/store.go:150.50,152.2 1 1
github.com/maxmcd/bramble/pkg/store/store.go:153.52,155.2 1 1
github.com/maxmcd/bramble/pkg/store/store.go:157.115,160.16 3 1
github.com/maxmcd/bramble/pkg/store/store.go:164.2,165.45 2 1
github.com/maxmcd/bramble/pkg/store/store.go:169.2,170.60 2 1
github.com/maxmcd/bramble/pkg/store/store.go:173.2,173.16 1 1
github.com/maxmcd/bramble/pkg/store/store.go:176.2,177.36 2 1
github.com/maxmcd/bramble/pkg/store/store.go:180.2,180.51 1 1
github.com/maxmcd/bramble/pkg/store/store.go:183.2,183.44 1 1
github.com/maxmcd/bramble/pkg/store/store.go:187.2,187.36 1 1
github.com/maxmcd/bramble/pkg/store/store.go:160.16,163.3 2 0
github.com/maxmcd/bramble/pkg/store/store.go:165.45,168.3 2 0
github.com/maxmcd/bramble/pkg/store/store.go:170.60,172.3 1 0
github.com/maxmcd/bramble/pkg/store/store.go:173.16,175.3 1 1
github.com/maxmcd/bramble/pkg/store/store.go:177.36,179.3 1 0
github.com/maxmcd/bramble/pkg/store/store.go:180.51,182.3 1 0
github.com/maxmcd/bramble/pkg/store/store.go:183.44,185.3 1 0
github.com/maxmcd/bramble/pkg/store/store.go:190.61,192.55 2 1
github.com/maxmcd/bramble/pkg/store/store.go:195.2,198.69 4 1
github.com/maxmcd/bramble/pkg/store/store.go:192.55,194.3 1 0
github.com/maxmcd/bramble/pkg/store/store.go:201.113,207.21 2 1
github.com/maxmcd/bramble/pkg/store/store.go:214.2,218.35 4 1
github.com/maxmcd/bramble/pkg/store/store.go:221.2,222.32 2 1
github.com/maxmcd/bramble/pkg/store/store.go:207.21,212.3 1 0
github.com/maxmcd/bramble/pkg/store/store.go:218.35,220.3 1 0
github.com/maxmcd/bramble/pkg/bramble/config.go:20.58,21.39 1 1
github.com/maxmcd/bramble/pkg/bramble/config.go:24.2,24.6 1 1
github.com/maxmcd/bramble/pkg/bramble/config.go:21.39,23.3 1 1
github.com/maxmcd/bramble/pkg/bramble/config.go:24.6,25.61 1 1
github.com/maxmcd/bramble/pkg/bramble/config.go:28.3,29.36 2 0
github.com/maxmcd/bramble/pkg/bramble/config.go:32.3,32.31 1 0
github.com/maxmcd/bramble/pkg/bramble/config.go:25.61,27.4 1 1
github.com/maxmcd/bramble/pkg/bramble/config.go:29.36,31.4 1 0
github.com/maxmcd/bramble/pkg/bramble/config.go:36.59,40.16 4 1
github.com/maxmcd/bramble/pkg/bramble/config.go:43.2,44.58 2 1
github.com/maxmcd/bramble/pkg/bramble/config.go:47.2,48.36 2 1
github.com/maxmcd/bramble/pkg/bramble/config.go:51.2,52.16 2 1
github.com/maxmcd/bramble/pkg/bramble/config.go:55.2,57.66 3 1
github.com/maxmcd/bramble/pkg/bramble/config.go:40.16,42.3 1 0
github.com/maxmcd/bramble/pkg/bramble/config.go:44.58,46.3 1 0
github.com/maxmcd/bramble/pkg/bramble/config.go:48.36,50.3 1 1
github.com/maxmcd/bramble/pkg/bramble/config.go:52.16,54.3 1 0
github.com/maxmcd/bramble/pkg/bramble/config.go:64.53,66.2 1 1
github.com/maxmcd/bramble/pkg/bramble/config.go:68.70,74.16 4 1
github.com/maxmcd/bramble/pkg/bramble/config.go:77.2,77.15 1 1
github.com/maxmcd/bramble/pkg/bramble/config.go:79.2,82.52 2 1
github.com/maxmcd/bramble/pkg/bramble/config.go:85.2,87.49 3 1
github.com/maxmcd/bramble/pkg/bramble/config.go:90.2,92.39 2 1
github.com/maxmcd/bramble/pkg/bramble/config.go:74.16,76.3 1 0
github.com/maxmcd/bramble/pkg/bramble/config.go:77.15,77.32 1 1
github.com/maxmcd/bramble/pkg/bramble/config.go:82.52,84.3 1 0
github.com/maxmcd/bramble/pkg/bramble/config.go:87.49,89.3 1 0
github.com/maxmcd/bramble/pkg/bramble/data_structures.go:15.61,17.9 2 1
github.com/maxmcd/bramble/pkg/bramble/data_structures.go:20.2,20.24 1 1
github.com/maxmcd/bramble/pkg/bramble/data_structures.go:17.9,19.3 1 1
github.com/maxmcd/bramble/pkg/bramble/data_structures.go:23.53,25.2 1 0
github.com/maxmcd/bramble/pkg/bramble/data_structures.go:26.67,28.2 1 1
github.com/maxmcd/bramble/pkg/bramble/data_structures.go:32.80,33.49 1 0
github.com/maxmcd/bramble/pkg/bramble/data_structures.go:33.49,35.3 1 0
github.com/maxmcd/bramble/pkg/bramble/data_structures.go:48.38,50.2 1 1
github.com/maxmcd/bramble/pkg/bramble/data_structures.go:52.35,55.2 2 1
github.com/maxmcd/bramble/pkg/bramble/data_structures.go:57.57,58.22 1 1
github.com/maxmcd/bramble/pkg/bramble/data_structures.go:61.2,61.22 1 1
github.com/maxmcd/bramble/pkg/bramble/data_structures.go:64.2,65.35 2 1
github.com/maxmcd/bramble/pkg/bramble/data_structures.go:75.2,76.21 2 1
github.com/maxmcd/bramble/pkg/bramble/data_structures.go:84.2,84.12 1 1
github.com/maxmcd/bramble/pkg/bramble/data_structures.go:58.22,60.3 1 0
github.com/maxmcd/bramble/pkg/bramble/data_structures.go:61.22,63.3 1 1
github.com/maxmcd/bramble/pkg/bramble/data_structures.go:65.35,67.43 1 1
github.com/maxmcd/bramble/pkg/bramble/data_structures.go:70.3,70.38 1 1
github.com/maxmcd/bramble/pkg/bramble/data_structures.go:67.43,69.4 1 1
github.com/maxmcd/bramble/pkg/bramble/data_structures.go:70.38,72.4 1 1
github.com/maxmcd/bramble/pkg/bramble/data_structures.go:76.21,78.30 2 1
github.com/maxmcd/bramble/pkg/bramble/data_structures.go:78.30,79.27 1 1
github.com/maxmcd/bramble/pkg/bramble/data_structures.go:79.27,81.5 1 1
github.com/maxmcd/bramble/pkg/bramble/data_structures.go:87.47,89.33 2 1
github.com/maxmcd/bramble/pkg/bramble/data_structures.go:94.2,94.14 1 1
github.com/maxmcd/bramble/pkg/bramble/data_structures.go:89.33,90.30 1 1
github.com/maxmcd/bramble/pkg/bramble/data_structures.go:90.30,92.4 1 1
github.com/maxmcd/bramble/pkg/bramble/data_structures.go:104.36,109.2 1 1
github.com/maxmcd/bramble/pkg/bramble/data_structures.go:111.42,116.2 4 1
github.com/maxmcd/bramble/pkg/bramble/data_structures.go:118.62,123.2 4 0
github.com/maxmcd/bramble/pkg/bramble/data_structures.go:125.49,130.2 4 0
github.com/maxmcd/bramble/pkg/bramble/data_structures.go:132.69,137.2 4 0
github.com/maxmcd/bramble/pkg/bramble/files_builtin.go:23.45,23.46 0 0
github.com/maxmcd/bramble/pkg/bramble/files_builtin.go:24.44,24.93 1 0
github.com/maxmcd/bramble/pkg/bramble/files_builtin.go:25.44,25.85 1 0
github.com/maxmcd/bramble/pkg/bramble/files_builtin.go:26.44,26.66 1 0
github.com/maxmcd/bramble/pkg/bramble/files_builtin.go:27.44,27.59 1 0
github.com/maxmcd/bramble/pkg/bramble/files_builtin.go:29.138,32.54 3 1
github.com/maxmcd/bramble/pkg/bramble/files_builtin.go:62.2,62.17 1 1
github.com/maxmcd/bramble/pkg/bramble/files_builtin.go:32.54,34.10 2 1
github.com/maxmcd/bramble/pkg/bramble/files_builtin.go:37.3,39.31 2 1
github.com/maxmcd/bramble/pkg/bramble/files_builtin.go:43.3,45.55 3 1
github.com/maxmcd/bramble/pkg/bramble/files_builtin.go:48.3,51.43 1 1
github.com/maxmcd/bramble/pkg/bramble/files_builtin.go:34.10,36.4 1 0
github.com/maxmcd/bramble/pkg/bramble/files_builtin.go:39.31,41.4 1 0
github.com/maxmcd/bramble/pkg/bramble/files_builtin.go:45.55,47.4 1 0
github.com/maxmcd/bramble/pkg/bramble/files_builtin.go:51.43,53.47 1 1
github.com/maxmcd/bramble/pkg/bramble/files_builtin.go:56.5,57.15 2 1
github.com/maxmcd/bramble/pkg/bramble/files_builtin.go:53.47,55.6 1 0
github.com/maxmcd/bramble/pkg/bramble/files_builtin.go:58.19,60.4 1 0
github.com/maxmcd/bramble/pkg/bramble/files_builtin.go:64.157,77.16 2 1
github.com/maxmcd/bramble/pkg/bramble/files_builtin.go:82.2,86.16 4 1
github.com/maxmcd/bramble/pkg/bramble/files_builtin.go:89.2,90.20 2 1
github.com/maxmcd/bramble/pkg/bramble/files_builtin.go:96.2,99.25 2 1
github.com/maxmcd/bramble/pkg/bramble/files_builtin.go:104.2,104.39 1 1
github.com/maxmcd/bramble/pkg/bramble/files_builtin.go:108.2,108.16 1 1
github.com/maxmcd/bramble/pkg/bramble/files_builtin.go:77.16,79.3 1 0
github.com/maxmcd/bramble/pkg/bramble/files_builtin.go:86.16,88.3 1 0
github.com/maxmcd/bramble/pkg/bramble/files_builtin.go:90.20,91.107 1 0
github.com/maxmcd/bramble/pkg/bramble/files_builtin.go:91.107,93.4 1 0
github.com/maxmcd/bramble/pkg/bramble/files_builtin.go:99.25,100.37 1 1
github.com/maxmcd/bramble/pkg/bramble/files_builtin.go:100.37,102.4 1 1
github.com/maxmcd/bramble/pkg/bramble/files_builtin.go:104.39,106.3 1 0
github.com/maxmcd/bramble/pkg/cmd/reptar/main.go:13.13,14.37 1 0
github.com/maxmcd/bramble/pkg/cmd/reptar/main.go:14.37,17.3 2 0
github.com/maxmcd/bramble/pkg/cmd/reptar/main.go:20.31,21.19 1 0
github.com/maxmcd/bramble/pkg/cmd/reptar/main.go:25.2,27.9 2 0
github.com/maxmcd/bramble/pkg/cmd/reptar/main.go:36.2,37.16 2 0
github.com/maxmcd/bramble/pkg/cmd/reptar/main.go:40.2,42.23 2 0
github.com/maxmcd/bramble/pkg/cmd/reptar/main.go:21.19,23.3 1 0
github.com/maxmcd/bramble/pkg/cmd/reptar/main.go:28.42,29.21 1 0
github.com/maxmcd/bramble/pkg/cmd/reptar/main.go:30.45,31.25 1 0
github.com/maxmcd/bramble/pkg/cmd/reptar/main.go:32.10,33.64 1 0
github.com/maxmcd/bramble/pkg/cmd/reptar/main.go:37.16,39.3 1 0
github.com/maxmcd/bramble/pkg/bramble/cli.go:23.76,43.62 2 0
github.com/maxmcd/bramble/pkg/bramble/cli.go:46.2,51.62 1 0
github.com/maxmcd/bramble/pkg/bramble/cli.go:54.2,58.62 1 0
github.com/maxmcd/bramble/pkg/bramble/cli.go:61.2,71.56 1 0
github.com/maxmcd/bramble/pkg/bramble/cli.go:76.2,81.56 1 0
github.com/maxmcd/bramble/pkg/bramble/cli.go:86.2,90.63 1 0
github.com/maxmcd/bramble/pkg/bramble/cli.go:94.2,97.62 1 0
github.com/maxmcd/bramble/pkg/bramble/cli.go:99.2,104.63 1 0
github.com/maxmcd/bramble/pkg/bramble/cli.go:107.2,112.56 1 0
github.com/maxmcd/bramble/pkg/bramble/cli.go:122.2,123.35 2 0
github.com/maxmcd/bramble/pkg/bramble/cli.go:131.2,133.41 2 0
github.com/maxmcd/bramble/pkg/bramble/cli.go:137.2,137.18 1 0
github.com/maxmcd/bramble/pkg/bramble/cli.go:43.62,43.109 2 0
github.com/maxmcd/bramble/pkg/bramble/cli.go:51.62,51.106 2 0
github.com/maxmcd/bramble/pkg/bramble/cli.go:58.62,58.85 1 0
github.com/maxmcd/bramble/pkg/bramble/cli.go:71.56,73.4 1 0
github.com/maxmcd/bramble/pkg/bramble/cli.go:81.56,83.4 1 0
github.com/maxmcd/bramble/pkg/bramble/cli.go:90.63,90.86 1 0
github.com/maxmcd/bramble/pkg/bramble/cli.go:97.62,97.96 1 0
github.com/maxmcd/bramble/pkg/bramble/cli.go:104.63,104.86 1 0
github.com/maxmcd/bramble/pkg/bramble/cli.go:112.56,113.16 1 0
github.com/maxmcd/bramble/pkg/bramble/cli.go:117.4,117.23 1 0
github.com/maxmcd/bramble/pkg/bramble/cli.go:113.16,116.5 2 0
github.com/maxmcd/bramble/pkg/bramble/cli.go:123.35,124.37 1 0
github.com/maxmcd/bramble/pkg/bramble/cli.go:124.37,129.4 3 0
github.com/maxmcd/bramble/pkg/bramble/cli.go:133.41,135.3 1 0
github.com/maxmcd/bramble/pkg/bramble/cli.go:141.15,146.31 4 0
github.com/maxmcd/bramble/pkg/bramble/cli.go:157.2,158.16 2 0
github.com/maxmcd/bramble/pkg/bramble/cli.go:162.2,162.58 1 0
github.com/maxmcd/bramble/pkg/bramble/cli.go:146.31,147.22 1 0
github.com/maxmcd/bramble/pkg/bramble/cli.go:150.3,150.26 1 0
github.com/maxmcd/bramble/pkg/bramble/cli.go:153.3,154.13 2 0
github.com/maxmcd/bramble/pkg/bramble/cli.go:147.22,149.4 1 0
github.com/maxmcd/bramble/pkg/bramble/cli.go:150.26,152.4 1 0
github.com/maxmcd/bramble/pkg/bramble/cli.go:158.16,160.3 1 0
github.com/maxmcd/bramble/pkg/bramble/cli.go:162.58,164.3 1 0
github.com/maxmcd/bramble/pkg/bramble/cli.go:167.48,171.24 3 0
github.com/maxmcd/bramble/pkg/bramble/cli.go:176.2,178.22 2 0
github.com/maxmcd/bramble/pkg/bramble/cli.go:182.2,182.28 1 0
github.com/maxmcd/bramble/pkg/bramble/cli.go:192.2,192.31 1 0
github.com/maxmcd/bramble/pkg/bramble/cli.go:202.2,202.38 1 0
github.com/maxmcd/bramble/pkg/bramble/cli.go:171.24,173.3 1 0
github.com/maxmcd/bramble/pkg/bramble/cli.go:173.8,175.3 1 0
github.com/maxmcd/bramble/pkg/bramble/cli.go:178.22,180.3 1 0
github.com/maxmcd/bramble/pkg/bramble/cli.go:182.28,185.44 3 0
github.com/maxmcd/bramble/pkg/bramble/cli.go:188.3,189.24 2 0
github.com/maxmcd/bramble/pkg/bramble/cli.go:185.44,187.4 1 0
github.com/maxmcd/bramble/pkg/bramble/cli.go:192.31,195.41 3 0
github.com/maxmcd/bramble/pkg/bramble/cli.go:198.3,199.24 2 0
github.com/maxmcd/bramble/pkg/bramble/cli.go:195.41,197.4 1 0
github.com/maxmcd/bramble/pkg/bramble/cli.go:204.43,205.31 1 0
github.com/maxmcd/bramble/pkg/bramble/cli.go:206.2,206.10 1 0
github.com/maxmcd/bramble/pkg/bramble/cli.go:205.31,205.38 1 0
github.com/maxmcd/bramble/pkg/bramble/derivation.go:57.54,57.55 0 0
github.com/maxmcd/bramble/pkg/bramble/derivation.go:58.53,58.99 1 0
github.com/maxmcd/bramble/pkg/bramble/derivation.go:59.53,59.74 1 1
github.com/maxmcd/bramble/pkg/bramble/derivation.go:60.53,60.96 1 1
github.com/maxmcd/bramble/pkg/bramble/derivation.go:61.53,61.68 1 0
github.com/maxmcd/bramble/pkg/bramble/derivation.go:62.53,62.72 1 0
github.com/maxmcd/bramble/pkg/bramble/derivation.go:66.66,71.2 2 1
github.com/maxmcd/bramble/pkg/bramble/derivation.go:73.47,74.34 1 1
github.com/maxmcd/bramble/pkg/bramble/derivation.go:79.2,79.54 1 1
github.com/maxmcd/bramble/pkg/bramble/derivation.go:74.34,78.3 1 0
github.com/maxmcd/bramble/pkg/bramble/derivation.go:82.144,89.24 4 1
github.com/maxmcd/bramble/pkg/bramble/derivation.go:93.2,95.16 3 1
github.com/maxmcd/bramble/pkg/bramble/derivation.go:99.2,99.15 1 1
github.com/maxmcd/bramble/pkg/bramble/derivation.go:105.2,105.75 1 1
github.com/maxmcd/bramble/pkg/bramble/derivation.go:110.2,111.17 2 1
github.com/maxmcd/bramble/pkg/bramble/derivation.go:89.24,91.3 1 0
github.com/maxmcd/bramble/pkg/bramble/derivation.go:95.16,97.3 1 0
github.com/maxmcd/bramble/pkg/bramble/derivation.go:99.15,102.3 1 1
github.com/maxmcd/bramble/pkg/bramble/derivation.go:105.75,107.3 1 0
github.com/maxmcd/bramble/pkg/bramble/derivation.go:114.148,138.16 5 1
github.com/maxmcd/bramble/pkg/bramble/derivation.go:142.2,144.22 2 1
github.com/maxmcd/bramble/pkg/bramble/derivation.go:149.2,151.16 2 1
github.com/maxmcd/bramble/pkg/bramble/derivation.go:157.2,157.20 1 1
github.com/maxmcd/bramble/pkg/bramble/derivation.go:166.2,170.17 3 1
github.com/maxmcd/bramble/pkg/bramble/derivation.go:138.16,140.3 1 0
github.com/maxmcd/bramble/pkg/bramble/derivation.go:144.22,145.71 1 1
github.com/maxmcd/bramble/pkg/bramble/derivation.go:145.71,147.4 1 0
github.com/maxmcd/bramble/pkg/bramble/derivation.go:151.16,152.65 1 1
github.com/maxmcd/bramble/pkg/bramble/derivation.go:152.65,154.4 1 0
github.com/maxmcd/bramble/pkg/bramble/derivation.go:157.20,159.17 2 1
github.com/maxmcd/bramble/pkg/bramble/derivation.go:162.3,163.32 2 1
github.com/maxmcd/bramble/pkg/bramble/derivation.go:159.17,161.4 1 0
github.com/maxmcd/bramble/pkg/bramble/derivation.go:221.30,222.46 1 0
github.com/maxmcd/bramble/pkg/bramble/derivation.go:225.2,225.14 1 0
github.com/maxmcd/bramble/pkg/bramble/derivation.go:222.46,224.3 1 0
github.com/maxmcd/bramble/pkg/bramble/derivation.go:236.52,238.2 1 0
github.com/maxmcd/bramble/pkg/bramble/derivation.go:242.45,242.64 1 1
github.com/maxmcd/bramble/pkg/bramble/derivation.go:243.45,243.80 1 1
github.com/maxmcd/bramble/pkg/bramble/derivation.go:244.50,246.2 1 1
github.com/maxmcd/bramble/pkg/bramble/derivation.go:248.68,250.39 2 1
github.com/maxmcd/bramble/pkg/bramble/derivation.go:253.2,253.8 1 1
github.com/maxmcd/bramble/pkg/bramble/derivation.go:250.39,252.3 1 1
github.com/maxmcd/bramble/pkg/bramble/derivation.go:256.77,258.25 1 1
github.com/maxmcd/bramble/pkg/bramble/derivation.go:261.2,261.19 1 1
github.com/maxmcd/bramble/pkg/bramble/derivation.go:266.2,267.32 2 1
github.com/maxmcd/bramble/pkg/bramble/derivation.go:274.2,274.18 1 1
github.com/maxmcd/bramble/pkg/bramble/derivation.go:258.25,260.3 1 1
github.com/maxmcd/bramble/pkg/bramble/derivation.go:261.19,263.3 1 1
github.com/maxmcd/bramble/pkg/bramble/derivation.go:267.32,268.23 1 1
github.com/maxmcd/bramble/pkg/bramble/derivation.go:271.3,272.18 2 1
github.com/maxmcd/bramble/pkg/bramble/derivation.go:268.23,269.12 1 1
github.com/maxmcd/bramble/pkg/bramble/derivation.go:282.48,282.49 0 0
github.com/maxmcd/bramble/pkg/bramble/derivation.go:283.47,283.90 1 0
github.com/maxmcd/bramble/pkg/bramble/derivation.go:284.47,284.71 1 0
github.com/maxmcd/bramble/pkg/bramble/derivation.go:285.47,285.70 1 1
github.com/maxmcd/bramble/pkg/bramble/derivation.go:287.40,289.2 1 1
github.com/maxmcd/bramble/pkg/bramble/derivation.go:291.74,292.26 1 1
github.com/maxmcd/bramble/pkg/bramble/derivation.go:295.2,297.8 1 1
github.com/maxmcd/bramble/pkg/bramble/derivation.go:292.26,294.3 1 0
github.com/maxmcd/bramble/pkg/bramble/derivation.go:300.51,302.2 1 0
github.com/maxmcd/bramble/pkg/bramble/derivation.go:304.45,305.27 1 1
github.com/maxmcd/bramble/pkg/bramble/derivation.go:308.2,308.32 1 1
github.com/maxmcd/bramble/pkg/bramble/derivation.go:313.2,313.14 1 1
github.com/maxmcd/bramble/pkg/bramble/derivation.go:305.27,307.3 1 1
github.com/maxmcd/bramble/pkg/bramble/derivation.go:308.32,309.19 1 1
github.com/maxmcd/bramble/pkg/bramble/derivation.go:309.19,311.4 1 0
github.com/maxmcd/bramble/pkg/bramble/derivation.go:316.52,317.36 1 1
github.com/maxmcd/bramble/pkg/bramble/derivation.go:322.2,322.14 1 0
github.com/maxmcd/bramble/pkg/bramble/derivation.go:317.36,318.16 1 1
github.com/maxmcd/bramble/pkg/bramble/derivation.go:318.16,320.4 1 1
github.com/maxmcd/bramble/pkg/bramble/derivation.go:325.51,326.36 1 1
github.com/maxmcd/bramble/pkg/bramble/derivation.go:333.2,333.17 1 1
github.com/maxmcd/bramble/pkg/bramble/derivation.go:326.36,327.16 1 1
github.com/maxmcd/bramble/pkg/bramble/derivation.go:327.16,328.28 1 1
github.com/maxmcd/bramble/pkg/bramble/derivation.go:328.28,330.5 1 1
github.com/maxmcd/bramble/pkg/bramble/derivation.go:336.57,337.37 1 1
github.com/maxmcd/bramble/pkg/bramble/derivation.go:348.2,348.50 1 0
github.com/maxmcd/bramble/pkg/bramble/derivation.go:337.37,338.17 1 1
github.com/maxmcd/bramble/pkg/bramble/derivation.go:338.17,340.30 1 1
github.com/maxmcd/bramble/pkg/bramble/derivation.go:343.4,344.10 2 1
github.com/maxmcd/bramble/pkg/bramble/derivation.go:340.30,342.5 1 1
github.com/maxmcd/bramble/pkg/bramble/derivation.go:351.61,353.35 2 1
github.com/maxmcd/bramble/pkg/bramble/derivation.go:356.2,357.65 2 1
github.com/maxmcd/bramble/pkg/bramble/derivation.go:353.35,355.3 1 1
github.com/maxmcd/bramble/pkg/bramble/derivation.go:360.44,361.75 1 1
github.com/maxmcd/bramble/pkg/bramble/derivation.go:364.2,364.27 1 1
github.com/maxmcd/bramble/pkg/bramble/derivation.go:361.75,363.3 1 1
github.com/maxmcd/bramble/pkg/bramble/derivation.go:367.45,368.28 1 1
github.com/maxmcd/bramble/pkg/bramble/derivation.go:371.2,371.8 1 1
github.com/maxmcd/bramble/pkg/bramble/derivation.go:368.28,370.3 1 1
github.com/maxmcd/bramble/pkg/bramble/derivation.go:374.44,378.2 3 1
github.com/maxmcd/bramble/pkg/bramble/derivation.go:382.58,384.2 1 1
github.com/maxmcd/bramble/pkg/bramble/derivation.go:386.76,389.81 3 1
github.com/maxmcd/bramble/pkg/bramble/derivation.go:399.2,399.43 1 1
github.com/maxmcd/bramble/pkg/bramble/derivation.go:389.81,392.52 1 1
github.com/maxmcd/bramble/pkg/bramble/derivation.go:392.52,397.4 1 1
github.com/maxmcd/bramble/pkg/bramble/derivation.go:402.72,404.2 1 0
github.com/maxmcd/bramble/pkg/bramble/derivation.go:406.55,407.24 1 1
github.com/maxmcd/bramble/pkg/bramble/derivation.go:410.2,410.23 1 1
github.com/maxmcd/bramble/pkg/bramble/derivation.go:413.2,413.31 1 1
github.com/maxmcd/bramble/pkg/bramble/derivation.go:416.2,416.27 1 1
github.com/maxmcd/bramble/pkg/bramble/derivation.go:419.2,419.31 1 1
github.com/maxmcd/bramble/pkg/bramble/derivation.go:422.2,422.36 1 1
github.com/maxmcd/bramble/pkg/bramble/derivation.go:407.24,409.3 1 1
github.com/maxmcd/bramble/pkg/bramble/derivation.go:410.23,412.3 1 0
github.com/maxmcd/bramble/pkg/bramble/derivation.go:413.31,415.3 1 0
github.com/maxmcd/bramble/pkg/bramble/derivation.go:416.27,418.3 1 1
github.com/maxmcd/bramble/pkg/bramble/derivation.go:419.31,421.3 1 1
github.com/maxmcd/bramble/pkg/bramble/derivation.go:422.36,424.3 1 1
github.com/maxmcd/bramble/pkg/bramble/derivation.go:427.38,430.16 3 1
github.com/maxmcd/bramble/pkg/bramble/derivation.go:433.2,433.10 1 1
github.com/maxmcd/bramble/pkg/bramble/derivation.go:430.16,431.13 1 0
github.com/maxmcd/bramble/pkg/bramble/derivation.go:436.53,445.16 7 1
github.com/maxmcd/bramble/pkg/bramble/derivation.go:448.2,448.8 1 1
github.com/maxmcd/bramble/pkg/bramble/derivation.go:445.16,446.13 1 0
github.com/maxmcd/bramble/pkg/reptar/reptar.go:32.57,39.86 2 1
github.com/maxmcd/bramble/pkg/reptar/reptar.go:103.2,103.19 1 1
github.com/maxmcd/bramble/pkg/reptar/reptar.go:39.86,40.17 1 1
github.com/maxmcd/bramble/pkg/reptar/reptar.go:43.3,44.20 2 1
github.com/maxmcd/bramble/pkg/reptar/reptar.go:53.3,53.17 1 1
github.com/maxmcd/bramble/pkg/reptar/reptar.go:56.3,57.17 2 1
github.com/maxmcd/bramble/pkg/reptar/reptar.go:64.3,80.44 10 1
github.com/maxmcd/bramble/pkg/reptar/reptar.go:84.3,84.17 1 1
github.com/maxmcd/bramble/pkg/reptar/reptar.go:87.3,87.34 1 1
github.com/maxmcd/bramble/pkg/reptar/reptar.go:99.3,99.13 1 1
github.com/maxmcd/bramble/pkg/reptar/reptar.go:40.17,42.4 1 0
github.com/maxmcd/bramble/pkg/reptar/reptar.go:44.20,47.18 3 1
github.com/maxmcd/bramble/pkg/reptar/reptar.go:47.18,49.5 1 0
github.com/maxmcd/bramble/pkg/reptar/reptar.go:53.17,55.4 1 1
github.com/maxmcd/bramble/pkg/reptar/reptar.go:57.17,59.4 1 0
github.com/maxmcd/bramble/pkg/reptar/reptar.go:80.44,82.4 1 0
github.com/maxmcd/bramble/pkg/reptar/reptar.go:84.17,86.4 1 1
github.com/maxmcd/bramble/pkg/reptar/reptar.go:87.34,90.18 3 1
github.com/maxmcd/bramble/pkg/reptar/reptar.go:93.4,94.18 2 1
github.com/maxmcd/bramble/pkg/reptar/reptar.go:97.4,97.20 1 1
github.com/maxmcd/bramble/pkg/reptar/reptar.go:90.18,92.5 1 0
github.com/maxmcd/bramble/pkg/reptar/reptar.go:94.18,96.5 1 0
github.com/maxmcd/bramble/pkg/reptar/reptar.go:100.17,102.3 1 0
github.com/maxmcd/bramble/pkg/reptar/reptar.go:108.61,112.2 3 0
github.com/maxmcd/bramble/pkg/reptar/reptar.go:114.37,116.2 1 1
github.com/maxmcd/bramble/pkg/fileutil/fileutil.go:20.50,22.21 2 1
github.com/maxmcd/bramble/pkg/fileutil/fileutil.go:26.2,29.30 3 1
github.com/maxmcd/bramble/pkg/fileutil/fileutil.go:42.2,42.35 1 1
github.com/maxmcd/bramble/pkg/fileutil/fileutil.go:49.2,49.18 1 1
github.com/maxmcd/bramble/pkg/fileutil/fileutil.go:22.21,24.3 1 0
github.com/maxmcd/bramble/pkg/fileutil/fileutil.go:29.30,31.22 2 1
github.com/maxmcd/bramble/pkg/fileutil/fileutil.go:34.3,34.31 1 1
github.com/maxmcd/bramble/pkg/fileutil/fileutil.go:31.22,33.4 1 1
github.com/maxmcd/bramble/pkg/fileutil/fileutil.go:34.31,35.20 1 1
github.com/maxmcd/bramble/pkg/fileutil/fileutil.go:35.20,37.10 2 0
github.com/maxmcd/bramble/pkg/fileutil/fileutil.go:42.35,43.18 1 1
github.com/maxmcd/bramble/pkg/fileutil/fileutil.go:43.18,45.9 2 1
github.com/maxmcd/bramble/pkg/fileutil/fileutil.go:52.49,53.21 1 0
github.com/maxmcd/bramble/pkg/fileutil/fileutil.go:56.2,57.29 2 0
github.com/maxmcd/bramble/pkg/fileutil/fileutil.go:64.2,66.22 2 0
github.com/maxmcd/bramble/pkg/fileutil/fileutil.go:70.2,74.43 2 0
github.com/maxmcd/bramble/pkg/fileutil/fileutil.go:83.2,83.30 1 0
github.com/maxmcd/bramble/pkg/fileutil/fileutil.go:101.2,101.12 1 0
github.com/maxmcd/bramble/pkg/fileutil/fileutil.go:53.21,55.3 1 0
github.com/maxmcd/bramble/pkg/fileutil/fileutil.go:57.29,58.28 1 0
github.com/maxmcd/bramble/pkg/fileutil/fileutil.go:58.28,60.4 1 0
github.com/maxmcd/bramble/pkg/fileutil/fileutil.go:60.9,62.4 1 0
github.com/maxmcd/bramble/pkg/fileutil/fileutil.go:66.22,68.3 1 0
github.com/maxmcd/bramble/pkg/fileutil/fileutil.go:74.43,76.15 2 0
github.com/maxmcd/bramble/pkg/fileutil/fileutil.go:79.3,79.45 1 0
github.com/maxmcd/bramble/pkg/fileutil/fileutil.go:76.15,78.4 1 0
github.com/maxmcd/bramble/pkg/fileutil/fileutil.go:83.30,85.17 2 0
github.com/maxmcd/bramble/pkg/fileutil/fileutil.go:88.3,88.17 1 0
github.com/maxmcd/bramble/pkg/fileutil/fileutil.go:97.3,97.17 1 0
github.com/maxmcd/bramble/pkg/fileutil/fileutil.go:85.17,87.4 1 0
github.com/maxmcd/bramble/pkg/fileutil/fileutil.go:88.17,90.64 2 0
github.com/maxmcd/bramble/pkg/fileutil/fileutil.go:93.4,93.61 1 0
github.com/maxmcd/bramble/pkg/fileutil/fileutil.go:90.64,92.5 1 0
github.com/maxmcd/bramble/pkg/fileutil/fileutil.go:94.9,96.4 1 0
github.com/maxmcd/bramble/pkg/fileutil/fileutil.go:97.17,99.4 1 0
github.com/maxmcd/bramble/pkg/fileutil/fileutil.go:105.47,107.16 2 1
github.com/maxmcd/bramble/pkg/fileutil/fileutil.go:110.2,110.32 1 1
github.com/maxmcd/bramble/pkg/fileutil/fileutil.go:154.2,154.12 1 1
github.com/maxmcd/bramble/pkg/fileutil/fileutil.go:107.16,109.3 1 0
github.com/maxmcd/bramble/pkg/fileutil/fileutil.go:110.32,115.17 4 1
github.com/maxmcd/bramble/pkg/fileutil/fileutil.go:119.3,121.10 3 1
github.com/maxmcd/bramble/pkg/fileutil/fileutil.go:125.3,125.40 1 1
github.com/maxmcd/bramble/pkg/fileutil/fileutil.go:147.3,148.17 2 1
github.com/maxmcd/bramble/pkg/fileutil/fileutil.go:115.17,117.4 1 0
github.com/maxmcd/bramble/pkg/fileutil/fileutil.go:121.10,123.4 1 0
github.com/maxmcd/bramble/pkg/fileutil/fileutil.go:126.19,127.63 1 1
github.com/maxmcd/bramble/pkg/fileutil/fileutil.go:130.4,130.62 1 1
github.com/maxmcd/bramble/pkg/fileutil/fileutil.go:133.23,134.60 1 0
github.com/maxmcd/bramble/pkg/fileutil/fileutil.go:137.11,138.57 1 1
github.com/maxmcd/bramble/pkg/fileutil/fileutil.go:127.63,129.5 1 0
github.com/maxmcd/bramble/pkg/fileutil/fileutil.go:130.62,132.5 1 0
github.com/maxmcd/bramble/pkg/fileutil/fileutil.go:134.60,136.5 1 0
github.com/maxmcd/bramble/pkg/fileutil/fileutil.go:138.57,140.5 1 0
github.com/maxmcd/bramble/pkg/fileutil/fileutil.go:148.17,149.59 1 1
github.com/maxmcd/bramble/pkg/fileutil/fileutil.go:149.59,151.5 1 0
github.com/maxmcd/bramble/pkg/fileutil/fileutil.go:162.78,164.16 2 1
github.com/maxmcd/bramble/pkg/fileutil/fileutil.go:168.2,168.40 1 1
github.com/maxmcd/bramble/pkg/fileutil/fileutil.go:169.2,169.29 1 1
github.com/maxmcd/bramble/pkg/fileutil/fileutil.go:208.2,208.8 1 1
github.com/maxmcd/bramble/pkg/fileutil/fileutil.go:164.16,166.3 1 0
github.com/maxmcd/bramble/pkg/fileutil/fileutil.go:168.40,168.80 1 0
github.com/maxmcd/bramble/pkg/fileutil/fileutil.go:169.29,172.17 3 1
github.com/maxmcd/bramble/pkg/fileutil/fileutil.go:176.3,177.10 2 1
github.com/maxmcd/bramble/pkg/fileutil/fileutil.go:181.3,181.40 1 1
github.com/maxmcd/bramble/pkg/fileutil/fileutil.go:196.3,196.75 1 1
github.com/maxmcd/bramble/pkg/fileutil/fileutil.go:201.3,202.17 2 1
github.com/maxmcd/bramble/pkg/fileutil/fileutil.go:172.17,174.4 1 0
github.com/maxmcd/bramble/pkg/fileutil/fileutil.go:177.10,179.4 1 0
github.com/maxmcd/bramble/pkg/fileutil/fileutil.go:182.19,183.63 1 0
github.com/maxmcd/bramble/pkg/fileutil/fileutil.go:186.23,187.54 1 0
github.com/maxmcd/bramble/pkg/fileutil/fileutil.go:190.11,191.51 1 1
github.com/maxmcd/bramble/pkg/fileutil/fileutil.go:183.63,185.5 1 0
github.com/maxmcd/bramble/pkg/fileutil/fileutil.go:187.54,189.5 1 0
github.com/maxmcd/bramble/pkg/fileutil/fileutil.go:191.51,193.5 1 0
github.com/maxmcd/bramble/pkg/fileutil/fileutil.go:196.75,198.4 1 0
github.com/maxmcd/bramble/pkg/fileutil/fileutil.go:202.17,203.62 1 1
github.com/maxmcd/bramble/pkg/fileutil/fileutil.go:203.62,205.5 1 0
github.com/maxmcd/bramble/pkg/fileutil/fileutil.go:212.70,213.29 1 1
github.com/maxmcd/bramble/pkg/fileutil/fileutil.go:225.2,225.8 1 1
github.com/maxmcd/bramble/pkg/fileutil/fileutil.go:213.29,215.57 1 1
github.com/maxmcd/bramble/pkg/fileutil/fileutil.go:215.57,216.19 1 1
github.com/maxmcd/bramble/pkg/fileutil/fileutil.go:219.5,220.15 2 1
github.com/maxmcd/bramble/pkg/fileutil/fileutil.go:216.19,218.6 1 0
github.com/maxmcd/bramble/pkg/fileutil/fileutil.go:221.19,223.4 1 0
github.com/maxmcd/bramble/pkg/fileutil/fileutil.go:228.46,230.16 2 1
github.com/maxmcd/bramble/pkg/fileutil/fileutil.go:233.2,236.16 3 1
github.com/maxmcd/bramble/pkg/fileutil/fileutil.go:239.2,240.16 2 1
github.com/maxmcd/bramble/pkg/fileutil/fileutil.go:244.2,247.16 3 1
github.com/maxmcd/bramble/pkg/fileutil/fileutil.go:251.2,251.12 1 1
github.com/maxmcd/bramble/pkg/fileutil/fileutil.go:230.16,232.3 1 0
github.com/maxmcd/bramble/pkg/fileutil/fileutil.go:236.16,238.3 1 0
github.com/maxmcd/bramble/pkg/fileutil/fileutil.go:240.16,242.3 1 0
github.com/maxmcd/bramble/pkg/fileutil/fileutil.go:247.16,249.3 1 0
github.com/maxmcd/bramble/pkg/fileutil/fileutil.go:254.63,255.21 1 1
github.com/maxmcd/bramble/pkg/fileutil/fileutil.go:259.2,259.47 1 1
github.com/maxmcd/bramble/pkg/fileutil/fileutil.go:263.2,263.12 1 1
github.com/maxmcd/bramble/pkg/fileutil/fileutil.go:255.21,257.3 1 0
github.com/maxmcd/bramble/pkg/fileutil/fileutil.go:259.47,261.3 1 0
github.com/maxmcd/bramble/pkg/fileutil/fileutil.go:266.45,268.16 2 0
github.com/maxmcd/bramble/pkg/fileutil/fileutil.go:271.2,271.31 1 0
github.com/maxmcd/bramble/pkg/fileutil/fileutil.go:268.16,270.3 1 0
github.com/maxmcd/bramble/pkg/fileutil/fileutil.go:275.35,277.16 2 1
github.com/maxmcd/bramble/pkg/fileutil/fileutil.go:280.2,280.20 1 1
github.com/maxmcd/bramble/pkg/fileutil/fileutil.go:277.16,279.3 1 1
github.com/maxmcd/bramble/pkg/fileutil/fileutil.go:283.30,285.16 2 0
github.com/maxmcd/bramble/pkg/fileutil/fileutil.go:291.2,291.28 1 0
github.com/maxmcd/bramble/pkg/fileutil/fileutil.go:285.16,286.48 1 0
github.com/maxmcd/bramble/pkg/fileutil/fileutil.go:289.3,289.15 1 0
github.com/maxmcd/bramble/pkg/fileutil/fileutil.go:286.48,288.4 1 0
github.com/maxmcd/bramble/pkg/fileutil/fileutil.go:294.35,297.2 2 1
github.com/maxmcd/bramble/pkg/fileutil/fileutil.go:299.61,300.22 1 1
github.com/maxmcd/bramble/pkg/fileutil/fileutil.go:305.2,305.18 1 1
github.com/maxmcd/bramble/pkg/fileutil/fileutil.go:300.22,301.49 1 1
github.com/maxmcd/bramble/pkg/fileutil/fileutil.go:301.49,303.4 1 0
github.com/maxmcd/bramble/pkg/fileutil/fileutil.go:308.57,309.33 1 0
github.com/maxmcd/bramble/pkg/fileutil/fileutil.go:316.2,316.47 1 0
github.com/maxmcd/bramble/pkg/fileutil/fileutil.go:326.2,326.59 1 0
github.com/maxmcd/bramble/pkg/fileutil/fileutil.go:309.33,311.17 2 0
github.com/maxmcd/bramble/pkg/fileutil/fileutil.go:314.3,314.47 1 0
github.com/maxmcd/bramble/pkg/fileutil/fileutil.go:311.17,313.4 1 0
github.com/maxmcd/bramble/pkg/fileutil/fileutil.go:316.47,317.16 1 0
github.com/maxmcd/bramble/pkg/fileutil/fileutil.go:321.3,322.46 2 0
github.com/maxmcd/bramble/pkg/fileutil/fileutil.go:317.16,320.4 1 0
github.com/maxmcd/bramble/pkg/fileutil/fileutil.go:322.46,324.4 1 0
github.com/maxmcd/bramble/pkg/fileutil/fileutil.go:328.40,330.16 2 0
github.com/maxmcd/bramble/pkg/fileutil/fileutil.go:333.2,333.46 1 0
github.com/maxmcd/bramble/pkg/fileutil/fileutil.go:336.2,336.25 1 0
github.com/maxmcd/bramble/pkg/fileutil/fileutil.go:330.16,332.3 1 0
github.com/maxmcd/bramble/pkg/fileutil/fileutil.go:333.46,335.3 1 0
github.com/maxmcd/bramble/pkg/fileutil/fileutil.go:341.38,343.16 2 1
github.com/maxmcd/bramble/pkg/fileutil/fileutil.go:346.2,346.14 1 1
github.com/maxmcd/bramble/pkg/fileutil/fileutil.go:351.2,351.12 1 1
github.com/maxmcd/bramble/pkg/fileutil/fileutil.go:343.16,344.13 1 0
github.com/maxmcd/bramble/pkg/fileutil/fileutil.go:346.14,347.20 1 0
github.com/maxmcd/bramble/pkg/fileutil/fileutil.go:347.20,349.4 1 0
github.com/maxmcd/bramble/pkg/textreplace/textreplace.go:18.60,19.26 1 1
github.com/maxmcd/bramble/pkg/textreplace/textreplace.go:22.2,23.28 2 1
github.com/maxmcd/bramble/pkg/textreplace/textreplace.go:29.2,30.88 2 1
github.com/maxmcd/bramble/pkg/textreplace/textreplace.go:56.2,56.8 1 1
github.com/maxmcd/bramble/pkg/textreplace/textreplace.go:19.26,21.3 1 0
github.com/maxmcd/bramble/pkg/textreplace/textreplace.go:23.28,24.35 1 1
github.com/maxmcd/bramble/pkg/textreplace/textreplace.go:24.35,26.4 1 1
github.com/maxmcd/bramble/pkg/textreplace/textreplace.go:30.88,32.7 2 1
github.com/maxmcd/bramble/pkg/textreplace/textreplace.go:54.3,54.13 1 1
github.com/maxmcd/bramble/pkg/textreplace/textreplace.go:32.7,33.3 1 1
github.com/maxmcd/bramble/pkg/textreplace/textreplace.go:34.4,35.13 2 1
github.com/maxmcd/bramble/pkg/textreplace/textreplace.go:38.4,40.33 2 1
github.com/maxmcd/bramble/pkg/textreplace/textreplace.go:52.4,52.9 1 0
github.com/maxmcd/bramble/pkg/textreplace/textreplace.go:35.13,36.10 1 1
github.com/maxmcd/bramble/pkg/textreplace/textreplace.go:40.33,42.32 1 1
github.com/maxmcd/bramble/pkg/textreplace/textreplace.go:45.5,45.43 1 1
github.com/maxmcd/bramble/pkg/textreplace/textreplace.go:42.32,43.14 1 0
github.com/maxmcd/bramble/pkg/textreplace/textreplace.go:45.43,49.16 4 1
github.com/maxmcd/bramble/pkg/textreplace/textreplace.go:62.13,63.26 1 0
github.com/maxmcd/bramble/pkg/textreplace/textreplace.go:66.2,67.28 2 0
github.com/maxmcd/bramble/pkg/textreplace/textreplace.go:72.2,73.27 2 0
github.com/maxmcd/bramble/pkg/textreplace/textreplace.go:76.2,77.88 2 0
github.com/maxmcd/bramble/pkg/textreplace/textreplace.go:82.2,82.8 1 0
github.com/maxmcd/bramble/pkg/textreplace/textreplace.go:63.26,65.3 1 0
github.com/maxmcd/bramble/pkg/textreplace/textreplace.go:67.28,68.35 1 0
github.com/maxmcd/bramble/pkg/textreplace/textreplace.go:68.35,70.4 1 0
github.com/maxmcd/bramble/pkg/textreplace/textreplace.go:73.27,75.3 1 0
github.com/maxmcd/bramble/pkg/textreplace/textreplace.go:77.88,81.3 3 0
github.com/maxmcd/bramble/pkg/textreplace/textreplace.go:90.28,91.16 1 1
github.com/maxmcd/bramble/pkg/textreplace/textreplace.go:95.2,96.6 2 1
github.com/maxmcd/bramble/pkg/textreplace/textreplace.go:138.2,138.8 1 1
github.com/maxmcd/bramble/pkg/textreplace/textreplace.go:91.16,94.3 2 1
github.com/maxmcd/bramble/pkg/textreplace/textreplace.go:96.6,101.13 2 1
github.com/maxmcd/bramble/pkg/textreplace/textreplace.go:136.3,136.22 1 1
github.com/maxmcd/bramble/pkg/textreplace/textreplace.go:101.13,102.58 1 1
github.com/maxmcd/bramble/pkg/textreplace/textreplace.go:105.4,106.14 2 1
github.com/maxmcd/bramble/pkg/textreplace/textreplace.go:109.4,109.17 1 1
github.com/maxmcd/bramble/pkg/textreplace/textreplace.go:115.4,115.56 1 1
github.com/maxmcd/bramble/pkg/textreplace/textreplace.go:119.4,119.78 1 1
github.com/maxmcd/bramble/pkg/textreplace/textreplace.go:102.58,104.5 1 0
github.com/maxmcd/bramble/pkg/textreplace/textreplace.go:106.14,108.5 1 1
github.com/maxmcd/bramble/pkg/textreplace/textreplace.go:109.17,111.10 2 0
github.com/maxmcd/bramble/pkg/textreplace/textreplace.go:115.56,117.10 2 0
github.com/maxmcd/bramble/pkg/textreplace/textreplace.go:119.78,120.23 1 0
github.com/maxmcd/bramble/pkg/textreplace/textreplace.go:122.9,122.23 1 1
github.com/maxmcd/bramble/pkg/textreplace/textreplace.go:122.23,123.20 1 1
github.com/maxmcd/bramble/pkg/textreplace/textreplace.go:126.4,127.17 2 1
github.com/maxmcd/bramble/pkg/textreplace/textreplace.go:130.4,131.9 2 1
github.com/maxmcd/bramble/pkg/textreplace/textreplace.go:123.20,125.5 1 0
github.com/maxmcd/bramble/pkg/textreplace/textreplace.go:127.17,129.5 1 0
github.com/maxmcd/bramble/pkg/textreplace/textreplace.go:132.9,134.12 1 1
github.com/maxmcd/bramble/pkg/textreplace/textreplace.go:141.107,142.26 1 0
github.com/maxmcd/bramble/pkg/textreplace/textreplace.go:145.2,145.70 1 0
github.com/maxmcd/bramble/pkg/textreplace/textreplace.go:142.26,144.3 1 0
github.com/maxmcd/bramble/pkg/textreplace/textreplace.go:145.70,148.3 2 0
github.com/maxmcd/bramble/pkg/textreplace/textreplace.go:151.100,152.26 1 1
github.com/maxmcd/bramble/pkg/textreplace/textreplace.go:155.2,155.70 1 1
github.com/maxmcd/bramble/pkg/textreplace/textreplace.go:152.26,154.3 1 0
github.com/maxmcd/bramble/pkg/textreplace/textreplace.go:155.70,157.3 1 1
github.com/maxmcd/bramble/pkg/textreplace/textreplace.go:160.56,162.2 1 1
github.com/maxmcd/bramble/pkg/textreplace/textreplace.go:164.60,165.26 1 1
github.com/maxmcd/bramble/pkg/textreplace/textreplace.go:169.2,170.12 2 1
github.com/maxmcd/bramble/pkg/textreplace/textreplace.go:174.2,174.12 1 1
github.com/maxmcd/bramble/pkg/textreplace/textreplace.go:178.2,178.20 1 0
github.com/maxmcd/bramble/pkg/textreplace/textreplace.go:182.2,183.25 2 0
github.com/maxmcd/bramble/pkg/textreplace/textreplace.go:189.2,189.12 1 0
github.com/maxmcd/bramble/pkg/textreplace/textreplace.go:165.26,167.3 1 0
github.com/maxmcd/bramble/pkg/textreplace/textreplace.go:170.12,173.3 1 1
github.com/maxmcd/bramble/pkg/textreplace/textreplace.go:174.12,177.3 1 1
github.com/maxmcd/bramble/pkg/textreplace/textreplace.go:178.20,180.3 1 0
github.com/maxmcd/bramble/pkg/textreplace/textreplace.go:183.25,188.3 4 0
github.com/maxmcd/bramble/pkg/progressui/printer.go:32.51,33.19 1 0
github.com/maxmcd/bramble/pkg/progressui/printer.go:37.2,38.9 2 0
github.com/maxmcd/bramble/pkg/progressui/printer.go:42.2,42.23 1 0
github.com/maxmcd/bramble/pkg/progressui/printer.go:67.2,67.24 1 0
github.com/maxmcd/bramble/pkg/progressui/printer.go:70.2,70.30 1 0
github.com/maxmcd/bramble/pkg/progressui/printer.go:73.2,75.31 2 0
github.com/maxmcd/bramble/pkg/progressui/printer.go:122.2,124.27 2 0
github.com/maxmcd/bramble/pkg/progressui/printer.go:134.2,134.21 1 0
github.com/maxmcd/bramble/pkg/progressui/printer.go:144.2,145.24 2 0
github.com/maxmcd/bramble/pkg/progressui/printer.go:168.2,168.25 1 0
github.com/maxmcd/bramble/pkg/progressui/printer.go:33.19,35.3 1 0
github.com/maxmcd/bramble/pkg/progressui/printer.go:38.9,40.3 1 0
github.com/maxmcd/bramble/pkg/progressui/printer.go:42.23,43.22 1 0
github.com/maxmcd/bramble/pkg/progressui/printer.go:53.3,53.17 1 0
github.com/maxmcd/bramble/pkg/progressui/printer.go:59.3,59.44 1 0
github.com/maxmcd/bramble/pkg/progressui/printer.go:43.22,45.23 2 0
github.com/maxmcd/bramble/pkg/progressui/printer.go:48.4,50.44 3 0
github.com/maxmcd/bramble/pkg/progressui/printer.go:45.23,47.5 1 0
github.com/maxmcd/bramble/pkg/progressui/printer.go:53.17,55.4 1 0
github.com/maxmcd/bramble/pkg/progressui/printer.go:55.9,57.4 1 0
github.com/maxmcd/bramble/pkg/progressui/printer.go:59.44,61.4 1 0
github.com/maxmcd/bramble/pkg/progressui/printer.go:61.9,64.4 2 0
github.com/maxmcd/bramble/pkg/progressui/printer.go:67.24,69.3 1 0
github.com/maxmcd/bramble/pkg/progressui/printer.go:70.30,72.3 1 0
github.com/maxmcd/bramble/pkg/progressui/printer.go:75.31,76.41 1 0
github.com/maxmcd/bramble/pkg/progressui/printer.go:76.41,79.58 2 0
github.com/maxmcd/bramble/pkg/progressui/printer.go:90.4,90.16 1 0
github.com/maxmcd/bramble/pkg/progressui/printer.go:94.4,100.20 3 0
github.com/maxmcd/bramble/pkg/progressui/printer.go:105.4,107.26 3 0
github.com/maxmcd/bramble/pkg/progressui/printer.go:110.4,110.24 1 0
github.com/maxmcd/bramble/pkg/progressui/printer.go:116.4,116.26 1 0
github.com/maxmcd/bramble/pkg/progressui/printer.go:119.4,119.62 1 0
github.com/maxmcd/bramble/pkg/progressui/printer.go:79.58,81.20 2 0
github.com/maxmcd/bramble/pkg/progressui/printer.go:84.5,85.69 2 0
github.com/maxmcd/bramble/pkg/progressui/printer.go:81.20,83.6 1 0
github.com/maxmcd/bramble/pkg/progressui/printer.go:85.69,87.6 1 0
github.com/maxmcd/bramble/pkg/progressui/printer.go:90.16,91.13 1 0
github.com/maxmcd/bramble/pkg/progressui/printer.go:100.20,102.5 1 0
github.com/maxmcd/bramble/pkg/progressui/printer.go:102.10,102.29 1 0
github.com/maxmcd/bramble/pkg/progressui/printer.go:102.29,104.5 1 0
github.com/maxmcd/bramble/pkg/progressui/printer.go:107.26,109.5 1 0
github.com/maxmcd/bramble/pkg/progressui/printer.go:110.24,112.20 2 0
github.com/maxmcd/bramble/pkg/progressui/printer.go:112.20,114.6 1 0
github.com/maxmcd/bramble/pkg/progressui/printer.go:116.26,118.5 1 0
github.com/maxmcd/bramble/pkg/progressui/printer.go:124.27,125.13 1 0
github.com/maxmcd/bramble/pkg/progressui/printer.go:128.3,129.43 2 0
github.com/maxmcd/bramble/pkg/progressui/printer.go:125.13,127.4 1 0
github.com/maxmcd/bramble/pkg/progressui/printer.go:129.43,131.4 1 0
github.com/maxmcd/bramble/pkg/progressui/printer.go:134.21,135.20 1 0
github.com/maxmcd/bramble/pkg/progressui/printer.go:135.20,138.4 2 0
github.com/maxmcd/bramble/pkg/progressui/printer.go:138.9,141.4 2 0
github.com/maxmcd/bramble/pkg/progressui/printer.go:145.24,149.20 3 0
github.com/maxmcd/bramble/pkg/progressui/printer.go:149.20,150.21 1 0
github.com/maxmcd/bramble/pkg/progressui/printer.go:153.4,153.60 1 0
github.com/maxmcd/bramble/pkg/progressui/printer.go:150.21,152.5 1 0
github.com/maxmcd/bramble/pkg/progressui/printer.go:153.60,155.5 1 0
github.com/maxmcd/bramble/pkg/progressui/printer.go:155.10,157.5 1 0
github.com/maxmcd/bramble/pkg/progressui/printer.go:158.9,158.22 1 0
github.com/maxmcd/bramble/pkg/progressui/printer.go:158.22,160.4 1 0
github.com/maxmcd/bramble/pkg/progressui/printer.go:160.9,162.24 2 0
github.com/maxmcd/bramble/pkg/progressui/printer.go:165.4,165.49 1 0
github.com/maxmcd/bramble/pkg/progressui/printer.go:162.24,164.5 1 0
github.com/maxmcd/bramble/pkg/progressui/printer.go:171.62,173.19 2 0
github.com/maxmcd/bramble/pkg/progressui/printer.go:176.2,176.38 1 0
github.com/maxmcd/bramble/pkg/progressui/printer.go:179.2,179.12 1 0
github.com/maxmcd/bramble/pkg/progressui/printer.go:173.19,175.3 1 0
github.com/maxmcd/bramble/pkg/progressui/printer.go:176.38,178.3 1 0
github.com/maxmcd/bramble/pkg/progressui/printer.go:182.35,186.30 3 0
github.com/maxmcd/bramble/pkg/progressui/printer.go:198.2,201.37 2 0
github.com/maxmcd/bramble/pkg/progressui/printer.go:205.2,205.51 1 0
github.com/maxmcd/bramble/pkg/progressui/printer.go:211.2,211.20 1 0
github.com/maxmcd/bramble/pkg/progressui/printer.go:228.2,228.32 1 0
github.com/maxmcd/bramble/pkg/progressui/printer.go:232.2,236.19 5 0
github.com/maxmcd/bramble/pkg/progressui/printer.go:239.2,239.25 1 0
github.com/maxmcd/bramble/pkg/progressui/printer.go:253.2,253.26 1 0
github.com/maxmcd/bramble/pkg/progressui/printer.go:257.2,257.54 1 0
github.com/maxmcd/bramble/pkg/progressui/printer.go:263.2,263.25 1 0
github.com/maxmcd/bramble/pkg/progressui/printer.go:271.2,271.95 1 0
github.com/maxmcd/bramble/pkg/progressui/printer.go:186.30,188.10 2 0
github.com/maxmcd/bramble/pkg/progressui/printer.go:191.3,191.32 1 0
github.com/maxmcd/bramble/pkg/progressui/printer.go:188.10,189.12 1 0
github.com/maxmcd/bramble/pkg/progressui/printer.go:191.32,193.4 1 0
github.com/maxmcd/bramble/pkg/progressui/printer.go:193.9,195.4 1 0
github.com/maxmcd/bramble/pkg/progressui/printer.go:201.37,203.3 1 0
github.com/maxmcd/bramble/pkg/progressui/printer.go:205.51,206.22 1 0
github.com/maxmcd/bramble/pkg/progressui/printer.go:206.22,208.4 1 0
github.com/maxmcd/bramble/pkg/progressui/printer.go:211.20,212.20 1 0
github.com/maxmcd/bramble/pkg/progressui/printer.go:218.3,218.35 1 0
github.com/maxmcd/bramble/pkg/progressui/printer.go:224.3,224.9 1 0
github.com/maxmcd/bramble/pkg/progressui/printer.go:212.20,213.72 1 0
github.com/maxmcd/bramble/pkg/progressui/printer.go:213.72,215.5 1 0
github.com/maxmcd/bramble/pkg/progressui/printer.go:218.35,219.46 1 0
github.com/maxmcd/bramble/pkg/progressui/printer.go:219.46,222.5 2 0
github.com/maxmcd/bramble/pkg/progressui/printer.go:228.32,230.3 1 0
github.com/maxmcd/bramble/pkg/progressui/printer.go:236.19,238.3 1 0
github.com/maxmcd/bramble/pkg/progressui/printer.go:239.25,241.10 2 0
github.com/maxmcd/bramble/pkg/progressui/printer.go:244.3,249.57 6 0
github.com/maxmcd/bramble/pkg/progressui/printer.go:241.10,242.12 1 0
github.com/maxmcd/bramble/pkg/progressui/printer.go:249.57,251.4 1 0
github.com/maxmcd/bramble/pkg/progressui/printer.go:253.26,255.3 1 0
github.com/maxmcd/bramble/pkg/progressui/printer.go:257.54,260.3 2 0
github.com/maxmcd/bramble/pkg/progressui/printer.go:263.25,264.28 1 0
github.com/maxmcd/bramble/pkg/progressui/printer.go:264.28,267.4 2 0
github.com/maxmcd/bramble/pkg/progressui/printer.go:271.95,274.3 2 0
github.com/maxmcd/bramble/pkg/progressui/printer.go:284.42,285.16 1 0
github.com/maxmcd/bramble/pkg/progressui/printer.go:288.2,288.10 1 0
github.com/maxmcd/bramble/pkg/progressui/printer.go:285.16,287.3 1 0
github.com/maxmcd/bramble/pkg/hasher/hasher.go:24.26,28.2 1 1
github.com/maxmcd/bramble/pkg/hasher/hasher.go:30.53,32.2 1 1
github.com/maxmcd/bramble/pkg/hasher/hasher.go:34.34,36.2 1 1
github.com/maxmcd/bramble/pkg/hasher/hasher.go:37.37,39.2 1 1
github.com/maxmcd/bramble/pkg/hasher/hasher.go:41.38,45.2 3 0
github.com/maxmcd/bramble/pkg/hasher/hasher.go:51.41,55.2 3 1
github.com/maxmcd/bramble/pkg/hasher/hasher.go:57.87,60.53 3 1
github.com/maxmcd/bramble/pkg/hasher/hasher.go:63.2,63.48 1 1
github.com/maxmcd/bramble/pkg/hasher/hasher.go:66.2,67.8 2 1
github.com/maxmcd/bramble/pkg/hasher/hasher.go:60.53,62.3 1 0
github.com/maxmcd/bramble/pkg/hasher/hasher.go:63.48,65.3 1 0
github.com/maxmcd/bramble/pkg/progressui/display.go:23.120,29.22 4 0
github.com/maxmcd/bramble/pkg/progressui/display.go:33.2,38.49 4 0
github.com/maxmcd/bramble/pkg/progressui/display.go:45.2,53.6 7 0
github.com/maxmcd/bramble/pkg/progressui/display.go:29.22,31.3 1 0
github.com/maxmcd/bramble/pkg/progressui/display.go:38.49,39.56 1 0
github.com/maxmcd/bramble/pkg/progressui/display.go:39.56,42.4 2 0
github.com/maxmcd/bramble/pkg/progressui/display.go:53.6,54.10 1 0
github.com/maxmcd/bramble/pkg/progressui/display.go:66.3,66.18 1 0
github.com/maxmcd/bramble/pkg/progressui/display.go:55.21,56.20 1 0
github.com/maxmcd/bramble/pkg/progressui/display.go:57.19,57.19 0 0
github.com/maxmcd/bramble/pkg/progressui/display.go:58.23,59.10 1 0
github.com/maxmcd/bramble/pkg/progressui/display.go:59.10,61.5 1 0
github.com/maxmcd/bramble/pkg/progressui/display.go:61.10,63.5 1 0
github.com/maxmcd/bramble/pkg/progressui/display.go:66.18,68.12 2 0
github.com/maxmcd/bramble/pkg/progressui/display.go:68.12,72.5 3 0
github.com/maxmcd/bramble/pkg/progressui/display.go:72.10,72.37 1 0
github.com/maxmcd/bramble/pkg/progressui/display.go:72.37,76.5 3 0
github.com/maxmcd/bramble/pkg/progressui/display.go:77.9,77.44 1 0
github.com/maxmcd/bramble/pkg/progressui/display.go:77.44,79.12 2 0
github.com/maxmcd/bramble/pkg/progressui/display.go:83.4,84.42 2 0
github.com/maxmcd/bramble/pkg/progressui/display.go:79.12,82.5 2 0
github.com/maxmcd/bramble/pkg/progressui/display.go:144.32,145.18 1 0
github.com/maxmcd/bramble/pkg/progressui/display.go:149.2,149.14 1 0
github.com/maxmcd/bramble/pkg/progressui/display.go:145.18,148.3 2 0
github.com/maxmcd/bramble/pkg/progressui/display.go:156.53,163.2 1 0
github.com/maxmcd/bramble/pkg/progressui/display.go:165.47,166.22 1 0
github.com/maxmcd/bramble/pkg/progressui/display.go:170.2,172.29 3 0
github.com/maxmcd/bramble/pkg/progressui/display.go:176.2,177.28 2 0
github.com/maxmcd/bramble/pkg/progressui/display.go:180.2,180.24 1 0
github.com/maxmcd/bramble/pkg/progressui/display.go:183.2,183.30 1 0
github.com/maxmcd/bramble/pkg/progressui/display.go:188.2,188.56 1 0
github.com/maxmcd/bramble/pkg/progressui/display.go:191.2,191.28 1 0
github.com/maxmcd/bramble/pkg/progressui/display.go:194.2,194.26 1 0
github.com/maxmcd/bramble/pkg/progressui/display.go:198.2,198.13 1 0
github.com/maxmcd/bramble/pkg/progressui/display.go:203.2,203.31 1 0
github.com/maxmcd/bramble/pkg/progressui/display.go:166.22,168.3 1 0
github.com/maxmcd/bramble/pkg/progressui/display.go:172.29,174.3 1 0
github.com/maxmcd/bramble/pkg/progressui/display.go:177.28,179.3 1 0
github.com/maxmcd/bramble/pkg/progressui/display.go:180.24,182.3 1 0
github.com/maxmcd/bramble/pkg/progressui/display.go:183.30,184.79 1 0
github.com/maxmcd/bramble/pkg/progressui/display.go:184.79,186.4 1 0
github.com/maxmcd/bramble/pkg/progressui/display.go:188.56,190.3 1 0
github.com/maxmcd/bramble/pkg/progressui/display.go:191.28,193.3 1 0
github.com/maxmcd/bramble/pkg/progressui/display.go:194.26,196.3 1 0
github.com/maxmcd/bramble/pkg/progressui/display.go:198.13,201.3 2 0
github.com/maxmcd/bramble/pkg/progressui/display.go:206.55,207.31 1 0
github.com/maxmcd/bramble/pkg/progressui/display.go:233.2,233.31 1 0
github.com/maxmcd/bramble/pkg/progressui/display.go:251.2,251.27 1 0
github.com/maxmcd/bramble/pkg/progressui/display.go:207.31,209.10 2 0
github.com/maxmcd/bramble/pkg/progressui/display.go:220.3,221.63 2 0
github.com/maxmcd/bramble/pkg/progressui/display.go:228.3,228.64 1 0
github.com/maxmcd/bramble/pkg/progressui/display.go:231.3,231.41 1 0
github.com/maxmcd/bramble/pkg/progressui/display.go:209.10,216.21 3 0
github.com/maxmcd/bramble/pkg/progressui/display.go:216.21,218.5 1 0
github.com/maxmcd/bramble/pkg/progressui/display.go:221.63,222.28 1 0
github.com/maxmcd/bramble/pkg/progressui/display.go:225.4,225.57 1 0
github.com/maxmcd/bramble/pkg/progressui/display.go:222.28,224.5 1 0
github.com/maxmcd/bramble/pkg/progressui/display.go:228.64,230.4 1 0
github.com/maxmcd/bramble/pkg/progressui/display.go:233.31,235.10 2 0
github.com/maxmcd/bramble/pkg/progressui/display.go:238.3,240.10 3 0
github.com/maxmcd/bramble/pkg/progressui/display.go:243.3,243.63 1 0
github.com/maxmcd/bramble/pkg/progressui/display.go:246.3,249.14 4 0
github.com/maxmcd/bramble/pkg/progressui/display.go:235.10,236.12 1 0
github.com/maxmcd/bramble/pkg/progressui/display.go:240.10,242.4 1 0
github.com/maxmcd/bramble/pkg/progressui/display.go:243.63,245.4 1 0
github.com/maxmcd/bramble/pkg/progressui/display.go:251.27,253.10 2 0
github.com/maxmcd/bramble/pkg/progressui/display.go:256.3,257.20 2 0
github.com/maxmcd/bramble/pkg/progressui/display.go:264.3,265.57 2 0
github.com/maxmcd/bramble/pkg/progressui/display.go:284.3,286.14 3 0
github.com/maxmcd/bramble/pkg/progressui/display.go:253.10,254.12 1 0
github.com/maxmcd/bramble/pkg/progressui/display.go:257.20,258.33 1 0
github.com/maxmcd/bramble/pkg/progressui/display.go:261.4,262.31 2 0
github.com/maxmcd/bramble/pkg/progressui/display.go:258.33,260.5 1 0
github.com/maxmcd/bramble/pkg/progressui/display.go:265.57,266.51 1 0
github.com/maxmcd/bramble/pkg/progressui/display.go:282.4,282.7 1 0
github.com/maxmcd/bramble/pkg/progressui/display.go:266.51,268.5 1 0
github.com/maxmcd/bramble/pkg/progressui/display.go:268.10,270.25 2 0
github.com/maxmcd/bramble/pkg/progressui/display.go:273.5,275.17 3 0
github.com/maxmcd/bramble/pkg/progressui/display.go:280.5,280.113 1 0
github.com/maxmcd/bramble/pkg/progressui/display.go:270.25,272.6 1 0
github.com/maxmcd/bramble/pkg/progressui/display.go:275.17,277.6 1 0
github.com/maxmcd/bramble/pkg/progressui/display.go:277.11,277.25 1 0
github.com/maxmcd/bramble/pkg/progressui/display.go:277.25,279.6 1 0
github.com/maxmcd/bramble/pkg/progressui/display.go:290.45,291.31 1 0
github.com/maxmcd/bramble/pkg/progressui/display.go:291.31,292.77 1 0
github.com/maxmcd/bramble/pkg/progressui/display.go:292.77,295.29 3 0
github.com/maxmcd/bramble/pkg/progressui/display.go:299.4,299.29 1 0
github.com/maxmcd/bramble/pkg/progressui/display.go:295.29,298.5 2 0
github.com/maxmcd/bramble/pkg/progressui/display.go:304.47,306.26 2 0
github.com/maxmcd/bramble/pkg/progressui/display.go:309.2,310.31 2 0
github.com/maxmcd/bramble/pkg/progressui/display.go:316.2,316.31 1 0
github.com/maxmcd/bramble/pkg/progressui/display.go:360.2,360.10 1 0
github.com/maxmcd/bramble/pkg/progressui/display.go:306.26,308.3 1 0
github.com/maxmcd/bramble/pkg/progressui/display.go:310.31,311.25 1 0
github.com/maxmcd/bramble/pkg/progressui/display.go:311.25,313.4 1 0
github.com/maxmcd/bramble/pkg/progressui/display.go:316.31,317.18 1 0
github.com/maxmcd/bramble/pkg/progressui/display.go:321.3,328.20 3 0
github.com/maxmcd/bramble/pkg/progressui/display.go:337.3,337.15 1 0
github.com/maxmcd/bramble/pkg/progressui/display.go:340.3,342.32 3 0
github.com/maxmcd/bramble/pkg/progressui/display.go:355.3,357.21 3 0
github.com/maxmcd/bramble/pkg/progressui/display.go:317.18,319.12 2 0
github.com/maxmcd/bramble/pkg/progressui/display.go:328.20,329.60 1 0
github.com/maxmcd/bramble/pkg/progressui/display.go:329.60,332.5 2 0
github.com/maxmcd/bramble/pkg/progressui/display.go:332.10,335.5 2 0
github.com/maxmcd/bramble/pkg/progressui/display.go:337.15,339.4 1 0
github.com/maxmcd/bramble/pkg/progressui/display.go:342.32,348.20 2 0
github.com/maxmcd/bramble/pkg/progressui/display.go:353.4,353.26 1 0
github.com/maxmcd/bramble/pkg/progressui/display.go:348.20,350.5 1 0
github.com/maxmcd/bramble/pkg/progressui/display.go:350.10,350.29 1 0
github.com/maxmcd/bramble/pkg/progressui/display.go:350.29,352.5 1 0
github.com/maxmcd/bramble/pkg/progressui/display.go:363.55,364.18 1 0
github.com/maxmcd/bramble/pkg/progressui/display.go:367.2,367.6 1 0
github.com/maxmcd/bramble/pkg/progressui/display.go:364.18,366.3 1 0
github.com/maxmcd/bramble/pkg/progressui/display.go:367.6,368.19 1 0
github.com/maxmcd/bramble/pkg/progressui/display.go:371.3,372.16 2 0
github.com/maxmcd/bramble/pkg/progressui/display.go:376.3,377.18 2 0
github.com/maxmcd/bramble/pkg/progressui/display.go:368.19,370.4 1 0
github.com/maxmcd/bramble/pkg/progressui/display.go:372.16,375.4 2 0
github.com/maxmcd/bramble/pkg/progressui/display.go:381.57,382.15 1 0
github.com/maxmcd/bramble/pkg/progressui/display.go:385.2,386.11 2 0
github.com/maxmcd/bramble/pkg/progressui/display.go:382.15,384.3 1 0
github.com/maxmcd/bramble/pkg/progressui/display.go:396.43,399.19 3 0
github.com/maxmcd/bramble/pkg/progressui/display.go:406.2,406.22 1 0
github.com/maxmcd/bramble/pkg/progressui/display.go:399.19,401.54 2 0
github.com/maxmcd/bramble/pkg/progressui/display.go:401.54,404.4 2 0
github.com/maxmcd/bramble/pkg/progressui/display.go:409.63,412.25 3 0
github.com/maxmcd/bramble/pkg/progressui/display.go:420.2,420.45 1 0
github.com/maxmcd/bramble/pkg/progressui/display.go:426.2,430.62 4 0
github.com/maxmcd/bramble/pkg/progressui/display.go:436.2,436.10 1 0
github.com/maxmcd/bramble/pkg/progressui/display.go:440.2,440.13 1 0
github.com/maxmcd/bramble/pkg/progressui/display.go:412.25,413.74 1 0
github.com/maxmcd/bramble/pkg/progressui/display.go:416.3,416.29 1 0
github.com/maxmcd/bramble/pkg/progressui/display.go:413.74,415.4 1 0
github.com/maxmcd/bramble/pkg/progressui/display.go:416.29,418.4 1 0
github.com/maxmcd/bramble/pkg/progressui/display.go:420.45,424.3 3 0
github.com/maxmcd/bramble/pkg/progressui/display.go:430.62,434.3 3 0
github.com/maxmcd/bramble/pkg/progressui/display.go:436.10,438.3 1 0
github.com/maxmcd/bramble/pkg/progressui/display.go:443.72,447.39 3 0
github.com/maxmcd/bramble/pkg/progressui/display.go:450.2,450.20 1 0
github.com/maxmcd/bramble/pkg/progressui/display.go:453.2,457.69 4 0
github.com/maxmcd/bramble/pkg/progressui/display.go:461.2,468.27 7 0
github.com/maxmcd/bramble/pkg/progressui/display.go:532.2,532.50 1 0
github.com/maxmcd/bramble/pkg/progressui/display.go:538.2,538.28 1 0
github.com/maxmcd/bramble/pkg/progressui/display.go:447.39,449.3 1 0
github.com/maxmcd/bramble/pkg/progressui/display.go:450.20,452.3 1 0
github.com/maxmcd/bramble/pkg/progressui/display.go:457.69,459.3 1 0
github.com/maxmcd/bramble/pkg/progressui/display.go:468.27,470.29 2 0
github.com/maxmcd/bramble/pkg/progressui/display.go:473.3,473.25 1 0
github.com/maxmcd/bramble/pkg/progressui/display.go:476.3,477.16 2 0
github.com/maxmcd/bramble/pkg/progressui/display.go:480.3,486.19 6 0
github.com/maxmcd/bramble/pkg/progressui/display.go:492.3,492.16 1 0
github.com/maxmcd/bramble/pkg/progressui/display.go:495.3,496.23 2 0
github.com/maxmcd/bramble/pkg/progressui/display.go:500.3,501.17 2 0
github.com/maxmcd/bramble/pkg/progressui/display.go:505.3,506.29 2 0
github.com/maxmcd/bramble/pkg/progressui/display.go:515.3,517.17 3 0
github.com/maxmcd/bramble/pkg/progressui/display.go:470.29,472.4 1 0
github.com/maxmcd/bramble/pkg/progressui/display.go:473.25,474.12 1 0
github.com/maxmcd/bramble/pkg/progressui/display.go:477.16,479.4 1 0
github.com/maxmcd/bramble/pkg/progressui/display.go:486.19,487.29 1 0
github.com/maxmcd/bramble/pkg/progressui/display.go:487.29,490.5 2 0
github.com/maxmcd/bramble/pkg/progressui/display.go:492.16,493.12 1 0
github.com/maxmcd/bramble/pkg/progressui/display.go:496.23,498.4 1 0
github.com/maxmcd/bramble/pkg/progressui/display.go:501.17,503.4 1 0
github.com/maxmcd/bramble/pkg/progressui/display.go:506.29,508.20 2 0
github.com/maxmcd/bramble/pkg/progressui/display.go:513.4,513.31 1 0
github.com/maxmcd/bramble/pkg/progressui/display.go:508.20,510.5 1 0
github.com/maxmcd/bramble/pkg/progressui/display.go:510.10,510.25 1 0
github.com/maxmcd/bramble/pkg/progressui/display.go:510.25,512.5 1 0
github.com/maxmcd/bramble/pkg/progressui/display.go:517.17,520.35 3 0
github.com/maxmcd/bramble/pkg/progressui/display.go:527.4,528.22 2 0
github.com/maxmcd/bramble/pkg/progressui/display.go:520.35,521.20 1 0
github.com/maxmcd/bramble/pkg/progressui/display.go:521.20,525.6 3 0
github.com/maxmcd/bramble/pkg/progressui/display.go:532.50,533.29 1 0
github.com/maxmcd/bramble/pkg/progressui/display.go:536.3,536.69 1 0
github.com/maxmcd/bramble/pkg/progressui/display.go:533.29,535.4 1 0
github.com/maxmcd/bramble/pkg/progressui/display.go:541.29,542.22 1 0
github.com/maxmcd/bramble/pkg/progressui/display.go:547.2,547.13 1 0
github.com/maxmcd/bramble/pkg/progressui/display.go:542.22,543.15 1 0
github.com/maxmcd/bramble/pkg/progressui/display.go:543.15,545.4 1 0
github.com/maxmcd/bramble/pkg/progressui/display.go:550.39,552.2 1 0
github.com/maxmcd/bramble/pkg/progressui/display.go:554.45,555.15 1 0
github.com/maxmcd/bramble/pkg/progressui/display.go:558.2,560.20 3 0
github.com/maxmcd/bramble/pkg/progressui/display.go:583.2,583.16 1 0
github.com/maxmcd/bramble/pkg/progressui/display.go:555.15,557.3 1 0
github.com/maxmcd/bramble/pkg/progressui/display.go:560.20,565.38 3 0
github.com/maxmcd/bramble/pkg/progressui/display.go:571.3,571.33 1 0
github.com/maxmcd/bramble/pkg/progressui/display.go:565.38,566.30 1 0
github.com/maxmcd/bramble/pkg/progressui/display.go:566.30,568.5 1 0
github.com/maxmcd/bramble/pkg/progressui/display.go:571.33,573.30 2 0
github.com/maxmcd/bramble/pkg/progressui/display.go:579.4,580.72 2 0
github.com/maxmcd/bramble/pkg/progressui/display.go:573.30,574.41 1 0
github.com/maxmcd/bramble/pkg/progressui/display.go:577.5,577.8 1 0
github.com/maxmcd/bramble/pkg/progressui/display.go:574.41,576.6 1 0
github.com/maxmcd/bramble/pkg/assert/assert.go:78.55,80.2 1 1
github.com/maxmcd/bramble/pkg/assert/assert.go:84.52,86.9 2 0
github.com/maxmcd/bramble/pkg/assert/assert.go:89.2,89.10 1 0
github.com/maxmcd/bramble/pkg/assert/assert.go:86.9,87.67 1 0
github.com/maxmcd/bramble/pkg/assert/assert.go:100.54,101.17 1 1
github.com/maxmcd/bramble/pkg/assert/assert.go:112.2,112.26 1 1
github.com/maxmcd/bramble/pkg/assert/assert.go:101.17,111.3 3 1
github.com/maxmcd/bramble/pkg/assert/assert.go:117.128,119.78 2 0
github.com/maxmcd/bramble/pkg/assert/assert.go:122.2,122.63 1 0
github.com/maxmcd/bramble/pkg/assert/assert.go:125.2,125.27 1 0
github.com/maxmcd/bramble/pkg/assert/assert.go:119.78,121.3 1 0
github.com/maxmcd/bramble/pkg/assert/assert.go:122.63,124.3 1 0
github.com/maxmcd/bramble/pkg/assert/assert.go:129.130,131.103 2 0
github.com/maxmcd/bramble/pkg/assert/assert.go:134.2,135.16 2 0
github.com/maxmcd/bramble/pkg/assert/assert.go:138.2,138.31 1 0
github.com/maxmcd/bramble/pkg/assert/assert.go:131.103,133.3 1 0
github.com/maxmcd/bramble/pkg/assert/assert.go:135.16,137.3 1 0
github.com/maxmcd/bramble/pkg/assert/assert.go:142.128,143.20 1 0
github.com/maxmcd/bramble/pkg/assert/assert.go:146.2,151.45 4 0
github.com/maxmcd/bramble/pkg/assert/assert.go:156.2,158.24 3 0
github.com/maxmcd/bramble/pkg/assert/assert.go:161.2,161.27 1 0
github.com/maxmcd/bramble/pkg/assert/assert.go:143.20,145.3 1 0
github.com/maxmcd/bramble/pkg/assert/assert.go:151.45,153.3 1 0
github.com/maxmcd/bramble/pkg/assert/assert.go:153.8,155.3 1 0
github.com/maxmcd/bramble/pkg/assert/assert.go:158.24,160.3 1 0
github.com/maxmcd/bramble/pkg/assert/assert.go:165.129,166.21 1 0
github.com/maxmcd/bramble/pkg/assert/assert.go:169.2,169.20 1 0
github.com/maxmcd/bramble/pkg/assert/assert.go:172.2,173.21 2 0
github.com/maxmcd/bramble/pkg/assert/assert.go:166.21,168.3 1 0
github.com/maxmcd/bramble/pkg/assert/assert.go:169.20,171.3 1 0
github.com/maxmcd/bramble/pkg/bramble/bramble.go:49.13,68.2 5 1
github.com/maxmcd/bramble/pkg/bramble/bramble.go:101.106,104.13 2 1
github.com/maxmcd/bramble/pkg/bramble/bramble.go:108.2,108.63 1 1
github.com/maxmcd/bramble/pkg/bramble/bramble.go:104.13,106.3 1 1
github.com/maxmcd/bramble/pkg/bramble/bramble.go:111.52,113.2 1 1
github.com/maxmcd/bramble/pkg/bramble/bramble.go:115.105,117.16 2 1
github.com/maxmcd/bramble/pkg/bramble/bramble.go:120.2,122.12 3 1
github.com/maxmcd/bramble/pkg/bramble/bramble.go:125.2,128.58 3 1
github.com/maxmcd/bramble/pkg/bramble/bramble.go:132.2,132.37 1 1
github.com/maxmcd/bramble/pkg/bramble/bramble.go:117.16,119.3 1 0
github.com/maxmcd/bramble/pkg/bramble/bramble.go:122.12,124.3 1 1
github.com/maxmcd/bramble/pkg/bramble/bramble.go:128.58,130.3 1 0
github.com/maxmcd/bramble/pkg/bramble/bramble.go:135.108,141.16 5 1
github.com/maxmcd/bramble/pkg/bramble/bramble.go:144.2,147.42 4 1
github.com/maxmcd/bramble/pkg/bramble/bramble.go:152.2,152.16 1 1
github.com/maxmcd/bramble/pkg/bramble/bramble.go:155.2,155.8 1 1
github.com/maxmcd/bramble/pkg/bramble/bramble.go:141.16,143.3 1 0
github.com/maxmcd/bramble/pkg/bramble/bramble.go:147.42,149.3 1 0
github.com/maxmcd/bramble/pkg/bramble/bramble.go:149.8,151.3 1 1
github.com/maxmcd/bramble/pkg/bramble/bramble.go:152.16,154.3 1 1
github.com/maxmcd/bramble/pkg/bramble/bramble.go:158.97,164.16 5 1
github.com/maxmcd/bramble/pkg/bramble/bramble.go:167.2,167.34 1 1
github.com/maxmcd/bramble/pkg/bramble/bramble.go:173.2,174.39 2 1
github.com/maxmcd/bramble/pkg/bramble/bramble.go:180.2,181.16 2 1
github.com/maxmcd/bramble/pkg/bramble/bramble.go:185.2,185.73 1 1
github.com/maxmcd/bramble/pkg/bramble/bramble.go:189.2,189.21 1 1
[...]
github.com/maxmcd/bramble/pkg/bramble/bramble.go:942.85,944.16 2 0
github.com/maxmcd/bramble/pkg/bramble/bramble.go:947.2,947.59 1 0
github.com/maxmcd/bramble/pkg/bramble/bramble.go:944.16,946.3 1 0
github.com/maxmcd/bramble/pkg/bramble/bramble.go:950.71,951.31 1 0
github.com/maxmcd/bramble/pkg/bramble/bramble.go:954.2,954.50 1 0
github.com/maxmcd/bramble/pkg/bramble/bramble.go:957.2,957.94 1 0
github.com/maxmcd/bramble/pkg/bramble/bramble.go:951.31,953.3 1 0
github.com/maxmcd/bramble/pkg/bramble/bramble.go:954.50,956.3 1 0
github.com/maxmcd/bramble/pkg/bramble/bramble.go:957.94,958.17 1 0
github.com/maxmcd/bramble/pkg/bramble/bramble.go:961.3,961.50 1 0
github.com/maxmcd/bramble/pkg/bramble/bramble.go:964.3,965.13 2 0
github.com/maxmcd/bramble/pkg/bramble/bramble.go:958.17,960.4 1 0
github.com/maxmcd/bramble/pkg/bramble/bramble.go:961.50,963.4 1 0
github.com/maxmcd/bramble/pkg/bramble/bramble.go:972.45,972.46 0 0
github.com/maxmcd/bramble/pkg/bramble/bramble.go:973.44,973.59 1 0
github.com/maxmcd/bramble/pkg/bramble/bramble.go:975.88,977.16 2 0
github.com/maxmcd/bramble/pkg/bramble/bramble.go:980.2,980.50 1 0
github.com/maxmcd/bramble/pkg/bramble/bramble.go:977.16,979.3 1 0
github.com/maxmcd/bramble/pkg/bramble/bramble.go:983.106,987.8 4 1
github.com/maxmcd/bramble/pkg/bramble/bramble.go:993.2,994.16 2 1
github.com/maxmcd/bramble/pkg/bramble/bramble.go:997.2,997.15 1 1
github.com/maxmcd/bramble/pkg/bramble/bramble.go:998.2,999.43 2 1
github.com/maxmcd/bramble/pkg/bramble/bramble.go:1002.2,1006.8 4 1
github.com/maxmcd/bramble/pkg/bramble/bramble.go:1018.2,1018.39 1 1
github.com/maxmcd/bramble/pkg/bramble/bramble.go:1021.2,1022.16 2 1
github.com/maxmcd/bramble/pkg/bramble/bramble.go:1026.2,1027.40 2 1
github.com/maxmcd/bramble/pkg/bramble/bramble.go:1030.2,1031.16 2 1
github.com/maxmcd/bramble/pkg/bramble/bramble.go:1034.2,1036.55 3 1
github.com/maxmcd/bramble/pkg/bramble/bramble.go:987.8,990.3 1 0
github.com/maxmcd/bramble/pkg/bramble/bramble.go:994.16,996.3 1 0
github.com/maxmcd/bramble/pkg/bramble/bramble.go:997.15,997.32 1 1
github.com/maxmcd/bramble/pkg/bramble/bramble.go:999.43,1001.3 1 0
github.com/maxmcd/bramble/pkg/bramble/bramble.go:1006.8,1010.17 2 0
github.com/maxmcd/bramble/pkg/bramble/bramble.go:1013.3,1014.49 2 0
github.com/maxmcd/bramble/pkg/bramble/bramble.go:1010.17,1012.4 1 0
github.com/maxmcd/bramble/pkg/bramble/bramble.go:1018.39,1020.3 1 0
github.com/maxmcd/bramble/pkg/bramble/bramble.go:1022.16,1024.3 1 0
github.com/maxmcd/bramble/pkg/bramble/bramble.go:1027.40,1029.3 1 0
github.com/maxmcd/bramble/pkg/bramble/bramble.go:1031.16,1033.3 1 0
github.com/maxmcd/bramble/pkg/bramble/bramble.go:1039.106,1041.16 2 1
github.com/maxmcd/bramble/pkg/bramble/bramble.go:1044.2,1045.22 2 1
github.com/maxmcd/bramble/pkg/bramble/bramble.go:1051.2,1052.15 2 1
github.com/maxmcd/bramble/pkg/bramble/bramble.go:1041.16,1043.3 1 0
github.com/maxmcd/bramble/pkg/bramble/bramble.go:1045.22,1047.35 1 1
github.com/maxmcd/bramble/pkg/bramble/bramble.go:1047.35,1049.4 1 0
github.com/maxmcd/bramble/pkg/bramble/bramble.go:1055.48,1058.2 2 0
github.com/maxmcd/bramble/pkg/bramble/bramble.go:1060.106,1061.20 1 1
github.com/maxmcd/bramble/pkg/bramble/bramble.go:1069.2,1070.16 2 1
github.com/maxmcd/bramble/pkg/bramble/bramble.go:1073.2,1076.16 3 1
github.com/maxmcd/bramble/pkg/bramble/bramble.go:1079.2,1080.9 2 1
github.com/maxmcd/bramble/pkg/bramble/bramble.go:1085.2,1087.16 3 1
github.com/maxmcd/bramble/pkg/bramble/bramble.go:1094.2,1095.8 2 1
github.com/maxmcd/bramble/pkg/bramble/bramble.go:1061.20,1065.3 3 0
github.com/maxmcd/bramble/pkg/bramble/bramble.go:1070.16,1072.3 1 0
github.com/maxmcd/bramble/pkg/bramble/bramble.go:1076.16,1078.3 1 0
github.com/maxmcd/bramble/pkg/bramble/bramble.go:1080.9,1083.3 2 0
github.com/maxmcd/bramble/pkg/bramble/bramble.go:1087.16,1090.3 2 0
github.com/maxmcd/bramble/pkg/bramble/bramble.go:1098.95,1099.24 1 0
github.com/maxmcd/bramble/pkg/bramble/bramble.go:1102.2,1103.16 2 0
github.com/maxmcd/bramble/pkg/bramble/bramble.go:1106.2,1106.26 1 0
github.com/maxmcd/bramble/pkg/bramble/bramble.go:1109.2,1112.45 2 0
github.com/maxmcd/bramble/pkg/bramble/bramble.go:1116.2,1116.48 1 0
github.com/maxmcd/bramble/pkg/bramble/bramble.go:1119.2,1122.69 4 0
github.com/maxmcd/bramble/pkg/bramble/bramble.go:1125.2,1125.20 1 0
github.com/maxmcd/bramble/pkg/bramble/bramble.go:1099.24,1101.3 1 0
github.com/maxmcd/bramble/pkg/bramble/bramble.go:1103.16,1105.3 1 0
github.com/maxmcd/bramble/pkg/bramble/bramble.go:1106.26,1108.3 1 0
github.com/maxmcd/bramble/pkg/bramble/bramble.go:1112.45,1114.3 1 0
github.com/maxmcd/bramble/pkg/bramble/bramble.go:1116.48,1118.3 1 0
github.com/maxmcd/bramble/pkg/bramble/bramble.go:1122.69,1124.3 1 0
github.com/maxmcd/bramble/pkg/bramble/bramble.go:1128.40,1130.2 1 1
github.com/maxmcd/bramble/pkg/bramble/bramble.go:1132.127,1133.24 1 1
github.com/maxmcd/bramble/pkg/bramble/bramble.go:1136.2,1136.74 1 1
github.com/maxmcd/bramble/pkg/bramble/bramble.go:1139.2,1139.78 1 1
github.com/maxmcd/bramble/pkg/bramble/bramble.go:1143.2,1143.58 1 1
github.com/maxmcd/bramble/pkg/bramble/bramble.go:1133.24,1135.3 1 0
github.com/maxmcd/bramble/pkg/bramble/bramble.go:1136.74,1138.3 1 0
github.com/maxmcd/bramble/pkg/bramble/bramble.go:1139.78,1141.3 1 0
github.com/maxmcd/bramble/pkg/bramble/bramble.go:1146.77,1147.28 1 1
github.com/maxmcd/bramble/pkg/bramble/bramble.go:1159.2,1159.8 1 0
github.com/maxmcd/bramble/pkg/bramble/bramble.go:1148.19,1149.26 1 1
github.com/maxmcd/bramble/pkg/bramble/bramble.go:1150.22,1151.49 1 0
github.com/maxmcd/bramble/pkg/bramble/bramble.go:1154.22,1155.23 1 0
github.com/maxmcd/bramble/pkg/bramble/bramble.go:1151.49,1153.4 1 0
github.com/maxmcd/bramble/pkg/bramble/bramble.go:1155.23,1157.4 1 0
github.com/maxmcd/bramble/pkg/bramble/bramble.go:1162.46,1164.16 2 1
github.com/maxmcd/bramble/pkg/bramble/bramble.go:1167.2,1170.34 3 1
github.com/maxmcd/bramble/pkg/bramble/bramble.go:1179.2,1185.48 6 1
github.com/maxmcd/bramble/pkg/bramble/bramble.go:1222.2,1222.22 1 1
github.com/maxmcd/bramble/pkg/bramble/bramble.go:1227.2,1228.16 2 1
github.com/maxmcd/bramble/pkg/bramble/bramble.go:1231.2,1231.29 1 1
github.com/maxmcd/bramble/pkg/bramble/bramble.go:1240.2,1240.12 1 1
github.com/maxmcd/bramble/pkg/bramble/bramble.go:1164.16,1166.3 1 0
github.com/maxmcd/bramble/pkg/bramble/bramble.go:1170.34,1172.17 2 1
github.com/maxmcd/bramble/pkg/bramble/bramble.go:1177.3,1177.33 1 1
github.com/maxmcd/bramble/pkg/bramble/bramble.go:1172.17,1175.12 1 0
github.com/maxmcd/bramble/pkg/bramble/bramble.go:1185.48,1186.23 1 1
github.com/maxmcd/bramble/pkg/bramble/bramble.go:1189.3,1192.14 4 1
github.com/maxmcd/bramble/pkg/bramble/bramble.go:1196.3,1196.17 1 1
github.com/maxmcd/bramble/pkg/bramble/bramble.go:1199.3,1199.82 1 1
github.com/maxmcd/bramble/pkg/bramble/bramble.go:1203.3,1205.41 3 1
github.com/maxmcd/bramble/pkg/bramble/bramble.go:1220.3,1220.13 1 1
github.com/maxmcd/bramble/pkg/bramble/bramble.go:1186.23,1188.4 1 1
github.com/maxmcd/bramble/pkg/bramble/bramble.go:1192.14,1195.4 2 1
github.com/maxmcd/bramble/pkg/bramble/bramble.go:1196.17,1198.4 1 0
github.com/maxmcd/bramble/pkg/bramble/bramble.go:1199.82,1201.4 1 1
github.com/maxmcd/bramble/pkg/bramble/bramble.go:1205.41,1207.36 2 1
github.com/maxmcd/bramble/pkg/bramble/bramble.go:1210.4,1213.18 4 1
github.com/maxmcd/bramble/pkg/bramble/bramble.go:1216.4,1216.89 1 0
github.com/maxmcd/bramble/pkg/bramble/bramble.go:1207.36,1208.13 1 0
github.com/maxmcd/bramble/pkg/bramble/bramble.go:1213.18,1214.13 1 1
github.com/maxmcd/bramble/pkg/bramble/bramble.go:1216.89,1217.15 1 0
github.com/maxmcd/bramble/pkg/bramble/bramble.go:1222.22,1223.16 1 0
github.com/maxmcd/bramble/pkg/bramble/bramble.go:1228.16,1230.3 1 0
github.com/maxmcd/bramble/pkg/bramble/bramble.go:1231.29,1232.44 1 1
github.com/maxmcd/bramble/pkg/bramble/bramble.go:1235.3,1236.73 2 1
github.com/maxmcd/bramble/pkg/bramble/bramble.go:1232.44,1233.12 1 1
github.com/maxmcd/bramble/pkg/bramble/bramble.go:1236.73,1238.4 1 0
github.com/maxmcd/bramble/pkg/bramble/bramble.go:1243.89,1246.16 3 1
github.com/maxmcd/bramble/pkg/bramble/bramble.go:1250.2,1250.26 1 1
github.com/maxmcd/bramble/pkg/bramble/bramble.go:1271.2,1271.8 1 1
github.com/maxmcd/bramble/pkg/bramble/bramble.go:1246.16,1248.3 1 0
github.com/maxmcd/bramble/pkg/bramble/bramble.go:1250.26,1253.17 3 1
github.com/maxmcd/bramble/pkg/bramble/bramble.go:1256.3,1257.64 2 1
github.com/maxmcd/bramble/pkg/bramble/bramble.go:1263.3,1264.17 2 1
github.com/maxmcd/bramble/pkg/bramble/bramble.go:1269.3,1269.45 1 1
github.com/maxmcd/bramble/pkg/bramble/bramble.go:1253.17,1255.4 1 0
github.com/maxmcd/bramble/pkg/bramble/bramble.go:1257.64,1260.12 3 0
github.com/maxmcd/bramble/pkg/bramble/bramble.go:1264.17,1268.4 1 0
github.com/maxmcd/bramble/pkg/bramble/bramble.go:1274.93,1278.40 3 1
github.com/maxmcd/bramble/pkg/bramble/bramble.go:1281.2,1282.31 2 1
github.com/maxmcd/bramble/pkg/bramble/bramble.go:1289.2,1290.16 2 1
github.com/maxmcd/bramble/pkg/bramble/bramble.go:1293.2,1293.15 1 1
github.com/maxmcd/bramble/pkg/bramble/bramble.go:1294.2,1296.55 3 1
github.com/maxmcd/bramble/pkg/bramble/bramble.go:1299.2,1300.23 2 1
github.com/maxmcd/bramble/pkg/bramble/bramble.go:1278.40,1280.3 1 1
github.com/maxmcd/bramble/pkg/bramble/bramble.go:1282.31,1284.17 1 1
github.com/maxmcd/bramble/pkg/bramble/bramble.go:1287.3,1287.54 1 1
github.com/maxmcd/bramble/pkg/bramble/bramble.go:1284.17,1286.4 1 1
github.com/maxmcd/bramble/pkg/bramble/bramble.go:1290.16,1292.3 1 0
github.com/maxmcd/bramble/pkg/bramble/bramble.go:1293.15,1293.32 1 1
github.com/maxmcd/bramble/pkg/bramble/bramble.go:1296.55,1298.3 1 0
github.com/maxmcd/bramble/pkg/bramble/bramble.go:1303.56,1305.2 1 0
github.com/maxmcd/bramble/pkg/bramble/bramble.go:1307.80,1308.48 1 1
github.com/maxmcd/bramble/pkg/bramble/bramble.go:1311.2,1311.32 1 1
github.com/maxmcd/bramble/pkg/bramble/bramble.go:1314.2,1315.16 2 1
github.com/maxmcd/bramble/pkg/bramble/bramble.go:1318.2,1318.57 1 1
github.com/maxmcd/bramble/pkg/bramble/bramble.go:1323.2,1324.46 2 1
github.com/maxmcd/bramble/pkg/bramble/bramble.go:1308.48,1310.3 1 0
github.com/maxmcd/bramble/pkg/bramble/bramble.go:1311.32,1313.3 1 0
github.com/maxmcd/bramble/pkg/bramble/bramble.go:1315.16,1317.3 1 0
github.com/maxmcd/bramble/pkg/bramble/bramble.go:1318.57,1320.3 1 1
github.com/maxmcd/bramble/pkg/bramble/bramble.go:1320.8,1322.3 1 1
github.com/maxmcd/bramble/pkg/bramble/bramble.go:1327.89,1328.54 1 1
github.com/maxmcd/bramble/pkg/bramble/bramble.go:1335.2,1335.40 1 1
github.com/maxmcd/bramble/pkg/bramble/bramble.go:1343.2,1349.29 5 1
github.com/maxmcd/bramble/pkg/bramble/bramble.go:1353.2,1355.9 2 1
github.com/maxmcd/bramble/pkg/bramble/bramble.go:1365.2,1365.41 1 1
github.com/maxmcd/bramble/pkg/bramble/bramble.go:1328.54,1333.3 3 0
github.com/maxmcd/bramble/pkg/bramble/bramble.go:1335.40,1337.14 2 0
github.com/maxmcd/bramble/pkg/bramble/bramble.go:1340.3,1340.46 1 0
github.com/maxmcd/bramble/pkg/bramble/bramble.go:1337.14,1339.4 1 0
github.com/maxmcd/bramble/pkg/bramble/bramble.go:1349.29,1351.3 1 1
github.com/maxmcd/bramble/pkg/bramble/bramble.go:1356.64,1357.29 1 1
github.com/maxmcd/bramble/pkg/bramble/bramble.go:1358.26,1359.27 1 1
github.com/maxmcd/bramble/pkg/bramble/bramble.go:1360.10,1362.9 2 0
github.com/maxmcd/bramble/pkg/bramble/bramble.go:1368.78,1374.51 2 1
github.com/maxmcd/bramble/pkg/bramble/bramble.go:1379.2,1379.41 1 1
github.com/maxmcd/bramble/pkg/bramble/bramble.go:1384.2,1384.97 1 1
github.com/maxmcd/bramble/pkg/bramble/bramble.go:1388.2,1389.57 2 1
github.com/maxmcd/bramble/pkg/bramble/bramble.go:1395.2,1396.49 2 1
github.com/maxmcd/bramble/pkg/bramble/bramble.go:1374.51,1376.3 1 0
github.com/maxmcd/bramble/pkg/bramble/bramble.go:1379.41,1381.3 1 0
github.com/maxmcd/bramble/pkg/bramble/bramble.go:1384.97,1386.3 1 0
github.com/maxmcd/bramble/pkg/bramble/bramble.go:1389.57,1390.73 1 1
github.com/maxmcd/bramble/pkg/bramble/bramble.go:1390.73,1392.4 1 0
github.com/maxmcd/bramble/pkg/bramble/bramble.go:1399.51,1401.25 2 1
github.com/maxmcd/bramble/pkg/bramble/bramble.go:1405.2,1405.21 1 0
github.com/maxmcd/bramble/pkg/bramble/bramble.go:1401.25,1404.3 1 1
github.com/maxmcd/bramble/pkg/bramble/bramble.go:1408.95,1409.20 1 1
github.com/maxmcd/bramble/pkg/bramble/bramble.go:1414.2,1416.19 3 1
github.com/maxmcd/bramble/pkg/bramble/bramble.go:1420.2,1423.8 4 1
github.com/maxmcd/bramble/pkg/bramble/bramble.go:1409.20,1412.3 2 0
github.com/maxmcd/bramble/pkg/bramble/bramble.go:1416.19,1419.3 2 0
github.com/maxmcd/bramble/pkg/bramble/docker.go:49.80,53.16 2 0
github.com/maxmcd/bramble/pkg/bramble/docker.go:57.2,57.22 1 0
github.com/maxmcd/bramble/pkg/bramble/docker.go:61.2,62.12 2 0
github.com/maxmcd/bramble/pkg/bramble/docker.go:53.16,55.3 1 0
github.com/maxmcd/bramble/pkg/bramble/docker.go:57.22,59.3 1 0
github.com/maxmcd/bramble/pkg/bramble/docker.go:65.67,69.16 2 0
github.com/maxmcd/bramble/pkg/bramble/docker.go:72.2,72.44 1 0
github.com/maxmcd/bramble/pkg/bramble/docker.go:77.2,83.17 4 0
github.com/maxmcd/bramble/pkg/bramble/docker.go:86.2,86.70 1 0
github.com/maxmcd/bramble/pkg/bramble/docker.go:89.2,89.41 1 0
github.com/maxmcd/bramble/pkg/bramble/docker.go:93.2,97.17 1 0
github.com/maxmcd/bramble/pkg/bramble/docker.go:100.2,100.12 1 0
github.com/maxmcd/bramble/pkg/bramble/docker.go:69.16,71.3 1 0
github.com/maxmcd/bramble/pkg/bramble/docker.go:72.44,74.3 1 0
github.com/maxmcd/bramble/pkg/bramble/docker.go:83.17,85.3 1 0
github.com/maxmcd/bramble/pkg/bramble/docker.go:86.70,88.3 1 0
github.com/maxmcd/bramble/pkg/bramble/docker.go:89.41,91.3 1 0
github.com/maxmcd/bramble/pkg/bramble/docker.go:97.17,99.3 1 0
github.com/maxmcd/bramble/pkg/bramble/docker.go:103.111,109.16 5 0
github.com/maxmcd/bramble/pkg/bramble/docker.go:112.2,112.28 1 0
github.com/maxmcd/bramble/pkg/bramble/docker.go:115.2,115.35 1 0
github.com/maxmcd/bramble/pkg/bramble/docker.go:119.2,120.63 2 0
github.com/maxmcd/bramble/pkg/bramble/docker.go:124.2,133.56 3 0
github.com/maxmcd/bramble/pkg/bramble/docker.go:152.2,152.32 1 0
github.com/maxmcd/bramble/pkg/bramble/docker.go:162.2,162.57 1 0
github.com/maxmcd/bramble/pkg/bramble/docker.go:166.2,172.15 4 0
github.com/maxmcd/bramble/pkg/bramble/docker.go:173.2,197.16 2 0
github.com/maxmcd/bramble/pkg/bramble/docker.go:200.2,200.15 1 0
github.com/maxmcd/bramble/pkg/bramble/docker.go:208.2,222.16 4 0
github.com/maxmcd/bramble/pkg/bramble/docker.go:227.2,229.59 3 0
github.com/maxmcd/bramble/pkg/bramble/docker.go:234.2,234.72 1 0
github.com/maxmcd/bramble/pkg/bramble/docker.go:238.2,240.17 1 0
github.com/maxmcd/bramble/pkg/bramble/docker.go:243.2,243.24 1 0
github.com/maxmcd/bramble/pkg/bramble/docker.go:247.2,247.30 1 0
github.com/maxmcd/bramble/pkg/bramble/docker.go:251.2,251.8 1 0
github.com/maxmcd/bramble/pkg/bramble/docker.go:109.16,111.3 1 0
github.com/maxmcd/bramble/pkg/bramble/docker.go:112.28,114.3 1 0
github.com/maxmcd/bramble/pkg/bramble/docker.go:115.35,117.3 1 0
github.com/maxmcd/bramble/pkg/bramble/docker.go:120.63,122.3 1 0
github.com/maxmcd/bramble/pkg/bramble/docker.go:133.56,143.3 3 0
github.com/maxmcd/bramble/pkg/bramble/docker.go:143.8,144.50 1 0
github.com/maxmcd/bramble/pkg/bramble/docker.go:144.50,149.4 1 0
github.com/maxmcd/bramble/pkg/bramble/docker.go:152.32,160.3 1 0
github.com/maxmcd/bramble/pkg/bramble/docker.go:162.57,164.3 1 0
github.com/maxmcd/bramble/pkg/bramble/docker.go:172.15,172.31 1 0
github.com/maxmcd/bramble/pkg/bramble/docker.go:197.16,199.3 1 0
github.com/maxmcd/bramble/pkg/bramble/docker.go:200.15,204.30 2 0
github.com/maxmcd/bramble/pkg/bramble/docker.go:204.30,206.4 1 0
github.com/maxmcd/bramble/pkg/bramble/docker.go:222.16,225.3 2 0
github.com/maxmcd/bramble/pkg/bramble/docker.go:229.59,232.3 2 0
github.com/maxmcd/bramble/pkg/bramble/docker.go:234.72,236.3 1 0
github.com/maxmcd/bramble/pkg/bramble/docker.go:240.17,242.3 1 0
github.com/maxmcd/bramble/pkg/bramble/docker.go:243.24,246.3 2 0
github.com/maxmcd/bramble/pkg/bramble/docker.go:247.30,250.3 2 0
github.com/maxmcd/bramble/pkg/bramble/docker.go:254.29,257.2 2 0
github.com/maxmcd/bramble/pkg/bramble/docker.go:259.80,266.16 6 0
github.com/maxmcd/bramble/pkg/bramble/docker.go:269.2,270.63 2 0
github.com/maxmcd/bramble/pkg/bramble/docker.go:273.2,273.57 1 0
github.com/maxmcd/bramble/pkg/bramble/docker.go:276.2,309.16 9 0
github.com/maxmcd/bramble/pkg/bramble/docker.go:313.2,314.15 2 0
github.com/maxmcd/bramble/pkg/bramble/docker.go:315.2,345.16 2 0
github.com/maxmcd/bramble/pkg/bramble/docker.go:349.2,349.15 1 0
github.com/maxmcd/bramble/pkg/bramble/docker.go:358.2,371.16 4 0
github.com/maxmcd/bramble/pkg/bramble/docker.go:374.2,376.59 3 0
github.com/maxmcd/bramble/pkg/bramble/docker.go:380.2,380.73 1 0
github.com/maxmcd/bramble/pkg/bramble/docker.go:384.2,386.17 1 0
github.com/maxmcd/bramble/pkg/bramble/docker.go:389.2,389.24 1 0
github.com/maxmcd/bramble/pkg/bramble/docker.go:392.2,392.30 1 0
github.com/maxmcd/bramble/pkg/bramble/docker.go:395.2,395.12 1 0
github.com/maxmcd/bramble/pkg/bramble/docker.go:266.16,268.3 1 0
github.com/maxmcd/bramble/pkg/bramble/docker.go:270.63,272.3 1 0
github.com/maxmcd/bramble/pkg/bramble/docker.go:273.57,275.3 1 0
github.com/maxmcd/bramble/pkg/bramble/docker.go:309.16,311.3 1 0
github.com/maxmcd/bramble/pkg/bramble/docker.go:314.15,314.31 1 0
github.com/maxmcd/bramble/pkg/bramble/docker.go:345.16,347.3 1 0
github.com/maxmcd/bramble/pkg/bramble/docker.go:349.15,353.30 2 0
github.com/maxmcd/bramble/pkg/bramble/docker.go:353.30,355.4 1 0
github.com/maxmcd/bramble/pkg/bramble/docker.go:371.16,373.3 1 0
github.com/maxmcd/bramble/pkg/bramble/docker.go:376.59,378.3 1 0
github.com/maxmcd/bramble/pkg/bramble/docker.go:380.73,382.3 1 0
github.com/maxmcd/bramble/pkg/bramble/docker.go:386.17,388.3 1 0
github.com/maxmcd/bramble/pkg/bramble/docker.go:389.24,391.3 1 0
github.com/maxmcd/bramble/pkg/bramble/docker.go:392.30,394.3 1 0
github.com/maxmcd/bramble/pkg/bramble/errors.go:16.49,20.2 1 0
github.com/maxmcd/bramble/pkg/cmd/progressui/main.go:13.13,17.12 3 0
github.com/maxmcd/bramble/pkg/cmd/progressui/main.go:50.2,50.97 1 0
github.com/maxmcd/bramble/pkg/cmd/progressui/main.go:17.12,49.3 3 0
github.com/maxmcd/bramble/pkg/starutil/conversions.go:9.73,13.26 4 1
github.com/maxmcd/bramble/pkg/starutil/conversions.go:21.2,21.8 1 1
github.com/maxmcd/bramble/pkg/starutil/conversions.go:13.26,16.17 3 1
github.com/maxmcd/bramble/pkg/starutil/conversions.go:19.3,19.30 1 1
github.com/maxmcd/bramble/pkg/starutil/conversions.go:16.17,18.4 1 0
github.com/maxmcd/bramble/pkg/starutil/conversions.go:24.66,28.26 4 1
github.com/maxmcd/bramble/pkg/starutil/conversions.go:32.2,32.8 1 1
github.com/maxmcd/bramble/pkg/starutil/conversions.go:28.26,31.3 2 1
github.com/maxmcd/bramble/pkg/starutil/conversions.go:35.80,37.34 2 1
github.com/maxmcd/bramble/pkg/starutil/conversions.go:49.2,49.8 1 1
github.com/maxmcd/bramble/pkg/starutil/conversions.go:37.34,40.17 3 1
github.com/maxmcd/bramble/pkg/starutil/conversions.go:43.3,44.17 2 1
github.com/maxmcd/bramble/pkg/starutil/conversions.go:47.3,47.29 1 1
github.com/maxmcd/bramble/pkg/starutil/conversions.go:40.17,42.4 1 0
github.com/maxmcd/bramble/pkg/starutil/conversions.go:44.17,46.4 1 0
github.com/maxmcd/bramble/pkg/starutil/conversions.go:52.64,53.32 1 1
github.com/maxmcd/bramble/pkg/starutil/conversions.go:56.2,56.25 1 1
github.com/maxmcd/bramble/pkg/starutil/conversions.go:70.2,70.8 1 1
github.com/maxmcd/bramble/pkg/starutil/conversions.go:53.32,55.3 1 1
github.com/maxmcd/bramble/pkg/starutil/conversions.go:57.23,58.21 1 1
github.com/maxmcd/bramble/pkg/starutil/conversions.go:59.20,60.19 1 0
github.com/maxmcd/bramble/pkg/starutil/conversions.go:61.21,62.8 1 0
github.com/maxmcd/bramble/pkg/starutil/conversions.go:67.10,68.85 1 0
github.com/maxmcd/bramble/pkg/starutil/conversions.go:62.8,64.4 1 0
github.com/maxmcd/bramble/pkg/starutil/conversions.go:64.9,66.4 1 0
github.com/maxmcd/bramble/main.go:5.13,7.2 1 0
github.com/maxmcd/bramble/pkg/cmd/bramble-setuid/main.go:9.13,13.2 2 0
