mode: set
github.com/maxmcd/bramble/internal/assert/assert.go:78.55,80.2 1 1
github.com/maxmcd/bramble/internal/assert/assert.go:84.52,86.9 2 0
github.com/maxmcd/bramble/internal/assert/assert.go:89.2,89.10 1 0
github.com/maxmcd/bramble/internal/assert/assert.go:86.9,87.67 1 0
github.com/maxmcd/bramble/internal/assert/assert.go:100.54,101.17 1 1
github.com/maxmcd/bramble/internal/assert/assert.go:112.2,112.26 1 1
github.com/maxmcd/bramble/internal/assert/assert.go:101.17,111.3 3 1
github.com/maxmcd/bramble/internal/assert/assert.go:117.128,119.78 2 1
github.com/maxmcd/bramble/internal/assert/assert.go:122.2,122.63 1 1
github.com/maxmcd/bramble/internal/assert/assert.go:125.2,125.27 1 0
github.com/maxmcd/bramble/internal/assert/assert.go:119.78,121.3 1 0
github.com/maxmcd/bramble/internal/assert/assert.go:122.63,124.3 1 1
github.com/maxmcd/bramble/internal/assert/assert.go:130.130,132.103 2 1
github.com/maxmcd/bramble/internal/assert/assert.go:135.2,136.16 2 1
github.com/maxmcd/bramble/internal/assert/assert.go:139.2,139.31 1 1
github.com/maxmcd/bramble/internal/assert/assert.go:132.103,134.3 1 0
github.com/maxmcd/bramble/internal/assert/assert.go:136.16,138.3 1 0
github.com/maxmcd/bramble/internal/assert/assert.go:143.128,144.20 1 0
github.com/maxmcd/bramble/internal/assert/assert.go:147.2,152.45 4 0
github.com/maxmcd/bramble/internal/assert/assert.go:157.2,159.24 3 0
github.com/maxmcd/bramble/internal/assert/assert.go:162.2,162.27 1 0
github.com/maxmcd/bramble/internal/assert/assert.go:144.20,146.3 1 0
github.com/maxmcd/bramble/internal/assert/assert.go:152.45,154.3 1 0
github.com/maxmcd/bramble/internal/assert/assert.go:154.8,156.3 1 0
github.com/maxmcd/bramble/internal/assert/assert.go:159.24,161.3 1 0
github.com/maxmcd/bramble/internal/assert/assert.go:166.129,167.21 1 0
github.com/maxmcd/bramble/internal/assert/assert.go:170.2,170.20 1 0
github.com/maxmcd/bramble/internal/assert/assert.go:173.2,174.21 2 0
github.com/maxmcd/bramble/internal/assert/assert.go:167.21,169.3 1 0
github.com/maxmcd/bramble/internal/assert/assert.go:170.20,172.3 1 0
github.com/maxmcd/bramble/internal/project/exec_module.go:35.111,43.20 7 1
github.com/maxmcd/bramble/internal/project/exec_module.go:49.2,52.16 3 1
github.com/maxmcd/bramble/internal/project/exec_module.go:55.2,58.16 3 1
github.com/maxmcd/bramble/internal/project/exec_module.go:62.2,63.14 2 1
github.com/maxmcd/bramble/internal/project/exec_module.go:74.2,78.35 5 1
github.com/maxmcd/bramble/internal/project/exec_module.go:124.2,124.29 1 1
github.com/maxmcd/bramble/internal/project/exec_module.go:129.2,129.8 1 1
github.com/maxmcd/bramble/internal/project/exec_module.go:43.20,47.3 3 0
github.com/maxmcd/bramble/internal/project/exec_module.go:52.16,54.3 1 0
github.com/maxmcd/bramble/internal/project/exec_module.go:58.16,60.3 1 0
github.com/maxmcd/bramble/internal/project/exec_module.go:63.14,65.10 2 0
github.com/maxmcd/bramble/internal/project/exec_module.go:69.3,69.17 1 0
github.com/maxmcd/bramble/internal/project/exec_module.go:65.10,68.4 1 0
github.com/maxmcd/bramble/internal/project/exec_module.go:70.8,72.3 1 1
github.com/maxmcd/bramble/internal/project/exec_module.go:78.35,80.75 2 1
github.com/maxmcd/bramble/internal/project/exec_module.go:87.3,89.17 3 1
github.com/maxmcd/bramble/internal/project/exec_module.go:94.3,94.34 1 1
github.com/maxmcd/bramble/internal/project/exec_module.go:101.3,101.49 1 1
github.com/maxmcd/bramble/internal/project/exec_module.go:106.3,106.25 1 1
github.com/maxmcd/bramble/internal/project/exec_module.go:114.3,114.37 1 1
github.com/maxmcd/bramble/internal/project/exec_module.go:119.3,119.65 1 1
github.com/maxmcd/bramble/internal/project/exec_module.go:80.75,83.12 1 1
github.com/maxmcd/bramble/internal/project/exec_module.go:89.17,91.4 1 0
github.com/maxmcd/bramble/internal/project/exec_module.go:94.34,97.4 2 1
github.com/maxmcd/bramble/internal/project/exec_module.go:101.49,103.4 1 1
github.com/maxmcd/bramble/internal/project/exec_module.go:106.25,107.34 1 0
github.com/maxmcd/bramble/internal/project/exec_module.go:110.4,110.38 1 0
github.com/maxmcd/bramble/internal/project/exec_module.go:107.34,109.5 1 0
github.com/maxmcd/bramble/internal/project/exec_module.go:114.37,116.4 1 1
github.com/maxmcd/bramble/internal/project/exec_module.go:119.65,121.4 1 1
github.com/maxmcd/bramble/internal/project/exec_module.go:124.29,128.3 2 0
github.com/maxmcd/bramble/internal/project/exec_module.go:132.154,136.2 3 1
github.com/maxmcd/bramble/internal/project/exec_module.go:138.89,140.39 2 1
github.com/maxmcd/bramble/internal/project/exec_module.go:177.2,177.19 1 1
github.com/maxmcd/bramble/internal/project/exec_module.go:140.39,143.68 3 1
github.com/maxmcd/bramble/internal/project/exec_module.go:163.3,164.23 2 1
github.com/maxmcd/bramble/internal/project/exec_module.go:170.3,170.31 1 1
github.com/maxmcd/bramble/internal/project/exec_module.go:175.3,175.34 1 1
github.com/maxmcd/bramble/internal/project/exec_module.go:143.68,145.40 2 1
github.com/maxmcd/bramble/internal/project/exec_module.go:159.4,159.14 1 1
github.com/maxmcd/bramble/internal/project/exec_module.go:145.40,147.15 2 1
github.com/maxmcd/bramble/internal/project/exec_module.go:150.5,150.19 1 1
github.com/maxmcd/bramble/internal/project/exec_module.go:153.5,155.61 3 1
github.com/maxmcd/bramble/internal/project/exec_module.go:147.15,149.6 1 0
github.com/maxmcd/bramble/internal/project/exec_module.go:150.19,152.6 1 0
github.com/maxmcd/bramble/internal/project/exec_module.go:155.61,157.6 1 0
github.com/maxmcd/bramble/internal/project/exec_module.go:164.23,166.30 2 0
github.com/maxmcd/bramble/internal/project/exec_module.go:166.30,168.5 1 0
github.com/maxmcd/bramble/internal/project/exec_module.go:170.31,171.61 1 1
github.com/maxmcd/bramble/internal/project/exec_module.go:171.61,173.5 1 0
github.com/maxmcd/bramble/internal/project/exec_module.go:180.100,183.25 3 1
github.com/maxmcd/bramble/internal/project/exec_module.go:187.2,187.21 1 1
github.com/maxmcd/bramble/internal/project/exec_module.go:200.2,200.8 1 1
github.com/maxmcd/bramble/internal/project/exec_module.go:183.25,185.3 1 1
github.com/maxmcd/bramble/internal/project/exec_module.go:187.21,192.10 4 1
github.com/maxmcd/bramble/internal/project/exec_module.go:195.3,196.40 2 1
github.com/maxmcd/bramble/internal/project/exec_module.go:192.10,193.30 1 0
github.com/maxmcd/bramble/internal/project/exec_module.go:196.40,198.4 1 1
github.com/maxmcd/bramble/internal/project/exec_module.go:203.106,205.2 1 1
github.com/maxmcd/bramble/internal/project/exec_module.go:207.108,211.27 4 1
github.com/maxmcd/bramble/internal/project/exec_module.go:215.2,217.14 2 1
github.com/maxmcd/bramble/internal/project/exec_module.go:223.2,223.8 1 1
github.com/maxmcd/bramble/internal/project/exec_module.go:228.2,231.16 3 1
github.com/maxmcd/bramble/internal/project/exec_module.go:235.2,237.21 3 1
github.com/maxmcd/bramble/internal/project/exec_module.go:211.27,213.3 1 0
github.com/maxmcd/bramble/internal/project/exec_module.go:217.14,219.3 1 1
github.com/maxmcd/bramble/internal/project/exec_module.go:223.8,225.3 1 0
github.com/maxmcd/bramble/internal/project/exec_module.go:231.16,233.3 1 0
github.com/maxmcd/bramble/internal/project/exec_module.go:250.48,255.2 1 1
github.com/maxmcd/bramble/internal/project/exec_module.go:257.51,261.2 3 1
github.com/maxmcd/bramble/internal/project/exec_module.go:263.81,267.17 3 1
github.com/maxmcd/bramble/internal/project/exec_module.go:271.2,281.19 6 1
github.com/maxmcd/bramble/internal/project/exec_module.go:267.17,270.3 2 1
github.com/maxmcd/bramble/internal/project/exec_module.go:284.67,288.2 3 1
github.com/maxmcd/bramble/internal/project/exec_module.go:290.54,294.17 4 1
github.com/maxmcd/bramble/internal/project/exec_module.go:298.2,298.15 1 1
github.com/maxmcd/bramble/internal/project/exec_module.go:294.17,297.3 1 0
github.com/maxmcd/bramble/internal/command/bramble.go:16.71,17.60 1 1
github.com/maxmcd/bramble/internal/command/bramble.go:20.2,20.57 1 1
github.com/maxmcd/bramble/internal/command/bramble.go:23.2,29.15 3 1
github.com/maxmcd/bramble/internal/command/bramble.go:17.60,19.3 1 0
github.com/maxmcd/bramble/internal/command/bramble.go:20.57,22.3 1 0
github.com/maxmcd/bramble/v/github.com/go4org/go4/lock/lock_sigzero.go:24.13,26.2 1 1
github.com/maxmcd/bramble/v/cmd/go/par/work.go:27.23,28.20 1 0
github.com/maxmcd/bramble/v/cmd/go/par/work.go:28.20,30.3 1 0
github.com/maxmcd/bramble/v/cmd/go/par/work.go:34.38,37.20 3 0
github.com/maxmcd/bramble/v/cmd/go/par/work.go:44.2,44.15 1 0
github.com/maxmcd/bramble/v/cmd/go/par/work.go:37.20,40.20 3 0
github.com/maxmcd/bramble/v/cmd/go/par/work.go:40.20,42.4 1 0
github.com/maxmcd/bramble/v/cmd/go/par/work.go:54.52,55.11 1 0
github.com/maxmcd/bramble/v/cmd/go/par/work.go:58.2,58.20 1 0
github.com/maxmcd/bramble/v/cmd/go/par/work.go:62.2,66.27 4 0
github.com/maxmcd/bramble/v/cmd/go/par/work.go:69.2,69.12 1 0
github.com/maxmcd/bramble/v/cmd/go/par/work.go:55.11,56.30 1 0
github.com/maxmcd/bramble/v/cmd/go/par/work.go:58.20,59.42 1 0
github.com/maxmcd/bramble/v/cmd/go/par/work.go:66.27,68.3 1 0
github.com/maxmcd/bramble/v/cmd/go/par/work.go:75.25,76.6 1 0
github.com/maxmcd/bramble/v/cmd/go/par/work.go:76.6,79.24 2 0
github.com/maxmcd/bramble/v/cmd/go/par/work.go:95.3,101.12 6 0
github.com/maxmcd/bramble/v/cmd/go/par/work.go:79.24,81.30 2 0
github.com/maxmcd/bramble/v/cmd/go/par/work.go:87.4,88.15 2 0
github.com/maxmcd/bramble/v/cmd/go/par/work.go:81.30,86.5 3 0
github.com/maxmcd/bramble/v/cmd/go/par/work.go:119.71,121.9 2 0
github.com/maxmcd/bramble/v/cmd/go/par/work.go:124.2,125.37 2 0
github.com/maxmcd/bramble/v/cmd/go/par/work.go:133.2,133.17 1 0
github.com/maxmcd/bramble/v/cmd/go/par/work.go:121.9,123.3 1 0
github.com/maxmcd/bramble/v/cmd/go/par/work.go:125.37,127.38 2 0
github.com/maxmcd/bramble/v/cmd/go/par/work.go:131.3,131.16 1 0
github.com/maxmcd/bramble/v/cmd/go/par/work.go:127.38,130.4 2 0
github.com/maxmcd/bramble/v/cmd/go/par/work.go:139.50,141.9 2 0
github.com/maxmcd/bramble/v/cmd/go/par/work.go:144.2,145.37 2 0
github.com/maxmcd/bramble/v/cmd/go/par/work.go:148.2,148.17 1 0
github.com/maxmcd/bramble/v/cmd/go/par/work.go:141.9,143.3 1 0
github.com/maxmcd/bramble/v/cmd/go/par/work.go:145.37,147.3 1 0
github.com/maxmcd/bramble/v/cmd/go/par/work.go:158.25,159.46 1 0
github.com/maxmcd/bramble/v/cmd/go/par/work.go:159.46,162.3 2 0
github.com/maxmcd/bramble/v/cmd/go/par/work.go:172.41,174.2 1 0
github.com/maxmcd/bramble/v/cmd/go/par/work.go:183.59,184.42 1 0
github.com/maxmcd/bramble/v/cmd/go/par/work.go:184.42,185.16 1 0
github.com/maxmcd/bramble/v/cmd/go/par/work.go:188.3,188.14 1 0
github.com/maxmcd/bramble/v/cmd/go/par/work.go:185.16,187.4 1 0
github.com/maxmcd/bramble/internal/project/derivation.go:24.13,43.2 5 1
github.com/maxmcd/bramble/internal/project/derivation.go:73.46,73.96 1 1
github.com/maxmcd/bramble/internal/project/derivation.go:74.46,74.69 1 1
github.com/maxmcd/bramble/internal/project/derivation.go:75.47,75.48 0 0
github.com/maxmcd/bramble/internal/project/derivation.go:76.46,76.70 1 0
github.com/maxmcd/bramble/internal/project/derivation.go:77.46,77.96 1 0
github.com/maxmcd/bramble/internal/project/derivation.go:79.43,82.2 2 0
github.com/maxmcd/bramble/internal/project/derivation.go:84.43,86.2 1 0
github.com/maxmcd/bramble/internal/project/derivation.go:88.37,91.2 2 1
github.com/maxmcd/bramble/internal/project/derivation.go:93.37,95.2 1 1
github.com/maxmcd/bramble/internal/project/derivation.go:97.46,98.26 1 1
github.com/maxmcd/bramble/internal/project/derivation.go:101.2,101.14 1 0
github.com/maxmcd/bramble/internal/project/derivation.go:98.26,100.3 1 1
github.com/maxmcd/bramble/internal/project/derivation.go:104.67,105.32 1 1
github.com/maxmcd/bramble/internal/project/derivation.go:111.2,111.8 1 1
github.com/maxmcd/bramble/internal/project/derivation.go:105.32,110.3 1 1
github.com/maxmcd/bramble/internal/project/derivation.go:114.60,116.2 1 1
github.com/maxmcd/bramble/internal/project/derivation.go:118.51,119.32 1 1
github.com/maxmcd/bramble/internal/project/derivation.go:124.2,124.14 1 0
github.com/maxmcd/bramble/internal/project/derivation.go:119.32,120.16 1 1
github.com/maxmcd/bramble/internal/project/derivation.go:120.16,122.4 1 1
github.com/maxmcd/bramble/internal/project/derivation.go:127.73,128.26 1 1
github.com/maxmcd/bramble/internal/project/derivation.go:131.2,131.55 1 1
github.com/maxmcd/bramble/internal/project/derivation.go:128.26,130.3 1 0
github.com/maxmcd/bramble/internal/project/derivation.go:134.50,135.27 1 0
github.com/maxmcd/bramble/internal/project/derivation.go:138.2,138.20 1 0
github.com/maxmcd/bramble/internal/project/derivation.go:135.27,136.21 1 0
github.com/maxmcd/bramble/internal/project/derivation.go:141.88,143.34 2 1
github.com/maxmcd/bramble/internal/project/derivation.go:147.2,149.12 3 1
github.com/maxmcd/bramble/internal/project/derivation.go:143.34,145.3 1 1
github.com/maxmcd/bramble/internal/project/derivation.go:155.97,159.28 1 0
github.com/maxmcd/bramble/internal/project/derivation.go:164.2,171.12 5 0
github.com/maxmcd/bramble/internal/project/derivation.go:159.28,162.102 1 0
github.com/maxmcd/bramble/internal/project/derivation.go:179.76,180.28 1 1
github.com/maxmcd/bramble/internal/project/derivation.go:192.2,192.8 1 1
github.com/maxmcd/bramble/internal/project/derivation.go:181.18,182.25 1 1
github.com/maxmcd/bramble/internal/project/derivation.go:183.22,184.49 1 1
github.com/maxmcd/bramble/internal/project/derivation.go:187.22,188.23 1 0
github.com/maxmcd/bramble/internal/project/derivation.go:184.49,186.4 1 1
github.com/maxmcd/bramble/internal/project/derivation.go:188.23,190.4 1 0
github.com/maxmcd/bramble/internal/project/derivation.go:195.47,196.34 1 1
github.com/maxmcd/bramble/internal/project/derivation.go:204.2,204.99 1 1
github.com/maxmcd/bramble/internal/project/derivation.go:196.34,200.3 1 0
github.com/maxmcd/bramble/internal/project/derivation.go:207.156,208.49 1 1
github.com/maxmcd/bramble/internal/project/derivation.go:212.2,213.16 2 1
github.com/maxmcd/bramble/internal/project/derivation.go:216.2,217.17 2 1
github.com/maxmcd/bramble/internal/project/derivation.go:208.49,210.3 1 0
github.com/maxmcd/bramble/internal/project/derivation.go:213.16,215.3 1 0
github.com/maxmcd/bramble/internal/project/derivation.go:220.116,242.16 3 1
github.com/maxmcd/bramble/internal/project/derivation.go:246.2,248.32 2 1
github.com/maxmcd/bramble/internal/project/derivation.go:251.2,251.69 1 1
github.com/maxmcd/bramble/internal/project/derivation.go:255.2,256.24 2 1
github.com/maxmcd/bramble/internal/project/derivation.go:260.2,260.22 1 1
github.com/maxmcd/bramble/internal/project/derivation.go:266.2,266.40 1 1
github.com/maxmcd/bramble/internal/project/derivation.go:272.2,272.16 1 1
github.com/maxmcd/bramble/internal/project/derivation.go:278.2,278.20 1 1
github.com/maxmcd/bramble/internal/project/derivation.go:292.2,296.17 4 1
github.com/maxmcd/bramble/internal/project/derivation.go:242.16,244.3 1 0
github.com/maxmcd/bramble/internal/project/derivation.go:248.32,250.3 1 0
github.com/maxmcd/bramble/internal/project/derivation.go:251.69,253.3 1 0
github.com/maxmcd/bramble/internal/project/derivation.go:256.24,258.3 1 0
github.com/maxmcd/bramble/internal/project/derivation.go:260.22,261.76 1 1
github.com/maxmcd/bramble/internal/project/derivation.go:261.76,263.4 1 0
github.com/maxmcd/bramble/internal/project/derivation.go:266.40,268.32 2 1
github.com/maxmcd/bramble/internal/project/derivation.go:268.32,270.4 1 0
github.com/maxmcd/bramble/internal/project/derivation.go:272.16,273.65 1 1
github.com/maxmcd/bramble/internal/project/derivation.go:273.65,275.4 1 0
github.com/maxmcd/bramble/internal/project/derivation.go:278.20,281.17 3 0
github.com/maxmcd/bramble/internal/project/derivation.go:284.3,284.28 1 0
github.com/maxmcd/bramble/internal/project/derivation.go:287.3,287.28 1 0
github.com/maxmcd/bramble/internal/project/derivation.go:281.17,283.4 1 0
github.com/maxmcd/bramble/internal/project/derivation.go:284.28,286.4 1 0
github.com/maxmcd/bramble/internal/project/derivation.go:303.62,304.24 1 1
github.com/maxmcd/bramble/internal/project/derivation.go:307.2,307.23 1 1
github.com/maxmcd/bramble/internal/project/derivation.go:310.2,310.32 1 1
github.com/maxmcd/bramble/internal/project/derivation.go:313.2,313.33 1 1
github.com/maxmcd/bramble/internal/project/derivation.go:316.2,316.12 1 1
github.com/maxmcd/bramble/internal/project/derivation.go:304.24,306.3 1 1
github.com/maxmcd/bramble/internal/project/derivation.go:307.23,309.3 1 0
github.com/maxmcd/bramble/internal/project/derivation.go:310.32,312.3 1 1
github.com/maxmcd/bramble/internal/project/derivation.go:313.33,315.3 1 1
github.com/maxmcd/bramble/internal/project/derivation.go:322.45,322.46 0 0
github.com/maxmcd/bramble/internal/project/derivation.go:323.44,323.59 1 0
github.com/maxmcd/bramble/internal/project/derivation.go:325.66,328.78 3 1
github.com/maxmcd/bramble/internal/project/derivation.go:339.2,339.39 1 1
github.com/maxmcd/bramble/internal/project/derivation.go:328.78,332.53 1 1
github.com/maxmcd/bramble/internal/project/derivation.go:332.53,337.4 1 1
github.com/maxmcd/bramble/internal/project/derivation.go:342.64,343.39 1 1
github.com/maxmcd/bramble/internal/project/derivation.go:348.2,348.20 1 1
github.com/maxmcd/bramble/internal/project/derivation.go:351.2,352.33 2 1
github.com/maxmcd/bramble/internal/project/derivation.go:359.2,359.19 1 1
github.com/maxmcd/bramble/internal/project/derivation.go:343.39,345.3 1 1
github.com/maxmcd/bramble/internal/project/derivation.go:348.20,350.3 1 1
github.com/maxmcd/bramble/internal/project/derivation.go:352.33,353.25 1 1
github.com/maxmcd/bramble/internal/project/derivation.go:356.3,357.20 2 1
github.com/maxmcd/bramble/internal/project/derivation.go:353.25,354.12 1 1
github.com/maxmcd/bramble/pkg/sandbox/tty_linux.go:26.52,30.2 3 0
github.com/maxmcd/bramble/pkg/sandbox/tty_linux.go:32.56,37.2 4 0
github.com/maxmcd/bramble/pkg/sandbox/tty_linux.go:39.39,42.63 1 0
github.com/maxmcd/bramble/pkg/sandbox/tty_linux.go:56.2,57.16 2 0
github.com/maxmcd/bramble/pkg/sandbox/tty_linux.go:60.2,61.16 2 0
github.com/maxmcd/bramble/pkg/sandbox/tty_linux.go:65.2,66.12 2 0
github.com/maxmcd/bramble/pkg/sandbox/tty_linux.go:42.63,44.17 2 0
github.com/maxmcd/bramble/pkg/sandbox/tty_linux.go:48.3,48.45 1 0
github.com/maxmcd/bramble/pkg/sandbox/tty_linux.go:52.3,52.54 1 0
github.com/maxmcd/bramble/pkg/sandbox/tty_linux.go:44.17,47.4 2 0
github.com/maxmcd/bramble/pkg/sandbox/tty_linux.go:48.45,49.12 1 0
github.com/maxmcd/bramble/pkg/sandbox/tty_linux.go:57.16,59.3 1 0
github.com/maxmcd/bramble/pkg/sandbox/tty_linux.go:61.16,63.3 1 0
github.com/maxmcd/bramble/pkg/sandbox/tty_linux.go:69.83,71.16 2 0
github.com/maxmcd/bramble/pkg/sandbox/tty_linux.go:74.2,75.16 2 0
github.com/maxmcd/bramble/pkg/sandbox/tty_linux.go:78.2,79.16 2 0
github.com/maxmcd/bramble/pkg/sandbox/tty_linux.go:82.2,83.16 2 0
github.com/maxmcd/bramble/pkg/sandbox/tty_linux.go:86.2,87.16 2 0
github.com/maxmcd/bramble/pkg/sandbox/tty_linux.go:90.2,90.15 1 0
github.com/maxmcd/bramble/pkg/sandbox/tty_linux.go:95.2,95.12 1 0
github.com/maxmcd/bramble/pkg/sandbox/tty_linux.go:96.2,96.12 1 0
github.com/maxmcd/bramble/pkg/sandbox/tty_linux.go:97.2,101.47 3 0
github.com/maxmcd/bramble/pkg/sandbox/tty_linux.go:104.2,109.12 5 0
github.com/maxmcd/bramble/pkg/sandbox/tty_linux.go:71.16,73.3 1 0
github.com/maxmcd/bramble/pkg/sandbox/tty_linux.go:75.16,77.3 1 0
github.com/maxmcd/bramble/pkg/sandbox/tty_linux.go:79.16,81.3 1 0
github.com/maxmcd/bramble/pkg/sandbox/tty_linux.go:83.16,85.3 1 0
github.com/maxmcd/bramble/pkg/sandbox/tty_linux.go:87.16,89.3 1 0
github.com/maxmcd/bramble/pkg/sandbox/tty_linux.go:90.15,91.17 1 0
github.com/maxmcd/bramble/pkg/sandbox/tty_linux.go:91.17,93.4 1 0
github.com/maxmcd/bramble/pkg/sandbox/tty_linux.go:95.12,95.34 1 0
github.com/maxmcd/bramble/pkg/sandbox/tty_linux.go:96.12,96.54 1 0
github.com/maxmcd/bramble/pkg/sandbox/tty_linux.go:101.47,103.3 1 0
github.com/maxmcd/bramble/pkg/sandbox/tty_linux.go:112.41,118.2 5 0
github.com/maxmcd/bramble/pkg/sandbox/tty_linux.go:120.35,121.23 1 0
github.com/maxmcd/bramble/pkg/sandbox/tty_linux.go:124.2,124.12 1 0
github.com/maxmcd/bramble/pkg/sandbox/tty_linux.go:121.23,123.3 1 0
github.com/maxmcd/bramble/pkg/sandbox/tty_linux.go:129.38,130.32 1 0
github.com/maxmcd/bramble/pkg/sandbox/tty_linux.go:133.2,133.12 1 0
github.com/maxmcd/bramble/pkg/sandbox/tty_linux.go:130.32,132.3 1 0
github.com/maxmcd/bramble/pkg/sandbox/tty_linux.go:138.29,140.32 1 0
github.com/maxmcd/bramble/pkg/sandbox/tty_linux.go:145.2,145.42 1 0
github.com/maxmcd/bramble/pkg/sandbox/tty_linux.go:148.2,149.30 2 0
github.com/maxmcd/bramble/pkg/sandbox/tty_linux.go:152.2,152.26 1 0
github.com/maxmcd/bramble/pkg/sandbox/tty_linux.go:155.2,155.12 1 0
github.com/maxmcd/bramble/pkg/sandbox/tty_linux.go:140.32,142.3 1 0
github.com/maxmcd/bramble/pkg/sandbox/tty_linux.go:145.42,147.3 1 0
github.com/maxmcd/bramble/pkg/sandbox/tty_linux.go:149.30,151.3 1 0
github.com/maxmcd/bramble/pkg/sandbox/tty_linux.go:152.26,154.3 1 0
github.com/maxmcd/bramble/pkg/sandbox/tty_linux.go:158.30,159.46 1 0
github.com/maxmcd/bramble/pkg/sandbox/tty_linux.go:162.2,162.44 1 0
github.com/maxmcd/bramble/pkg/sandbox/tty_linux.go:159.46,161.3 1 0
github.com/maxmcd/bramble/pkg/textreplace/textreplace.go:15.42,17.2 1 0
github.com/maxmcd/bramble/pkg/textreplace/textreplace.go:23.60,24.26 1 0
github.com/maxmcd/bramble/pkg/textreplace/textreplace.go:27.2,28.28 2 0
github.com/maxmcd/bramble/pkg/textreplace/textreplace.go:34.2,35.88 2 0
github.com/maxmcd/bramble/pkg/textreplace/textreplace.go:61.2,61.8 1 0
github.com/maxmcd/bramble/pkg/textreplace/textreplace.go:24.26,26.3 1 0
github.com/maxmcd/bramble/pkg/textreplace/textreplace.go:28.28,29.35 1 0
github.com/maxmcd/bramble/pkg/textreplace/textreplace.go:29.35,31.4 1 0
github.com/maxmcd/bramble/pkg/textreplace/textreplace.go:35.88,37.7 2 0
github.com/maxmcd/bramble/pkg/textreplace/textreplace.go:59.3,59.13 1 0
github.com/maxmcd/bramble/pkg/textreplace/textreplace.go:37.7,38.3 1 0
github.com/maxmcd/bramble/pkg/textreplace/textreplace.go:39.4,40.13 2 0
github.com/maxmcd/bramble/pkg/textreplace/textreplace.go:43.4,45.33 2 0
github.com/maxmcd/bramble/pkg/textreplace/textreplace.go:57.4,57.9 1 0
github.com/maxmcd/bramble/pkg/textreplace/textreplace.go:40.13,41.10 1 0
github.com/maxmcd/bramble/pkg/textreplace/textreplace.go:45.33,47.32 1 0
github.com/maxmcd/bramble/pkg/textreplace/textreplace.go:50.5,50.43 1 0
github.com/maxmcd/bramble/pkg/textreplace/textreplace.go:47.32,48.14 1 0
github.com/maxmcd/bramble/pkg/textreplace/textreplace.go:50.43,54.16 4 0
github.com/maxmcd/bramble/pkg/textreplace/textreplace.go:67.13,68.26 1 0
github.com/maxmcd/bramble/pkg/textreplace/textreplace.go:71.2,72.28 2 0
github.com/maxmcd/bramble/pkg/textreplace/textreplace.go:77.2,78.27 2 0
github.com/maxmcd/bramble/pkg/textreplace/textreplace.go:81.2,82.88 2 0
github.com/maxmcd/bramble/pkg/textreplace/textreplace.go:87.2,87.8 1 0
github.com/maxmcd/bramble/pkg/textreplace/textreplace.go:68.26,70.3 1 0
github.com/maxmcd/bramble/pkg/textreplace/textreplace.go:72.28,73.35 1 0
github.com/maxmcd/bramble/pkg/textreplace/textreplace.go:73.35,75.4 1 0
github.com/maxmcd/bramble/pkg/textreplace/textreplace.go:78.27,80.3 1 0
github.com/maxmcd/bramble/pkg/textreplace/textreplace.go:82.88,86.3 3 0
github.com/maxmcd/bramble/pkg/textreplace/textreplace.go:95.28,96.16 1 0
github.com/maxmcd/bramble/pkg/textreplace/textreplace.go:100.2,101.6 2 0
github.com/maxmcd/bramble/pkg/textreplace/textreplace.go:143.2,143.8 1 0
github.com/maxmcd/bramble/pkg/textreplace/textreplace.go:96.16,99.3 2 0
github.com/maxmcd/bramble/pkg/textreplace/textreplace.go:101.6,106.13 2 0
github.com/maxmcd/bramble/pkg/textreplace/textreplace.go:141.3,141.22 1 0
github.com/maxmcd/bramble/pkg/textreplace/textreplace.go:106.13,107.58 1 0
github.com/maxmcd/bramble/pkg/textreplace/textreplace.go:110.4,111.14 2 0
github.com/maxmcd/bramble/pkg/textreplace/textreplace.go:114.4,114.17 1 0
github.com/maxmcd/bramble/pkg/textreplace/textreplace.go:120.4,120.56 1 0
github.com/maxmcd/bramble/pkg/textreplace/textreplace.go:124.4,124.78 1 0
github.com/maxmcd/bramble/pkg/textreplace/textreplace.go:107.58,109.5 1 0
github.com/maxmcd/bramble/pkg/textreplace/textreplace.go:111.14,113.5 1 0
github.com/maxmcd/bramble/pkg/textreplace/textreplace.go:114.17,116.10 2 0
github.com/maxmcd/bramble/pkg/textreplace/textreplace.go:120.56,122.10 2 0
github.com/maxmcd/bramble/pkg/textreplace/textreplace.go:124.78,125.23 1 0
github.com/maxmcd/bramble/pkg/textreplace/textreplace.go:127.9,127.23 1 0
github.com/maxmcd/bramble/pkg/textreplace/textreplace.go:127.23,128.20 1 0
github.com/maxmcd/bramble/pkg/textreplace/textreplace.go:131.4,132.17 2 0
github.com/maxmcd/bramble/pkg/textreplace/textreplace.go:135.4,136.9 2 0
github.com/maxmcd/bramble/pkg/textreplace/textreplace.go:128.20,130.5 1 0
github.com/maxmcd/bramble/pkg/textreplace/textreplace.go:132.17,134.5 1 0
github.com/maxmcd/bramble/pkg/textreplace/textreplace.go:137.9,139.12 1 0
github.com/maxmcd/bramble/pkg/textreplace/textreplace.go:146.107,147.26 1 0
github.com/maxmcd/bramble/pkg/textreplace/textreplace.go:150.2,150.70 1 0
github.com/maxmcd/bramble/pkg/textreplace/textreplace.go:147.26,149.3 1 0
github.com/maxmcd/bramble/pkg/textreplace/textreplace.go:150.70,153.3 2 0
github.com/maxmcd/bramble/pkg/textreplace/textreplace.go:156.100,157.26 1 0
github.com/maxmcd/bramble/pkg/textreplace/textreplace.go:160.2,160.70 1 0
github.com/maxmcd/bramble/pkg/textreplace/textreplace.go:157.26,159.3 1 0
github.com/maxmcd/bramble/pkg/textreplace/textreplace.go:160.70,162.3 1 0
github.com/maxmcd/bramble/pkg/textreplace/textreplace.go:165.56,167.2 1 0
github.com/maxmcd/bramble/pkg/textreplace/textreplace.go:169.60,170.26 1 0
github.com/maxmcd/bramble/pkg/textreplace/textreplace.go:174.2,175.12 2 0
github.com/maxmcd/bramble/pkg/textreplace/textreplace.go:179.2,179.12 1 0
github.com/maxmcd/bramble/pkg/textreplace/textreplace.go:183.2,183.20 1 0
github.com/maxmcd/bramble/pkg/textreplace/textreplace.go:187.2,188.25 2 0
github.com/maxmcd/bramble/pkg/textreplace/textreplace.go:194.2,194.12 1 0
github.com/maxmcd/bramble/pkg/textreplace/textreplace.go:170.26,172.3 1 0
github.com/maxmcd/bramble/pkg/textreplace/textreplace.go:175.12,178.3 1 0
github.com/maxmcd/bramble/pkg/textreplace/textreplace.go:179.12,182.3 1 0
github.com/maxmcd/bramble/pkg/textreplace/textreplace.go:183.20,185.3 1 0
github.com/maxmcd/bramble/pkg/textreplace/textreplace.go:188.25,193.3 4 0
github.com/maxmcd/bramble/internal/store/cache.go:23.47,30.2 1 0
github.com/maxmcd/bramble/internal/store/cache.go:32.133,38.2 2 0
github.com/maxmcd/bramble/internal/store/cache.go:40.105,47.2 1 0
github.com/maxmcd/bramble/internal/store/cache.go:48.91,50.16 2 0
github.com/maxmcd/bramble/internal/store/cache.go:53.2,58.7 1 0
github.com/maxmcd/bramble/internal/store/cache.go:50.16,52.3 1 0
github.com/maxmcd/bramble/internal/store/cache.go:60.97,67.2 1 0
github.com/maxmcd/bramble/internal/store/cache.go:69.117,76.27 2 0
github.com/maxmcd/bramble/internal/store/cache.go:79.2,79.29 1 0
github.com/maxmcd/bramble/internal/store/cache.go:76.27,78.3 1 0
github.com/maxmcd/bramble/internal/store/cache.go:82.127,89.27 2 0
github.com/maxmcd/bramble/internal/store/cache.go:92.2,92.32 1 0
github.com/maxmcd/bramble/internal/store/cache.go:89.27,91.3 1 0
github.com/maxmcd/bramble/internal/store/cache.go:95.96,102.2 1 0
github.com/maxmcd/bramble/internal/store/cache_server.go:22.81,24.2 1 0
github.com/maxmcd/bramble/internal/store/cache_server.go:34.44,36.72 2 0
github.com/maxmcd/bramble/internal/store/cache_server.go:45.2,45.64 1 0
github.com/maxmcd/bramble/internal/store/cache_server.go:59.2,59.63 1 0
github.com/maxmcd/bramble/internal/store/cache_server.go:68.2,68.63 1 0
github.com/maxmcd/bramble/internal/store/cache_server.go:84.2,84.59 1 0
github.com/maxmcd/bramble/internal/store/cache_server.go:110.2,110.58 1 0
github.com/maxmcd/bramble/internal/store/cache_server.go:129.2,129.15 1 0
github.com/maxmcd/bramble/internal/store/cache_server.go:36.72,38.17 2 0
github.com/maxmcd/bramble/internal/store/cache_server.go:41.3,43.13 3 0
github.com/maxmcd/bramble/internal/store/cache_server.go:38.17,40.4 1 0
github.com/maxmcd/bramble/internal/store/cache_server.go:45.64,47.17 2 0
github.com/maxmcd/bramble/internal/store/cache_server.go:50.3,51.57 2 0
github.com/maxmcd/bramble/internal/store/cache_server.go:55.3,57.13 3 0
github.com/maxmcd/bramble/internal/store/cache_server.go:47.17,49.4 1 0
github.com/maxmcd/bramble/internal/store/cache_server.go:51.57,54.4 1 0
github.com/maxmcd/bramble/internal/store/cache_server.go:59.63,61.17 2 0
github.com/maxmcd/bramble/internal/store/cache_server.go:64.3,65.13 2 0
github.com/maxmcd/bramble/internal/store/cache_server.go:61.17,63.4 1 0
github.com/maxmcd/bramble/internal/store/cache_server.go:68.63,70.70 2 0
github.com/maxmcd/bramble/internal/store/cache_server.go:73.3,74.59 2 0
github.com/maxmcd/bramble/internal/store/cache_server.go:77.3,78.17 2 0
github.com/maxmcd/bramble/internal/store/cache_server.go:81.3,82.13 2 0
github.com/maxmcd/bramble/internal/store/cache_server.go:70.70,72.4 1 0
github.com/maxmcd/bramble/internal/store/cache_server.go:74.59,76.4 1 0
github.com/maxmcd/bramble/internal/store/cache_server.go:78.17,80.4 1 0
github.com/maxmcd/bramble/internal/store/cache_server.go:84.59,86.70 2 0
github.com/maxmcd/bramble/internal/store/cache_server.go:90.3,91.17 2 0
github.com/maxmcd/bramble/internal/store/cache_server.go:94.3,95.97 2 0
github.com/maxmcd/bramble/internal/store/cache_server.go:98.3,98.79 1 0
github.com/maxmcd/bramble/internal/store/cache_server.go:101.3,102.17 2 0
github.com/maxmcd/bramble/internal/store/cache_server.go:105.3,105.60 1 0
github.com/maxmcd/bramble/internal/store/cache_server.go:108.3,108.13 1 0
github.com/maxmcd/bramble/internal/store/cache_server.go:86.70,88.4 1 0
github.com/maxmcd/bramble/internal/store/cache_server.go:91.17,93.4 1 0
github.com/maxmcd/bramble/internal/store/cache_server.go:95.97,97.4 1 0
github.com/maxmcd/bramble/internal/store/cache_server.go:98.79,100.4 1 0
github.com/maxmcd/bramble/internal/store/cache_server.go:102.17,104.4 1 0
github.com/maxmcd/bramble/internal/store/cache_server.go:105.60,107.4 1 0
github.com/maxmcd/bramble/internal/store/cache_server.go:110.58,112.17 2 0
github.com/maxmcd/bramble/internal/store/cache_server.go:115.3,117.17 3 0
github.com/maxmcd/bramble/internal/store/cache_server.go:120.3,120.22 1 0
github.com/maxmcd/bramble/internal/store/cache_server.go:125.3,126.13 2 0
github.com/maxmcd/bramble/internal/store/cache_server.go:112.17,114.4 1 0
github.com/maxmcd/bramble/internal/store/cache_server.go:117.17,119.4 1 0
github.com/maxmcd/bramble/internal/store/cache_server.go:120.22,123.4 2 0
github.com/maxmcd/bramble/internal/command/test.go:11.56,15.16 2 0
github.com/maxmcd/bramble/internal/command/test.go:19.2,27.12 4 0
github.com/maxmcd/bramble/internal/command/test.go:40.2,40.6 1 0
github.com/maxmcd/bramble/internal/command/test.go:15.16,17.3 1 0
github.com/maxmcd/bramble/internal/command/test.go:27.12,29.94 1 0
github.com/maxmcd/bramble/internal/command/test.go:29.94,35.5 1 0
github.com/maxmcd/bramble/internal/command/test.go:36.18,38.4 1 0
github.com/maxmcd/bramble/internal/command/test.go:40.6,41.10 1 0
github.com/maxmcd/bramble/internal/command/test.go:42.25,43.14 1 0
github.com/maxmcd/bramble/internal/command/test.go:44.30,47.51 2 0
github.com/maxmcd/bramble/internal/command/test.go:47.51,51.5 1 0
github.com/maxmcd/bramble/pkg/starutil/conversions.go:9.78,10.17 1 1
github.com/maxmcd/bramble/pkg/starutil/conversions.go:13.2,16.26 4 1
github.com/maxmcd/bramble/pkg/starutil/conversions.go:24.2,24.8 1 1
github.com/maxmcd/bramble/pkg/starutil/conversions.go:10.17,12.3 1 0
github.com/maxmcd/bramble/pkg/starutil/conversions.go:16.26,19.17 3 1
github.com/maxmcd/bramble/pkg/starutil/conversions.go:22.3,22.30 1 1
github.com/maxmcd/bramble/pkg/starutil/conversions.go:19.17,21.4 1 0
github.com/maxmcd/bramble/pkg/starutil/conversions.go:27.66,31.26 4 1
github.com/maxmcd/bramble/pkg/starutil/conversions.go:35.2,35.8 1 1
github.com/maxmcd/bramble/pkg/starutil/conversions.go:31.26,34.3 2 1
github.com/maxmcd/bramble/pkg/starutil/conversions.go:38.80,40.34 2 1
github.com/maxmcd/bramble/pkg/starutil/conversions.go:52.2,52.8 1 1
github.com/maxmcd/bramble/pkg/starutil/conversions.go:40.34,43.17 3 1
github.com/maxmcd/bramble/pkg/starutil/conversions.go:46.3,47.17 2 1
github.com/maxmcd/bramble/pkg/starutil/conversions.go:50.3,50.29 1 1
github.com/maxmcd/bramble/pkg/starutil/conversions.go:43.17,45.4 1 0
github.com/maxmcd/bramble/pkg/starutil/conversions.go:47.17,49.4 1 0
github.com/maxmcd/bramble/pkg/starutil/conversions.go:55.64,56.32 1 1
github.com/maxmcd/bramble/pkg/starutil/conversions.go:59.2,59.25 1 1
github.com/maxmcd/bramble/pkg/starutil/conversions.go:73.2,73.8 1 1
github.com/maxmcd/bramble/pkg/starutil/conversions.go:56.32,58.3 1 1
github.com/maxmcd/bramble/pkg/starutil/conversions.go:60.23,61.21 1 1
github.com/maxmcd/bramble/pkg/starutil/conversions.go:62.20,63.19 1 1
github.com/maxmcd/bramble/pkg/starutil/conversions.go:64.21,65.8 1 1
github.com/maxmcd/bramble/pkg/starutil/conversions.go:70.10,71.85 1 0
github.com/maxmcd/bramble/pkg/starutil/conversions.go:65.8,67.4 1 1
github.com/maxmcd/bramble/pkg/starutil/conversions.go:67.9,69.4 1 0
github.com/maxmcd/bramble/pkg/reptar/reptar.go:32.57,40.86 3 1
github.com/maxmcd/bramble/pkg/reptar/reptar.go:108.2,108.19 1 1
github.com/maxmcd/bramble/pkg/reptar/reptar.go:40.86,41.17 1 1
github.com/maxmcd/bramble/pkg/reptar/reptar.go:44.3,44.23 1 1
github.com/maxmcd/bramble/pkg/reptar/reptar.go:47.3,48.20 2 1
github.com/maxmcd/bramble/pkg/reptar/reptar.go:58.3,58.17 1 1
github.com/maxmcd/bramble/pkg/reptar/reptar.go:61.3,62.17 2 1
github.com/maxmcd/bramble/pkg/reptar/reptar.go:69.3,85.44 10 1
github.com/maxmcd/bramble/pkg/reptar/reptar.go:89.3,89.17 1 1
github.com/maxmcd/bramble/pkg/reptar/reptar.go:92.3,92.34 1 1
github.com/maxmcd/bramble/pkg/reptar/reptar.go:104.3,104.13 1 1
github.com/maxmcd/bramble/pkg/reptar/reptar.go:41.17,43.4 1 0
github.com/maxmcd/bramble/pkg/reptar/reptar.go:44.23,46.4 1 1
github.com/maxmcd/bramble/pkg/reptar/reptar.go:48.20,51.18 3 0
github.com/maxmcd/bramble/pkg/reptar/reptar.go:51.18,53.5 1 0
github.com/maxmcd/bramble/pkg/reptar/reptar.go:58.17,60.4 1 1
github.com/maxmcd/bramble/pkg/reptar/reptar.go:62.17,64.4 1 0
github.com/maxmcd/bramble/pkg/reptar/reptar.go:85.44,87.4 1 0
github.com/maxmcd/bramble/pkg/reptar/reptar.go:89.17,91.4 1 1
github.com/maxmcd/bramble/pkg/reptar/reptar.go:92.34,95.18 3 1
github.com/maxmcd/bramble/pkg/reptar/reptar.go:98.4,99.18 2 1
github.com/maxmcd/bramble/pkg/reptar/reptar.go:102.4,102.20 1 1
github.com/maxmcd/bramble/pkg/reptar/reptar.go:95.18,97.5 1 0
github.com/maxmcd/bramble/pkg/reptar/reptar.go:99.18,101.5 1 0
github.com/maxmcd/bramble/pkg/reptar/reptar.go:105.17,107.3 1 0
github.com/maxmcd/bramble/pkg/reptar/reptar.go:112.61,116.2 3 0
github.com/maxmcd/bramble/pkg/reptar/reptar.go:118.37,120.2 1 1
github.com/maxmcd/bramble/v/untar/untar.go:19.43,21.2 1 0
github.com/maxmcd/bramble/v/untar/untar.go:23.49,29.6 6 0
github.com/maxmcd/bramble/v/untar/untar.go:102.2,102.12 1 0
github.com/maxmcd/bramble/v/untar/untar.go:29.6,31.20 2 0
github.com/maxmcd/bramble/v/untar/untar.go:34.3,34.17 1 0
github.com/maxmcd/bramble/v/untar/untar.go:41.3,46.10 5 0
github.com/maxmcd/bramble/v/untar/untar.go:31.20,32.9 1 0
github.com/maxmcd/bramble/v/untar/untar.go:34.17,37.4 2 0
github.com/maxmcd/bramble/v/untar/untar.go:47.25,53.21 2 0
github.com/maxmcd/bramble/v/untar/untar.go:59.4,60.18 2 0
github.com/maxmcd/bramble/v/untar/untar.go:63.4,64.61 2 0
github.com/maxmcd/bramble/v/untar/untar.go:67.4,67.18 1 0
github.com/maxmcd/bramble/v/untar/untar.go:70.4,70.19 1 0
github.com/maxmcd/bramble/v/untar/untar.go:73.4,74.25 2 0
github.com/maxmcd/bramble/v/untar/untar.go:81.4,81.25 1 0
github.com/maxmcd/bramble/v/untar/untar.go:92.4,92.12 1 0
github.com/maxmcd/bramble/v/untar/untar.go:93.21,94.49 1 0
github.com/maxmcd/bramble/v/untar/untar.go:97.4,97.23 1 0
github.com/maxmcd/bramble/v/untar/untar.go:98.11,99.91 1 0
github.com/maxmcd/bramble/v/untar/untar.go:53.21,54.64 1 0
github.com/maxmcd/bramble/v/untar/untar.go:57.5,57.24 1 0
github.com/maxmcd/bramble/v/untar/untar.go:54.64,56.6 1 0
github.com/maxmcd/bramble/v/untar/untar.go:60.18,62.5 1 0
github.com/maxmcd/bramble/v/untar/untar.go:64.61,66.5 1 0
github.com/maxmcd/bramble/v/untar/untar.go:67.18,69.5 1 0
github.com/maxmcd/bramble/v/untar/untar.go:70.19,72.5 1 0
github.com/maxmcd/bramble/v/untar/untar.go:74.25,80.5 1 0
github.com/maxmcd/bramble/v/untar/untar.go:81.25,82.84 1 0
github.com/maxmcd/bramble/v/untar/untar.go:82.84,90.6 2 0
github.com/maxmcd/bramble/v/untar/untar.go:94.49,96.5 1 0
github.com/maxmcd/bramble/v/untar/untar.go:105.40,106.51 1 0
github.com/maxmcd/bramble/v/untar/untar.go:109.2,110.83 2 0
github.com/maxmcd/bramble/v/untar/untar.go:113.2,113.13 1 0
github.com/maxmcd/bramble/v/untar/untar.go:106.51,108.3 1 0
github.com/maxmcd/bramble/v/untar/untar.go:110.83,112.3 1 0
github.com/maxmcd/bramble/v/untar/untar.go:116.34,117.100 1 0
github.com/maxmcd/bramble/v/untar/untar.go:120.2,120.13 1 0
github.com/maxmcd/bramble/v/untar/untar.go:117.100,119.3 1 0
github.com/maxmcd/bramble/internal/store/derivation.go:63.44,69.2 1 1
github.com/maxmcd/bramble/internal/store/derivation.go:71.67,73.39 2 0
github.com/maxmcd/bramble/internal/store/derivation.go:76.2,76.8 1 0
github.com/maxmcd/bramble/internal/store/derivation.go:73.39,75.3 1 0
github.com/maxmcd/bramble/internal/store/derivation.go:79.73,81.25 1 1
github.com/maxmcd/bramble/internal/store/derivation.go:84.2,84.19 1 1
github.com/maxmcd/bramble/internal/store/derivation.go:89.2,90.32 2 1
github.com/maxmcd/bramble/internal/store/derivation.go:97.2,97.18 1 1
github.com/maxmcd/bramble/internal/store/derivation.go:81.25,83.3 1 1
github.com/maxmcd/bramble/internal/store/derivation.go:84.19,86.3 1 1
github.com/maxmcd/bramble/internal/store/derivation.go:90.32,91.23 1 1
github.com/maxmcd/bramble/internal/store/derivation.go:94.3,95.18 2 1
github.com/maxmcd/bramble/internal/store/derivation.go:91.23,92.12 1 0
github.com/maxmcd/bramble/internal/store/derivation.go:100.44,101.27 1 1
github.com/maxmcd/bramble/internal/store/derivation.go:104.2,104.32 1 1
github.com/maxmcd/bramble/internal/store/derivation.go:109.2,109.14 1 1
github.com/maxmcd/bramble/internal/store/derivation.go:101.27,103.3 1 0
github.com/maxmcd/bramble/internal/store/derivation.go:104.32,105.19 1 1
github.com/maxmcd/bramble/internal/store/derivation.go:105.19,107.4 1 0
github.com/maxmcd/bramble/internal/store/derivation.go:112.51,113.36 1 0
github.com/maxmcd/bramble/internal/store/derivation.go:118.2,118.14 1 0
github.com/maxmcd/bramble/internal/store/derivation.go:113.36,114.16 1 0
github.com/maxmcd/bramble/internal/store/derivation.go:114.16,116.4 1 0
github.com/maxmcd/bramble/internal/store/derivation.go:121.50,122.36 1 0
github.com/maxmcd/bramble/internal/store/derivation.go:129.2,129.17 1 0
github.com/maxmcd/bramble/internal/store/derivation.go:122.36,123.16 1 0
github.com/maxmcd/bramble/internal/store/derivation.go:123.16,124.28 1 0
github.com/maxmcd/bramble/internal/store/derivation.go:124.28,126.5 1 0
github.com/maxmcd/bramble/internal/store/derivation.go:132.83,133.32 1 0
github.com/maxmcd/bramble/internal/store/derivation.go:137.2,138.29 2 0
github.com/maxmcd/bramble/internal/store/derivation.go:145.2,145.17 1 0
github.com/maxmcd/bramble/internal/store/derivation.go:133.32,136.3 1 0
github.com/maxmcd/bramble/internal/store/derivation.go:138.29,140.10 2 0
github.com/maxmcd/bramble/internal/store/derivation.go:143.3,143.13 1 0
github.com/maxmcd/bramble/internal/store/derivation.go:140.10,142.4 1 0
github.com/maxmcd/bramble/internal/store/derivation.go:148.43,149.75 1 0
github.com/maxmcd/bramble/internal/store/derivation.go:152.2,152.27 1 0
github.com/maxmcd/bramble/internal/store/derivation.go:149.75,151.3 1 0
github.com/maxmcd/bramble/internal/store/derivation.go:155.44,156.28 1 0
github.com/maxmcd/bramble/internal/store/derivation.go:159.2,159.8 1 0
github.com/maxmcd/bramble/internal/store/derivation.go:156.28,158.3 1 0
github.com/maxmcd/bramble/internal/store/derivation.go:162.43,166.2 3 0
github.com/maxmcd/bramble/internal/store/derivation.go:168.65,169.24 1 1
github.com/maxmcd/bramble/internal/store/derivation.go:172.2,172.23 1 1
github.com/maxmcd/bramble/internal/store/derivation.go:175.2,175.31 1 1
github.com/maxmcd/bramble/internal/store/derivation.go:178.2,178.27 1 1
github.com/maxmcd/bramble/internal/store/derivation.go:181.2,181.32 1 1
github.com/maxmcd/bramble/internal/store/derivation.go:184.2,184.12 1 1
github.com/maxmcd/bramble/internal/store/derivation.go:169.24,171.3 1 1
github.com/maxmcd/bramble/internal/store/derivation.go:172.23,174.3 1 0
github.com/maxmcd/bramble/internal/store/derivation.go:175.31,177.3 1 0
github.com/maxmcd/bramble/internal/store/derivation.go:178.27,180.3 1 1
github.com/maxmcd/bramble/internal/store/derivation.go:181.32,183.3 1 1
github.com/maxmcd/bramble/internal/store/derivation.go:187.50,191.2 3 1
github.com/maxmcd/bramble/internal/store/derivation.go:193.37,196.16 3 1
github.com/maxmcd/bramble/internal/store/derivation.go:199.2,199.10 1 1
github.com/maxmcd/bramble/internal/store/derivation.go:196.16,197.13 1 0
github.com/maxmcd/bramble/internal/store/derivation.go:202.41,204.57 2 1
github.com/maxmcd/bramble/internal/store/derivation.go:207.2,207.12 1 1
github.com/maxmcd/bramble/internal/store/derivation.go:204.57,205.13 1 0
github.com/maxmcd/bramble/internal/store/derivation.go:209.52,211.2 1 1
github.com/maxmcd/bramble/internal/store/derivation.go:213.37,217.42 3 1
github.com/maxmcd/bramble/internal/store/derivation.go:223.2,224.55 2 1
github.com/maxmcd/bramble/internal/store/derivation.go:217.42,219.25 1 1
github.com/maxmcd/bramble/internal/store/derivation.go:219.25,221.4 1 1
github.com/maxmcd/bramble/internal/store/derivation.go:227.83,230.72 3 0
github.com/maxmcd/bramble/internal/store/derivation.go:248.2,252.18 2 0
github.com/maxmcd/bramble/internal/store/derivation.go:258.2,258.25 1 0
github.com/maxmcd/bramble/internal/store/derivation.go:263.2,263.8 1 0
github.com/maxmcd/bramble/internal/store/derivation.go:230.72,232.39 2 0
github.com/maxmcd/bramble/internal/store/derivation.go:246.3,246.13 1 0
github.com/maxmcd/bramble/internal/store/derivation.go:232.39,234.18 2 0
github.com/maxmcd/bramble/internal/store/derivation.go:237.4,237.14 1 0
github.com/maxmcd/bramble/internal/store/derivation.go:240.4,242.60 3 0
github.com/maxmcd/bramble/internal/store/derivation.go:234.18,236.5 1 0
github.com/maxmcd/bramble/internal/store/derivation.go:237.14,239.5 1 0
github.com/maxmcd/bramble/internal/store/derivation.go:242.60,244.5 1 0
github.com/maxmcd/bramble/internal/store/derivation.go:252.18,254.26 2 0
github.com/maxmcd/bramble/internal/store/derivation.go:254.26,256.4 1 0
github.com/maxmcd/bramble/internal/store/derivation.go:258.25,259.53 1 0
github.com/maxmcd/bramble/internal/store/derivation.go:259.53,261.4 1 0
github.com/maxmcd/bramble/internal/store/derivation.go:268.84,271.25 3 0
github.com/maxmcd/bramble/internal/store/derivation.go:274.2,275.61 2 0
github.com/maxmcd/bramble/internal/store/derivation.go:300.2,300.45 1 0
github.com/maxmcd/bramble/internal/store/derivation.go:305.2,305.19 1 0
github.com/maxmcd/bramble/internal/store/derivation.go:271.25,273.3 1 0
github.com/maxmcd/bramble/internal/store/derivation.go:275.61,277.17 2 0
github.com/maxmcd/bramble/internal/store/derivation.go:280.3,280.13 1 0
github.com/maxmcd/bramble/internal/store/derivation.go:283.3,283.26 1 0
github.com/maxmcd/bramble/internal/store/derivation.go:286.3,287.17 2 0
github.com/maxmcd/bramble/internal/store/derivation.go:290.3,291.58 2 0
github.com/maxmcd/bramble/internal/store/derivation.go:298.3,298.13 1 0
github.com/maxmcd/bramble/internal/store/derivation.go:277.17,279.4 1 0
github.com/maxmcd/bramble/internal/store/derivation.go:280.13,282.4 1 0
github.com/maxmcd/bramble/internal/store/derivation.go:283.26,285.4 1 0
github.com/maxmcd/bramble/internal/store/derivation.go:287.17,289.4 1 0
github.com/maxmcd/bramble/internal/store/derivation.go:291.58,294.63 3 0
github.com/maxmcd/bramble/internal/store/derivation.go:294.63,296.5 1 0
github.com/maxmcd/bramble/internal/store/derivation.go:300.45,301.54 1 0
github.com/maxmcd/bramble/internal/store/derivation.go:301.54,303.4 1 0
github.com/maxmcd/bramble/internal/store/derivation.go:308.101,310.16 2 0
github.com/maxmcd/bramble/internal/store/derivation.go:313.2,316.40 3 0
github.com/maxmcd/bramble/internal/store/derivation.go:323.2,323.34 1 0
github.com/maxmcd/bramble/internal/store/derivation.go:330.2,330.26 1 0
github.com/maxmcd/bramble/internal/store/derivation.go:310.16,312.3 1 0
github.com/maxmcd/bramble/internal/store/derivation.go:316.40,317.38 1 0
github.com/maxmcd/bramble/internal/store/derivation.go:317.38,318.43 1 0
github.com/maxmcd/bramble/internal/store/derivation.go:318.43,320.5 1 0
github.com/maxmcd/bramble/internal/store/derivation.go:323.34,325.47 2 0
github.com/maxmcd/bramble/internal/store/derivation.go:328.3,328.41 1 0
github.com/maxmcd/bramble/internal/store/derivation.go:325.47,327.4 1 0
github.com/maxmcd/bramble/internal/store/derivation.go:333.100,335.38 2 0
github.com/maxmcd/bramble/internal/store/derivation.go:345.2,345.8 1 0
github.com/maxmcd/bramble/internal/store/derivation.go:335.38,337.17 2 0
github.com/maxmcd/bramble/internal/store/derivation.go:340.3,340.13 1 0
github.com/maxmcd/bramble/internal/store/derivation.go:343.3,343.30 1 0
github.com/maxmcd/bramble/internal/store/derivation.go:337.17,339.4 1 0
github.com/maxmcd/bramble/internal/store/derivation.go:340.13,342.4 1 0
github.com/maxmcd/bramble/internal/store/derivation.go:348.45,350.27 2 0
github.com/maxmcd/bramble/internal/store/derivation.go:353.2,353.12 1 0
github.com/maxmcd/bramble/internal/store/derivation.go:350.27,352.3 1 0
github.com/maxmcd/bramble/internal/store/derivation.go:356.64,358.2 1 0
github.com/maxmcd/bramble/internal/store/derivation.go:360.83,366.55 3 0
github.com/maxmcd/bramble/internal/store/derivation.go:372.2,372.47 1 0
github.com/maxmcd/bramble/internal/store/derivation.go:366.55,368.37 2 0
github.com/maxmcd/bramble/internal/store/derivation.go:368.37,370.4 1 0
github.com/maxmcd/bramble/internal/store/derivation.go:377.88,380.39 3 0
github.com/maxmcd/bramble/internal/store/derivation.go:385.2,387.67 3 0
github.com/maxmcd/bramble/internal/store/derivation.go:380.39,384.3 1 0
github.com/maxmcd/bramble/internal/store/derivation.go:398.30,399.46 1 0
github.com/maxmcd/bramble/internal/store/derivation.go:402.2,402.14 1 0
github.com/maxmcd/bramble/internal/store/derivation.go:399.46,401.3 1 0
github.com/maxmcd/bramble/internal/store/derivation.go:416.45,416.64 1 1
github.com/maxmcd/bramble/internal/store/derivation.go:417.45,417.80 1 1
github.com/maxmcd/bramble/internal/store/derivation.go:418.50,420.2 1 1
github.com/maxmcd/bramble/internal/store/derivation.go:427.42,429.2 1 1
github.com/maxmcd/bramble/internal/store/derivation.go:431.78,436.2 4 1
github.com/maxmcd/bramble/internal/store/derivation.go:438.53,441.2 2 0
github.com/maxmcd/bramble/internal/store/derivation.go:442.49,446.2 3 1
github.com/maxmcd/bramble/internal/store/derivation.go:448.65,452.2 3 0
github.com/maxmcd/bramble/internal/project/derivation_native.go:16.92,24.16 4 1
github.com/maxmcd/bramble/internal/project/derivation_native.go:27.2,27.35 1 1
github.com/maxmcd/bramble/internal/project/derivation_native.go:24.16,26.3 1 0
github.com/maxmcd/bramble/v/github.com/go4org/go4/lock/lock_unix.go:30.13,32.2 1 1
github.com/maxmcd/bramble/v/github.com/go4org/go4/lock/lock_unix.go:34.48,36.33 2 0
github.com/maxmcd/bramble/v/github.com/go4org/go4/lock/lock_unix.go:40.2,41.16 2 0
github.com/maxmcd/bramble/v/github.com/go4org/go4/lock/lock_unix.go:45.2,53.16 2 0
github.com/maxmcd/bramble/v/github.com/go4org/go4/lock/lock_unix.go:57.2,57.40 1 0
github.com/maxmcd/bramble/v/github.com/go4org/go4/lock/lock_unix.go:36.33,38.3 1 0
github.com/maxmcd/bramble/v/github.com/go4org/go4/lock/lock_unix.go:41.16,43.3 1 0
github.com/maxmcd/bramble/v/github.com/go4org/go4/lock/lock_unix.go:53.16,56.3 2 0
github.com/maxmcd/bramble/v/cmd/go/mvs/errors.go:34.106,36.20 2 0
github.com/maxmcd/bramble/v/cmd/go/mvs/errors.go:47.2,52.3 2 0
github.com/maxmcd/bramble/v/cmd/go/mvs/errors.go:36.20,38.54 2 0
github.com/maxmcd/bramble/v/cmd/go/mvs/errors.go:41.3,45.18 2 0
github.com/maxmcd/bramble/v/cmd/go/mvs/errors.go:38.54,40.4 1 0
github.com/maxmcd/bramble/v/cmd/go/mvs/errors.go:57.43,58.23 1 0
github.com/maxmcd/bramble/v/cmd/go/mvs/errors.go:61.2,61.34 1 0
github.com/maxmcd/bramble/v/cmd/go/mvs/errors.go:58.23,60.3 1 0
github.com/maxmcd/bramble/v/cmd/go/mvs/errors.go:64.41,71.49 3 0
github.com/maxmcd/bramble/v/cmd/go/mvs/errors.go:75.2,75.21 1 0
github.com/maxmcd/bramble/v/cmd/go/mvs/errors.go:86.2,86.19 1 0
github.com/maxmcd/bramble/v/cmd/go/mvs/errors.go:71.49,73.3 1 0
github.com/maxmcd/bramble/v/cmd/go/mvs/errors.go:75.21,77.3 1 0
github.com/maxmcd/bramble/v/cmd/go/mvs/errors.go:77.8,78.45 1 0
github.com/maxmcd/bramble/v/cmd/go/mvs/errors.go:83.3,84.36 2 0
github.com/maxmcd/bramble/v/cmd/go/mvs/errors.go:78.45,80.4 1 0
github.com/maxmcd/bramble/internal/dependency/job.go:32.38,36.6 3 0
github.com/maxmcd/bramble/internal/dependency/job.go:43.2,45.24 2 0
github.com/maxmcd/bramble/internal/dependency/job.go:48.2,48.23 1 0
github.com/maxmcd/bramble/internal/dependency/job.go:36.6,39.42 2 0
github.com/maxmcd/bramble/internal/dependency/job.go:39.42,40.9 1 0
github.com/maxmcd/bramble/internal/dependency/job.go:45.24,47.3 1 0
github.com/maxmcd/bramble/internal/dependency/job.go:51.47,55.16 4 0
github.com/maxmcd/bramble/internal/dependency/job.go:58.2,58.22 1 0
github.com/maxmcd/bramble/internal/dependency/job.go:55.16,57.3 1 0
github.com/maxmcd/bramble/internal/dependency/job.go:61.44,65.16 4 0
github.com/maxmcd/bramble/internal/dependency/job.go:70.2,70.12 1 0
github.com/maxmcd/bramble/internal/dependency/job.go:65.16,69.3 2 0
github.com/maxmcd/bramble/internal/dependency/job.go:73.34,76.28 3 0
github.com/maxmcd/bramble/internal/dependency/job.go:86.2,86.21 1 0
github.com/maxmcd/bramble/internal/dependency/job.go:76.28,77.21 1 0
github.com/maxmcd/bramble/internal/dependency/job.go:81.3,81.29 1 0
github.com/maxmcd/bramble/internal/dependency/job.go:77.21,79.12 1 0
github.com/maxmcd/bramble/internal/dependency/job.go:81.29,84.4 2 0
github.com/maxmcd/bramble/internal/logger/logger.go:13.37,21.2 6 1
github.com/maxmcd/bramble/internal/logger/logger.go:32.75,39.15 3 1
github.com/maxmcd/bramble/internal/logger/logger.go:42.2,44.58 2 0
github.com/maxmcd/bramble/internal/logger/logger.go:63.2,63.50 1 0
github.com/maxmcd/bramble/internal/logger/logger.go:80.2,80.16 1 0
github.com/maxmcd/bramble/internal/logger/logger.go:39.15,41.3 1 1
github.com/maxmcd/bramble/internal/logger/logger.go:44.58,51.24 1 0
github.com/maxmcd/bramble/internal/logger/logger.go:56.3,56.19 1 0
github.com/maxmcd/bramble/internal/logger/logger.go:59.3,59.18 1 0
github.com/maxmcd/bramble/internal/logger/logger.go:51.24,52.27 1 0
github.com/maxmcd/bramble/internal/logger/logger.go:52.27,54.5 1 0
github.com/maxmcd/bramble/internal/logger/logger.go:56.19,58.4 1 0
github.com/maxmcd/bramble/internal/logger/logger.go:63.50,65.10 2 0
github.com/maxmcd/bramble/internal/logger/logger.go:66.14,67.18 1 0
github.com/maxmcd/bramble/internal/logger/logger.go:68.38,69.42 1 0
github.com/maxmcd/bramble/internal/logger/logger.go:70.11,72.23 2 0
github.com/maxmcd/bramble/internal/logger/logger.go:72.23,74.54 2 0
github.com/maxmcd/bramble/internal/logger/logger.go:74.54,76.6 1 0
github.com/maxmcd/bramble/internal/logger/logger.go:89.106,93.42 4 1
github.com/maxmcd/bramble/internal/logger/logger.go:102.2,102.34 1 1
github.com/maxmcd/bramble/internal/logger/logger.go:106.2,106.18 1 0
github.com/maxmcd/bramble/internal/logger/logger.go:93.42,95.14 2 1
github.com/maxmcd/bramble/internal/logger/logger.go:95.14,97.51 2 1
github.com/maxmcd/bramble/internal/logger/logger.go:97.51,99.5 1 0
github.com/maxmcd/bramble/internal/logger/logger.go:102.34,105.3 2 1
github.com/maxmcd/bramble/internal/logger/logger.go:109.30,111.2 1 0
github.com/maxmcd/bramble/internal/logger/logger.go:112.48,114.2 1 0
github.com/maxmcd/bramble/internal/tracing/tracing.go:28.75,37.16 3 0
github.com/maxmcd/bramble/internal/tracing/tracing.go:40.2,50.8 1 0
github.com/maxmcd/bramble/internal/tracing/tracing.go:37.16,39.3 1 0
github.com/maxmcd/bramble/internal/tracing/tracing.go:57.13,59.12 2 1
github.com/maxmcd/bramble/internal/tracing/tracing.go:64.2,66.16 3 0
github.com/maxmcd/bramble/internal/tracing/tracing.go:70.2,70.28 1 0
github.com/maxmcd/bramble/internal/tracing/tracing.go:59.12,63.3 2 1
github.com/maxmcd/bramble/internal/tracing/tracing.go:66.16,67.13 1 0
github.com/maxmcd/bramble/internal/tracing/tracing.go:73.39,74.15 1 1
github.com/maxmcd/bramble/internal/tracing/tracing.go:77.2,77.24 1 1
github.com/maxmcd/bramble/internal/tracing/tracing.go:74.15,75.52 1 0
github.com/maxmcd/bramble/internal/tracing/tracing.go:80.13,81.15 1 0
github.com/maxmcd/bramble/internal/tracing/tracing.go:84.2,86.41 3 0
github.com/maxmcd/bramble/internal/tracing/tracing.go:81.15,83.3 1 0
github.com/maxmcd/bramble/internal/tracing/tracing.go:86.41,87.48 1 0
github.com/maxmcd/bramble/internal/tracing/tracing.go:87.48,88.14 1 0
github.com/maxmcd/bramble/pkg/starutil/errors.go:18.44,20.2 1 0
github.com/maxmcd/bramble/pkg/starutil/errors.go:24.41,26.2 1 0
github.com/maxmcd/bramble/pkg/starutil/errors.go:28.38,30.60 2 0
github.com/maxmcd/bramble/pkg/starutil/errors.go:40.2,41.20 2 0
github.com/maxmcd/bramble/pkg/starutil/errors.go:30.60,31.84 1 0
github.com/maxmcd/bramble/pkg/starutil/errors.go:34.3,38.21 4 0
github.com/maxmcd/bramble/pkg/starutil/errors.go:31.84,33.4 1 0
github.com/maxmcd/bramble/pkg/starutil/errors.go:44.55,48.27 3 0
github.com/maxmcd/bramble/pkg/starutil/errors.go:53.2,53.21 1 0
github.com/maxmcd/bramble/pkg/starutil/errors.go:48.27,52.3 3 0
github.com/maxmcd/bramble/pkg/starutil/errors.go:56.55,58.16 2 0
github.com/maxmcd/bramble/pkg/starutil/errors.go:61.2,61.15 1 0
github.com/maxmcd/bramble/pkg/starutil/errors.go:62.2,64.6 3 0
github.com/maxmcd/bramble/pkg/starutil/errors.go:58.16,60.3 1 0
github.com/maxmcd/bramble/pkg/starutil/errors.go:61.15,61.32 1 0
github.com/maxmcd/bramble/pkg/starutil/errors.go:64.6,66.17 2 0
github.com/maxmcd/bramble/pkg/starutil/errors.go:69.3,69.26 1 0
github.com/maxmcd/bramble/pkg/starutil/errors.go:72.3,72.10 1 0
github.com/maxmcd/bramble/pkg/starutil/errors.go:66.17,68.4 1 0
github.com/maxmcd/bramble/pkg/starutil/errors.go:69.26,71.4 1 0
github.com/maxmcd/bramble/internal/project/doc.go:22.77,24.16 2 0
github.com/maxmcd/bramble/internal/project/doc.go:27.2,28.16 2 0
github.com/maxmcd/bramble/internal/project/doc.go:31.2,32.16 2 0
github.com/maxmcd/bramble/internal/project/doc.go:35.2,35.46 1 0
github.com/maxmcd/bramble/internal/project/doc.go:42.2,42.8 1 0
github.com/maxmcd/bramble/internal/project/doc.go:24.16,26.3 1 0
github.com/maxmcd/bramble/internal/project/doc.go:28.16,30.3 1 0
github.com/maxmcd/bramble/internal/project/doc.go:32.16,34.3 1 0
github.com/maxmcd/bramble/internal/project/doc.go:35.46,37.17 2 0
github.com/maxmcd/bramble/internal/project/doc.go:40.3,40.31 1 0
github.com/maxmcd/bramble/internal/project/doc.go:37.17,39.4 1 0
github.com/maxmcd/bramble/internal/project/doc.go:45.81,48.16 3 0
github.com/maxmcd/bramble/internal/project/doc.go:51.2,52.16 2 0
github.com/maxmcd/bramble/internal/project/doc.go:55.2,57.16 3 0
github.com/maxmcd/bramble/internal/project/doc.go:60.2,60.15 1 0
github.com/maxmcd/bramble/internal/project/doc.go:48.16,50.3 1 0
github.com/maxmcd/bramble/internal/project/doc.go:52.16,54.3 1 0
github.com/maxmcd/bramble/internal/project/doc.go:57.16,59.3 1 0
github.com/maxmcd/bramble/internal/project/module.go:13.91,14.31 1 0
github.com/maxmcd/bramble/internal/project/module.go:17.2,18.16 2 0
github.com/maxmcd/bramble/internal/project/module.go:21.2,21.36 1 0
github.com/maxmcd/bramble/internal/project/module.go:24.2,24.54 1 0
github.com/maxmcd/bramble/internal/project/module.go:27.2,28.16 2 0
github.com/maxmcd/bramble/internal/project/module.go:31.2,34.8 4 0
github.com/maxmcd/bramble/internal/project/module.go:14.31,16.3 1 0
github.com/maxmcd/bramble/internal/project/module.go:18.16,20.3 1 0
github.com/maxmcd/bramble/internal/project/module.go:21.36,23.3 1 0
github.com/maxmcd/bramble/internal/project/module.go:24.54,26.3 1 0
github.com/maxmcd/bramble/internal/project/module.go:28.16,30.3 1 0
github.com/maxmcd/bramble/internal/project/module.go:37.96,38.20 1 1
github.com/maxmcd/bramble/internal/project/module.go:43.2,48.20 4 1
github.com/maxmcd/bramble/internal/project/module.go:53.2,54.8 2 1
github.com/maxmcd/bramble/internal/project/module.go:38.20,41.3 2 0
github.com/maxmcd/bramble/internal/project/module.go:48.20,51.3 1 0
github.com/maxmcd/bramble/internal/project/module.go:57.79,63.44 2 1
github.com/maxmcd/bramble/internal/project/module.go:68.2,68.41 1 0
github.com/maxmcd/bramble/internal/project/module.go:73.2,74.65 1 0
github.com/maxmcd/bramble/internal/project/module.go:78.2,79.72 2 0
github.com/maxmcd/bramble/internal/project/module.go:85.2,86.49 2 0
github.com/maxmcd/bramble/internal/project/module.go:63.44,65.3 1 1
github.com/maxmcd/bramble/internal/project/module.go:68.41,70.3 1 0
github.com/maxmcd/bramble/internal/project/module.go:74.65,76.3 1 0
github.com/maxmcd/bramble/internal/project/module.go:79.72,80.88 1 0
github.com/maxmcd/bramble/internal/project/module.go:80.88,82.4 1 0
github.com/maxmcd/bramble/internal/store/tempfiles.go:12.13,14.2 1 1
github.com/maxmcd/bramble/internal/store/tempfiles.go:15.36,17.19 2 1
github.com/maxmcd/bramble/internal/store/tempfiles.go:20.2,20.18 1 1
github.com/maxmcd/bramble/internal/store/tempfiles.go:17.19,19.3 1 1
github.com/maxmcd/bramble/internal/store/tempfiles.go:23.63,27.6 4 0
github.com/maxmcd/bramble/internal/store/tempfiles.go:27.6,30.22 3 0
github.com/maxmcd/bramble/internal/store/tempfiles.go:36.3,36.16 1 0
github.com/maxmcd/bramble/internal/store/tempfiles.go:30.22,31.26 1 0
github.com/maxmcd/bramble/internal/store/tempfiles.go:34.4,34.110 1 0
github.com/maxmcd/bramble/internal/store/tempfiles.go:31.26,32.13 1 0
github.com/maxmcd/bramble/internal/store/tempfiles.go:43.54,47.6 4 1
github.com/maxmcd/bramble/internal/store/tempfiles.go:47.6,50.17 3 1
github.com/maxmcd/bramble/internal/store/tempfiles.go:53.3,53.22 1 0
github.com/maxmcd/bramble/internal/store/tempfiles.go:59.3,59.25 1 0
github.com/maxmcd/bramble/internal/store/tempfiles.go:64.3,64.17 1 0
github.com/maxmcd/bramble/internal/store/tempfiles.go:50.17,52.4 1 1
github.com/maxmcd/bramble/internal/store/tempfiles.go:53.22,54.26 1 0
github.com/maxmcd/bramble/internal/store/tempfiles.go:57.4,57.108 1 0
github.com/maxmcd/bramble/internal/store/tempfiles.go:54.26,55.13 1 0
github.com/maxmcd/bramble/internal/store/tempfiles.go:59.25,60.50 1 0
github.com/maxmcd/bramble/internal/store/tempfiles.go:60.50,62.5 1 0
github.com/maxmcd/bramble/pkg/fmtutil/fmtutil.go:9.60,11.2 1 0
github.com/maxmcd/bramble/pkg/fmtutil/fmtutil.go:13.46,15.2 1 0
github.com/maxmcd/bramble/pkg/fmtutil/fmtutil.go:17.33,19.22 2 0
github.com/maxmcd/bramble/pkg/fmtutil/fmtutil.go:22.2,22.35 1 0
github.com/maxmcd/bramble/pkg/fmtutil/fmtutil.go:19.22,21.3 1 0
github.com/maxmcd/bramble/pkg/fmtutil/fmtutil.go:25.34,27.22 2 0
github.com/maxmcd/bramble/pkg/fmtutil/fmtutil.go:30.2,30.35 1 0
github.com/maxmcd/bramble/pkg/fmtutil/fmtutil.go:27.22,29.3 1 0
github.com/maxmcd/bramble/v/github.com/go4org/go4/lock/lock.go:47.43,49.16 2 0
github.com/maxmcd/bramble/v/github.com/go4org/go4/lock/lock.go:52.2,54.17 3 0
github.com/maxmcd/bramble/v/github.com/go4org/go4/lock/lock.go:58.2,59.16 2 0
github.com/maxmcd/bramble/v/github.com/go4org/go4/lock/lock.go:62.2,63.15 2 0
github.com/maxmcd/bramble/v/github.com/go4org/go4/lock/lock.go:49.16,51.3 1 0
github.com/maxmcd/bramble/v/github.com/go4org/go4/lock/lock.go:54.17,56.3 1 0
github.com/maxmcd/bramble/v/github.com/go4org/go4/lock/lock.go:59.16,61.3 1 0
github.com/maxmcd/bramble/v/github.com/go4org/go4/lock/lock.go:70.51,72.33 2 0
github.com/maxmcd/bramble/v/github.com/go4org/go4/lock/lock.go:83.2,84.16 2 0
github.com/maxmcd/bramble/v/github.com/go4org/go4/lock/lock.go:87.2,87.87 1 0
github.com/maxmcd/bramble/v/github.com/go4org/go4/lock/lock.go:90.2,94.8 1 0
github.com/maxmcd/bramble/v/github.com/go4org/go4/lock/lock.go:72.33,74.13 2 0
github.com/maxmcd/bramble/v/github.com/go4org/go4/lock/lock.go:75.21,76.58 1 0
github.com/maxmcd/bramble/v/github.com/go4org/go4/lock/lock.go:77.20,78.19 1 0
github.com/maxmcd/bramble/v/github.com/go4org/go4/lock/lock.go:79.22,80.76 1 0
github.com/maxmcd/bramble/v/github.com/go4org/go4/lock/lock.go:84.16,86.3 1 0
github.com/maxmcd/bramble/v/github.com/go4org/go4/lock/lock.go:87.87,89.3 1 0
github.com/maxmcd/bramble/v/github.com/go4org/go4/lock/lock.go:110.49,112.16 2 0
github.com/maxmcd/bramble/v/github.com/go4org/go4/lock/lock.go:115.2,117.45 3 0
github.com/maxmcd/bramble/v/github.com/go4org/go4/lock/lock.go:120.2,120.24 1 0
github.com/maxmcd/bramble/v/github.com/go4org/go4/lock/lock.go:123.2,124.16 2 0
github.com/maxmcd/bramble/v/github.com/go4org/go4/lock/lock.go:130.2,130.23 1 0
github.com/maxmcd/bramble/v/github.com/go4org/go4/lock/lock.go:135.2,135.21 1 0
github.com/maxmcd/bramble/v/github.com/go4org/go4/lock/lock.go:112.16,114.3 1 0
github.com/maxmcd/bramble/v/github.com/go4org/go4/lock/lock.go:117.45,119.3 1 0
github.com/maxmcd/bramble/v/github.com/go4org/go4/lock/lock.go:120.24,122.3 1 0
github.com/maxmcd/bramble/v/github.com/go4org/go4/lock/lock.go:124.16,127.3 1 0
github.com/maxmcd/bramble/v/github.com/go4org/go4/lock/lock.go:130.23,131.34 1 0
github.com/maxmcd/bramble/v/github.com/go4org/go4/lock/lock.go:131.34,133.4 1 0
github.com/maxmcd/bramble/v/github.com/go4org/go4/lock/lock.go:155.34,158.2 2 0
github.com/maxmcd/bramble/v/github.com/go4org/go4/lock/lock.go:160.28,165.16 4 0
github.com/maxmcd/bramble/v/github.com/go4org/go4/lock/lock.go:184.2,185.21 2 0
github.com/maxmcd/bramble/v/github.com/go4org/go4/lock/lock.go:165.16,170.37 1 0
github.com/maxmcd/bramble/v/github.com/go4org/go4/lock/lock.go:173.3,173.42 1 0
github.com/maxmcd/bramble/v/github.com/go4org/go4/lock/lock.go:179.3,179.9 1 0
github.com/maxmcd/bramble/v/github.com/go4org/go4/lock/lock.go:170.37,172.4 1 0
github.com/maxmcd/bramble/v/github.com/go4org/go4/lock/lock.go:173.42,178.4 1 0
github.com/maxmcd/bramble/pkg/chunkedarchive/stream.go:43.67,54.16 7 0
github.com/maxmcd/bramble/pkg/chunkedarchive/stream.go:57.2,57.35 1 0
github.com/maxmcd/bramble/pkg/chunkedarchive/stream.go:60.2,60.35 1 0
github.com/maxmcd/bramble/pkg/chunkedarchive/stream.go:64.2,66.2 2 0
github.com/maxmcd/bramble/pkg/chunkedarchive/stream.go:93.2,93.61 1 0
github.com/maxmcd/bramble/pkg/chunkedarchive/stream.go:96.2,96.20 1 0
github.com/maxmcd/bramble/pkg/chunkedarchive/stream.go:54.16,56.3 1 0
github.com/maxmcd/bramble/pkg/chunkedarchive/stream.go:57.35,59.3 1 0
github.com/maxmcd/bramble/pkg/chunkedarchive/stream.go:60.35,62.3 1 0
github.com/maxmcd/bramble/pkg/chunkedarchive/stream.go:66.2,69.17 3 0
github.com/maxmcd/bramble/pkg/chunkedarchive/stream.go:72.3,77.18 2 0
github.com/maxmcd/bramble/pkg/chunkedarchive/stream.go:80.3,80.46 1 0
github.com/maxmcd/bramble/pkg/chunkedarchive/stream.go:84.3,84.36 1 0
github.com/maxmcd/bramble/pkg/chunkedarchive/stream.go:87.3,87.36 1 0
github.com/maxmcd/bramble/pkg/chunkedarchive/stream.go:69.17,71.4 1 0
github.com/maxmcd/bramble/pkg/chunkedarchive/stream.go:77.18,79.4 1 0
github.com/maxmcd/bramble/pkg/chunkedarchive/stream.go:80.46,82.4 1 0
github.com/maxmcd/bramble/pkg/chunkedarchive/stream.go:84.36,86.4 1 0
github.com/maxmcd/bramble/pkg/chunkedarchive/stream.go:87.36,89.4 1 0
github.com/maxmcd/bramble/pkg/chunkedarchive/stream.go:93.61,95.3 1 0
github.com/maxmcd/bramble/pkg/chunkedarchive/stream.go:104.86,107.6 3 0
github.com/maxmcd/bramble/pkg/chunkedarchive/stream.go:132.2,132.34 1 0
github.com/maxmcd/bramble/pkg/chunkedarchive/stream.go:107.6,112.17 4 0
github.com/maxmcd/bramble/pkg/chunkedarchive/stream.go:115.3,121.18 3 0
github.com/maxmcd/bramble/pkg/chunkedarchive/stream.go:125.3,125.56 1 0
github.com/maxmcd/bramble/pkg/chunkedarchive/stream.go:128.3,128.21 1 0
github.com/maxmcd/bramble/pkg/chunkedarchive/stream.go:112.17,114.4 1 0
github.com/maxmcd/bramble/pkg/chunkedarchive/stream.go:121.18,123.4 1 0
github.com/maxmcd/bramble/pkg/chunkedarchive/stream.go:125.56,127.4 1 0
github.com/maxmcd/bramble/pkg/chunkedarchive/stream.go:128.21,129.9 1 0
github.com/maxmcd/bramble/pkg/chunkedarchive/stream.go:132.34,132.53 1 0
github.com/maxmcd/bramble/pkg/chunkedarchive/stream.go:136.39,141.29 5 0
github.com/maxmcd/bramble/pkg/chunkedarchive/stream.go:144.2,144.20 1 0
github.com/maxmcd/bramble/pkg/chunkedarchive/stream.go:141.29,142.74 1 0
github.com/maxmcd/bramble/pkg/chunkedarchive/stream.go:154.59,158.2 3 0
github.com/maxmcd/bramble/pkg/chunkedarchive/stream.go:160.73,163.2 2 0
github.com/maxmcd/bramble/pkg/chunkedarchive/stream.go:197.2,197.41 1 0
github.com/maxmcd/bramble/pkg/chunkedarchive/stream.go:200.2,201.16 2 0
github.com/maxmcd/bramble/pkg/chunkedarchive/stream.go:204.2,207.14 1 0
github.com/maxmcd/bramble/pkg/chunkedarchive/stream.go:163.2,164.29 1 0
github.com/maxmcd/bramble/pkg/chunkedarchive/stream.go:167.3,168.71 2 0
github.com/maxmcd/bramble/pkg/chunkedarchive/stream.go:171.3,172.10 2 0
github.com/maxmcd/bramble/pkg/chunkedarchive/stream.go:175.3,176.56 2 0
github.com/maxmcd/bramble/pkg/chunkedarchive/stream.go:179.3,180.17 2 0
github.com/maxmcd/bramble/pkg/chunkedarchive/stream.go:183.3,186.17 4 0
github.com/maxmcd/bramble/pkg/chunkedarchive/stream.go:189.3,189.27 1 0
github.com/maxmcd/bramble/pkg/chunkedarchive/stream.go:192.3,192.58 1 0
github.com/maxmcd/bramble/pkg/chunkedarchive/stream.go:164.29,166.4 1 0
github.com/maxmcd/bramble/pkg/chunkedarchive/stream.go:168.71,170.4 1 0
github.com/maxmcd/bramble/pkg/chunkedarchive/stream.go:172.10,174.4 1 0
github.com/maxmcd/bramble/pkg/chunkedarchive/stream.go:176.56,178.4 1 0
github.com/maxmcd/bramble/pkg/chunkedarchive/stream.go:180.17,182.4 1 0
github.com/maxmcd/bramble/pkg/chunkedarchive/stream.go:186.17,188.4 1 0
github.com/maxmcd/bramble/pkg/chunkedarchive/stream.go:189.27,191.4 1 0
github.com/maxmcd/bramble/pkg/chunkedarchive/stream.go:192.58,194.4 1 0
github.com/maxmcd/bramble/pkg/chunkedarchive/stream.go:197.41,199.3 1 0
github.com/maxmcd/bramble/pkg/chunkedarchive/stream.go:201.16,203.3 1 0
github.com/maxmcd/bramble/pkg/chunkedarchive/stream.go:224.59,226.30 2 0
github.com/maxmcd/bramble/pkg/chunkedarchive/stream.go:230.2,230.15 1 0
github.com/maxmcd/bramble/pkg/chunkedarchive/stream.go:226.30,229.3 2 0
github.com/maxmcd/bramble/pkg/chunkedarchive/stream.go:233.76,238.16 3 0
github.com/maxmcd/bramble/pkg/chunkedarchive/stream.go:241.2,241.21 1 0
github.com/maxmcd/bramble/pkg/chunkedarchive/stream.go:244.2,248.9 2 0
github.com/maxmcd/bramble/pkg/chunkedarchive/stream.go:238.16,240.3 1 0
github.com/maxmcd/bramble/pkg/chunkedarchive/stream.go:241.21,243.3 1 0
github.com/maxmcd/bramble/pkg/chunkedarchive/stream.go:251.55,252.26 1 0
github.com/maxmcd/bramble/pkg/chunkedarchive/stream.go:255.2,256.16 2 0
github.com/maxmcd/bramble/pkg/chunkedarchive/stream.go:259.2,260.36 2 0
github.com/maxmcd/bramble/pkg/chunkedarchive/stream.go:263.2,263.36 1 0
github.com/maxmcd/bramble/pkg/chunkedarchive/stream.go:266.2,267.30 2 0
github.com/maxmcd/bramble/pkg/chunkedarchive/stream.go:252.26,254.3 1 0
github.com/maxmcd/bramble/pkg/chunkedarchive/stream.go:256.16,258.3 1 0
github.com/maxmcd/bramble/pkg/chunkedarchive/stream.go:260.36,262.3 1 0
github.com/maxmcd/bramble/pkg/chunkedarchive/stream.go:263.36,265.3 1 0
github.com/maxmcd/bramble/internal/project/project.go:41.52,43.16 2 1
github.com/maxmcd/bramble/internal/project/project.go:46.2,47.12 2 1
github.com/maxmcd/bramble/internal/project/project.go:50.2,55.15 3 1
github.com/maxmcd/bramble/internal/project/project.go:43.16,45.3 1 0
github.com/maxmcd/bramble/internal/project/project.go:47.12,49.3 1 0
github.com/maxmcd/bramble/internal/project/project.go:58.58,59.39 1 1
github.com/maxmcd/bramble/internal/project/project.go:62.2,62.6 1 1
github.com/maxmcd/bramble/internal/project/project.go:59.39,61.3 1 1
github.com/maxmcd/bramble/internal/project/project.go:62.6,63.61 1 1
github.com/maxmcd/bramble/internal/project/project.go:66.3,66.36 1 0
github.com/maxmcd/bramble/internal/project/project.go:69.3,69.31 1 0
github.com/maxmcd/bramble/internal/project/project.go:63.61,65.4 1 1
github.com/maxmcd/bramble/internal/project/project.go:66.36,68.4 1 0
github.com/maxmcd/bramble/internal/project/project.go:73.57,75.2 1 1
github.com/maxmcd/bramble/internal/project/project.go:77.54,79.2 1 1
github.com/maxmcd/bramble/internal/project/project.go:81.37,83.2 1 1
github.com/maxmcd/bramble/internal/project/project.go:85.35,87.2 1 0
github.com/maxmcd/bramble/internal/project/project.go:89.36,91.2 1 0
github.com/maxmcd/bramble/internal/project/project.go:93.42,96.2 1 1
github.com/maxmcd/bramble/internal/project/project.go:98.31,100.2 1 1
github.com/maxmcd/bramble/internal/project/project.go:102.50,103.53 1 0
github.com/maxmcd/bramble/internal/project/project.go:106.2,106.8 1 0
github.com/maxmcd/bramble/internal/project/project.go:103.53,105.3 1 0
github.com/maxmcd/bramble/internal/project/project.go:108.48,109.51 1 0
github.com/maxmcd/bramble/internal/project/project.go:112.2,112.8 1 0
github.com/maxmcd/bramble/internal/project/project.go:109.51,111.3 1 0
github.com/maxmcd/bramble/internal/project/project.go:115.49,117.2 1 0
github.com/maxmcd/bramble/internal/project/project.go:119.41,121.2 1 1
github.com/maxmcd/bramble/internal/project/project.go:124.100,125.53 1 0
github.com/maxmcd/bramble/internal/project/project.go:128.2,129.12 2 0
github.com/maxmcd/bramble/internal/project/project.go:132.2,132.19 1 0
github.com/maxmcd/bramble/internal/project/project.go:137.2,137.86 1 0
github.com/maxmcd/bramble/internal/project/project.go:125.53,127.3 1 0
github.com/maxmcd/bramble/internal/project/project.go:129.12,131.3 1 0
github.com/maxmcd/bramble/internal/project/project.go:132.19,136.3 1 0
github.com/maxmcd/bramble/internal/project/project.go:140.80,141.48 1 1
github.com/maxmcd/bramble/internal/project/project.go:144.2,144.32 1 1
github.com/maxmcd/bramble/internal/project/project.go:147.2,148.16 2 1
github.com/maxmcd/bramble/internal/project/project.go:151.2,151.57 1 1
github.com/maxmcd/bramble/internal/project/project.go:156.2,157.46 2 1
github.com/maxmcd/bramble/internal/project/project.go:141.48,143.3 1 0
github.com/maxmcd/bramble/internal/project/project.go:144.32,146.3 1 0
github.com/maxmcd/bramble/internal/project/project.go:148.16,150.3 1 0
github.com/maxmcd/bramble/internal/project/project.go:151.57,153.3 1 1
github.com/maxmcd/bramble/internal/project/project.go:153.8,155.3 1 1
github.com/maxmcd/bramble/internal/project/project.go:160.77,162.16 2 1
github.com/maxmcd/bramble/internal/project/project.go:165.2,165.65 1 1
github.com/maxmcd/bramble/internal/project/project.go:168.2,170.53 1 1
github.com/maxmcd/bramble/internal/project/project.go:162.16,164.3 1 0
github.com/maxmcd/bramble/internal/project/project.go:165.65,167.3 1 0
github.com/maxmcd/bramble/internal/project/project.go:170.53,171.18 1 1
github.com/maxmcd/bramble/internal/project/project.go:174.4,174.99 1 1
github.com/maxmcd/bramble/internal/project/project.go:178.4,178.43 1 1
github.com/maxmcd/bramble/internal/project/project.go:185.4,185.14 1 1
github.com/maxmcd/bramble/internal/project/project.go:171.18,173.5 1 0
github.com/maxmcd/bramble/internal/project/project.go:174.99,176.5 1 1
github.com/maxmcd/bramble/internal/project/project.go:178.43,180.19 2 1
github.com/maxmcd/bramble/internal/project/project.go:183.5,183.38 1 1
github.com/maxmcd/bramble/internal/project/project.go:180.19,182.6 1 0
github.com/maxmcd/bramble/internal/command/cli.go:58.13,60.2 1 1
github.com/maxmcd/bramble/internal/command/cli.go:63.15,68.45 3 0
github.com/maxmcd/bramble/internal/command/cli.go:72.2,72.12 1 0
github.com/maxmcd/bramble/internal/command/cli.go:78.2,132.40 2 0
github.com/maxmcd/bramble/internal/command/cli.go:407.2,407.33 1 0
github.com/maxmcd/bramble/internal/command/cli.go:432.2,435.12 3 0
github.com/maxmcd/bramble/internal/command/cli.go:451.2,452.53 2 0
github.com/maxmcd/bramble/internal/command/cli.go:465.2,465.19 1 0
github.com/maxmcd/bramble/internal/command/cli.go:68.45,70.3 1 0
github.com/maxmcd/bramble/internal/command/cli.go:72.12,76.29 4 0
github.com/maxmcd/bramble/internal/command/cli.go:132.40,136.20 4 0
github.com/maxmcd/bramble/internal/command/cli.go:139.6,142.20 2 0
github.com/maxmcd/bramble/internal/command/cli.go:145.6,149.16 2 0
github.com/maxmcd/bramble/internal/command/cli.go:136.20,138.7 1 0
github.com/maxmcd/bramble/internal/command/cli.go:142.20,144.7 1 0
github.com/maxmcd/bramble/internal/command/cli.go:174.40,176.20 2 0
github.com/maxmcd/bramble/internal/command/cli.go:179.6,179.51 1 0
github.com/maxmcd/bramble/internal/command/cli.go:190.6,198.8 5 0
github.com/maxmcd/bramble/internal/command/cli.go:204.6,209.8 1 0
github.com/maxmcd/bramble/internal/command/cli.go:176.20,178.7 1 0
github.com/maxmcd/bramble/internal/command/cli.go:179.51,180.27 1 0
github.com/maxmcd/bramble/internal/command/cli.go:187.7,187.17 1 0
github.com/maxmcd/bramble/internal/command/cli.go:180.27,182.22 2 0
github.com/maxmcd/bramble/internal/command/cli.go:185.8,185.16 1 0
github.com/maxmcd/bramble/internal/command/cli.go:182.22,184.9 1 0
github.com/maxmcd/bramble/internal/command/cli.go:198.8,199.21 1 0
github.com/maxmcd/bramble/internal/command/cli.go:199.21,201.8 1 0
github.com/maxmcd/bramble/internal/command/cli.go:215.40,217.20 2 0
github.com/maxmcd/bramble/internal/command/cli.go:220.6,220.30 1 0
github.com/maxmcd/bramble/internal/command/cli.go:217.20,219.7 1 0
github.com/maxmcd/bramble/internal/command/cli.go:232.40,236.20 4 0
github.com/maxmcd/bramble/internal/command/cli.go:239.6,240.20 2 0
github.com/maxmcd/bramble/internal/command/cli.go:243.6,246.16 2 0
github.com/maxmcd/bramble/internal/command/cli.go:236.20,238.7 1 0
github.com/maxmcd/bramble/internal/command/cli.go:240.20,242.7 1 0
github.com/maxmcd/bramble/internal/command/cli.go:253.40,255.6 1 0
github.com/maxmcd/bramble/internal/command/cli.go:267.40,269.20 2 0
github.com/maxmcd/bramble/internal/command/cli.go:272.6,273.16 2 0
github.com/maxmcd/bramble/internal/command/cli.go:269.20,271.7 1 0
github.com/maxmcd/bramble/internal/command/cli.go:285.40,287.20 2 0
github.com/maxmcd/bramble/internal/command/cli.go:290.6,292.23 3 0
github.com/maxmcd/bramble/internal/command/cli.go:295.6,295.24 1 0
github.com/maxmcd/bramble/internal/command/cli.go:298.6,299.20 2 0
github.com/maxmcd/bramble/internal/command/cli.go:302.6,302.32 1 0
github.com/maxmcd/bramble/internal/command/cli.go:317.6,317.16 1 0
github.com/maxmcd/bramble/internal/command/cli.go:287.20,289.7 1 0
github.com/maxmcd/bramble/internal/command/cli.go:292.23,294.7 1 0
github.com/maxmcd/bramble/internal/command/cli.go:295.24,297.7 1 0
github.com/maxmcd/bramble/internal/command/cli.go:299.20,301.7 1 0
github.com/maxmcd/bramble/internal/command/cli.go:302.32,305.28 3 0
github.com/maxmcd/bramble/internal/command/cli.go:308.7,308.38 1 0
github.com/maxmcd/bramble/internal/command/cli.go:315.7,315.20 1 0
github.com/maxmcd/bramble/internal/command/cli.go:305.28,307.8 1 0
github.com/maxmcd/bramble/internal/command/cli.go:308.38,311.30 3 0
github.com/maxmcd/bramble/internal/command/cli.go:311.30,313.9 1 0
github.com/maxmcd/bramble/internal/command/cli.go:330.40,332.24 2 0
github.com/maxmcd/bramble/internal/command/cli.go:335.6,335.23 1 0
github.com/maxmcd/bramble/internal/command/cli.go:339.6,341.24 3 0
github.com/maxmcd/bramble/internal/command/cli.go:344.6,345.39 2 0
github.com/maxmcd/bramble/internal/command/cli.go:348.6,348.55 1 0
github.com/maxmcd/bramble/internal/command/cli.go:332.24,334.7 1 0
github.com/maxmcd/bramble/internal/command/cli.go:335.23,337.7 1 0
github.com/maxmcd/bramble/internal/command/cli.go:341.24,343.7 1 0
github.com/maxmcd/bramble/internal/command/cli.go:345.39,347.7 1 0
github.com/maxmcd/bramble/internal/command/cli.go:370.40,376.20 4 0
github.com/maxmcd/bramble/internal/command/cli.go:380.6,388.16 3 0
github.com/maxmcd/bramble/internal/command/cli.go:393.6,393.13 1 0
github.com/maxmcd/bramble/internal/command/cli.go:376.20,378.7 1 0
github.com/maxmcd/bramble/internal/command/cli.go:388.16,389.81 1 0
github.com/maxmcd/bramble/internal/command/cli.go:389.81,391.8 1 0
github.com/maxmcd/bramble/internal/command/cli.go:394.28,395.17 1 0
github.com/maxmcd/bramble/internal/command/cli.go:396.30,400.31 4 0
github.com/maxmcd/bramble/internal/command/cli.go:407.33,413.32 3 0
github.com/maxmcd/bramble/internal/command/cli.go:420.3,420.32 1 0
github.com/maxmcd/bramble/internal/command/cli.go:413.32,414.38 1 0
github.com/maxmcd/bramble/internal/command/cli.go:414.38,415.28 1 0
github.com/maxmcd/bramble/internal/command/cli.go:415.28,417.6 1 0
github.com/maxmcd/bramble/internal/command/cli.go:420.32,421.28 1 0
github.com/maxmcd/bramble/internal/command/cli.go:422.23,423.43 1 0
github.com/maxmcd/bramble/internal/command/cli.go:424.25,425.43 1 0
github.com/maxmcd/bramble/internal/command/cli.go:426.30,427.43 1 0
github.com/maxmcd/bramble/internal/command/cli.go:435.12,440.7 4 0
github.com/maxmcd/bramble/internal/command/cli.go:440.7,444.18 4 0
github.com/maxmcd/bramble/internal/command/cli.go:448.4,448.47 1 0
github.com/maxmcd/bramble/internal/command/cli.go:444.18,447.5 2 0
github.com/maxmcd/bramble/internal/command/cli.go:452.53,453.74 1 0
github.com/maxmcd/bramble/internal/command/cli.go:458.3,458.58 1 0
github.com/maxmcd/bramble/internal/command/cli.go:453.74,457.4 3 0
github.com/maxmcd/bramble/internal/command/cli.go:458.58,460.4 1 0
github.com/maxmcd/bramble/internal/command/cli.go:460.9,463.4 2 0
github.com/maxmcd/bramble/internal/command/cli.go:465.19,469.3 2 0
github.com/maxmcd/bramble/internal/command/cli.go:472.51,477.2 1 0
github.com/maxmcd/bramble/internal/types/graph.go:20.38,22.2 1 0
github.com/maxmcd/bramble/internal/types/graph.go:24.37,26.2 1 0
github.com/maxmcd/bramble/internal/types/graph.go:28.45,31.2 2 0
github.com/maxmcd/bramble/internal/types/graph.go:33.65,34.22 1 1
github.com/maxmcd/bramble/internal/types/graph.go:37.2,37.22 1 1
github.com/maxmcd/bramble/internal/types/graph.go:40.2,41.35 2 1
github.com/maxmcd/bramble/internal/types/graph.go:51.2,52.21 2 1
github.com/maxmcd/bramble/internal/types/graph.go:60.2,60.12 1 1
github.com/maxmcd/bramble/internal/types/graph.go:34.22,36.3 1 0
github.com/maxmcd/bramble/internal/types/graph.go:37.22,39.3 1 0
github.com/maxmcd/bramble/internal/types/graph.go:41.35,43.43 1 1
github.com/maxmcd/bramble/internal/types/graph.go:46.3,46.38 1 1
github.com/maxmcd/bramble/internal/types/graph.go:43.43,45.4 1 1
github.com/maxmcd/bramble/internal/types/graph.go:46.38,48.4 1 1
github.com/maxmcd/bramble/internal/types/graph.go:52.21,54.30 2 1
github.com/maxmcd/bramble/internal/types/graph.go:54.30,55.24 1 1
github.com/maxmcd/bramble/internal/types/graph.go:55.24,57.5 1 1
github.com/maxmcd/bramble/internal/types/graph.go:63.51,65.33 2 1
github.com/maxmcd/bramble/internal/types/graph.go:70.2,70.14 1 1
github.com/maxmcd/bramble/internal/types/graph.go:65.33,66.30 1 1
github.com/maxmcd/bramble/internal/types/graph.go:66.30,68.4 1 1
github.com/maxmcd/bramble/internal/project/runtime.go:20.133,32.16 6 1
github.com/maxmcd/bramble/internal/project/runtime.go:37.2,48.11 3 1
github.com/maxmcd/bramble/internal/project/runtime.go:32.16,34.13 2 0
github.com/maxmcd/bramble/internal/project/runtime.go:51.81,61.2 4 1
[...]
github.com/maxmcd/bramble/pkg/httpx/httpx.go:121.18,122.29 1 0
github.com/maxmcd/bramble/pkg/httpx/httpx.go:123.11,124.43 1 0
github.com/maxmcd/bramble/internal/project/test_and_run.go:17.157,27.16 3 1
github.com/maxmcd/bramble/internal/project/test_and_run.go:31.2,34.27 3 1
github.com/maxmcd/bramble/internal/project/test_and_run.go:27.16,29.3 1 0
github.com/maxmcd/bramble/internal/project/test_and_run.go:50.32,52.2 1 0
github.com/maxmcd/bramble/internal/project/test_and_run.go:53.39,53.55 1 0
github.com/maxmcd/bramble/internal/project/test_and_run.go:54.40,54.41 0 0
github.com/maxmcd/bramble/internal/project/test_and_run.go:55.39,55.54 1 0
github.com/maxmcd/bramble/internal/project/test_and_run.go:56.39,56.82 1 0
github.com/maxmcd/bramble/internal/project/test_and_run.go:58.40,60.35 2 1
github.com/maxmcd/bramble/internal/project/test_and_run.go:68.2,68.12 1 1
github.com/maxmcd/bramble/internal/project/test_and_run.go:60.35,61.30 1 1
github.com/maxmcd/bramble/internal/project/test_and_run.go:61.30,62.28 1 1
github.com/maxmcd/bramble/internal/project/test_and_run.go:65.4,65.56 1 1
github.com/maxmcd/bramble/internal/project/test_and_run.go:62.28,63.13 1 1
github.com/maxmcd/bramble/internal/project/test_and_run.go:71.156,88.16 2 1
github.com/maxmcd/bramble/internal/project/test_and_run.go:92.2,92.20 1 1
github.com/maxmcd/bramble/internal/project/test_and_run.go:97.2,97.18 1 1
github.com/maxmcd/bramble/internal/project/test_and_run.go:102.2,102.26 1 1
github.com/maxmcd/bramble/internal/project/test_and_run.go:107.2,107.24 1 1
github.com/maxmcd/bramble/internal/project/test_and_run.go:112.2,112.37 1 1
github.com/maxmcd/bramble/internal/project/test_and_run.go:88.16,90.3 1 0
github.com/maxmcd/bramble/internal/project/test_and_run.go:92.20,93.74 1 0
github.com/maxmcd/bramble/internal/project/test_and_run.go:93.74,95.4 1 0
github.com/maxmcd/bramble/internal/project/test_and_run.go:97.18,98.73 1 0
github.com/maxmcd/bramble/internal/project/test_and_run.go:98.73,100.4 1 0
github.com/maxmcd/bramble/internal/project/test_and_run.go:102.26,103.89 1 1
github.com/maxmcd/bramble/internal/project/test_and_run.go:103.89,105.4 1 0
github.com/maxmcd/bramble/internal/project/test_and_run.go:107.24,108.85 1 1
github.com/maxmcd/bramble/internal/project/test_and_run.go:108.85,110.4 1 0
github.com/maxmcd/bramble/internal/project/walk.go:28.56,30.36 2 0
github.com/maxmcd/bramble/internal/project/walk.go:33.2,33.70 1 0
github.com/maxmcd/bramble/internal/project/walk.go:30.36,32.3 1 0
github.com/maxmcd/bramble/internal/project/walk.go:40.75,41.26 1 0
github.com/maxmcd/bramble/internal/project/walk.go:45.2,45.41 1 0
github.com/maxmcd/bramble/internal/project/walk.go:52.2,53.16 2 0
github.com/maxmcd/bramble/internal/project/walk.go:57.2,58.16 2 0
github.com/maxmcd/bramble/internal/project/walk.go:62.2,63.44 2 0
github.com/maxmcd/bramble/internal/project/walk.go:67.2,71.42 3 0
github.com/maxmcd/bramble/internal/project/walk.go:76.2,84.12 5 0
github.com/maxmcd/bramble/internal/project/walk.go:41.26,43.3 1 0
github.com/maxmcd/bramble/internal/project/walk.go:45.41,46.41 1 0
github.com/maxmcd/bramble/internal/project/walk.go:49.3,49.20 1 0
github.com/maxmcd/bramble/internal/project/walk.go:46.41,48.4 1 0
github.com/maxmcd/bramble/internal/project/walk.go:53.16,55.3 1 0
github.com/maxmcd/bramble/internal/project/walk.go:58.16,60.3 1 0
github.com/maxmcd/bramble/internal/project/walk.go:63.44,66.3 2 0
github.com/maxmcd/bramble/internal/project/walk.go:71.42,74.3 2 0
github.com/maxmcd/bramble/internal/project/walk.go:87.58,89.16 2 1
github.com/maxmcd/bramble/internal/project/walk.go:92.2,94.41 2 1
github.com/maxmcd/bramble/internal/project/walk.go:97.2,97.15 1 1
github.com/maxmcd/bramble/internal/project/walk.go:89.16,91.3 1 0
github.com/maxmcd/bramble/internal/project/walk.go:94.41,96.3 1 1
github.com/maxmcd/bramble/internal/project/walk.go:100.185,102.16 2 1
github.com/maxmcd/bramble/internal/project/walk.go:105.2,106.33 2 1
github.com/maxmcd/bramble/internal/project/walk.go:158.2,160.45 3 1
github.com/maxmcd/bramble/internal/project/walk.go:166.2,166.15 1 1
github.com/maxmcd/bramble/internal/project/walk.go:102.16,104.3 1 0
github.com/maxmcd/bramble/internal/project/walk.go:106.33,107.23 1 1
github.com/maxmcd/bramble/internal/project/walk.go:111.3,111.23 1 1
github.com/maxmcd/bramble/internal/project/walk.go:115.3,119.13 5 1
github.com/maxmcd/bramble/internal/project/walk.go:122.3,123.17 2 1
github.com/maxmcd/bramble/internal/project/walk.go:129.3,129.43 1 1
github.com/maxmcd/bramble/internal/project/walk.go:153.3,153.22 1 1
github.com/maxmcd/bramble/internal/project/walk.go:156.3,156.13 1 1
github.com/maxmcd/bramble/internal/project/walk.go:107.23,109.4 1 1
github.com/maxmcd/bramble/internal/project/walk.go:111.23,113.17 2 1
github.com/maxmcd/bramble/internal/project/walk.go:113.17,113.32 1 1
github.com/maxmcd/bramble/internal/project/walk.go:119.13,121.4 1 0
github.com/maxmcd/bramble/internal/project/walk.go:123.17,126.4 2 0
github.com/maxmcd/bramble/internal/project/walk.go:129.43,130.36 1 1
github.com/maxmcd/bramble/internal/project/walk.go:133.4,136.14 4 1
github.com/maxmcd/bramble/internal/project/walk.go:140.4,140.23 1 1
github.com/maxmcd/bramble/internal/project/walk.go:151.4,151.34 1 1
github.com/maxmcd/bramble/internal/project/walk.go:130.36,131.13 1 1
github.com/maxmcd/bramble/internal/project/walk.go:136.14,138.5 1 0
github.com/maxmcd/bramble/internal/project/walk.go:140.23,143.39 2 0
github.com/maxmcd/bramble/internal/project/walk.go:146.5,146.90 1 0
github.com/maxmcd/bramble/internal/project/walk.go:143.39,145.6 1 0
github.com/maxmcd/bramble/internal/project/walk.go:147.10,147.36 1 1
github.com/maxmcd/bramble/internal/project/walk.go:147.36,149.5 1 1
github.com/maxmcd/bramble/internal/project/walk.go:153.22,155.4 1 0
github.com/maxmcd/bramble/internal/project/walk.go:160.45,161.21 1 0
github.com/maxmcd/bramble/internal/project/walk.go:164.3,164.43 1 0
github.com/maxmcd/bramble/internal/project/walk.go:161.21,163.4 1 0
github.com/maxmcd/bramble/internal/project/walk.go:169.174,172.2 2 1
github.com/maxmcd/bramble/pkg/sandbox/sandbox_linux.go:29.13,30.22 1 1
github.com/maxmcd/bramble/pkg/sandbox/sandbox_linux.go:30.22,34.93 1 0
github.com/maxmcd/bramble/pkg/sandbox/sandbox_linux.go:37.3,40.17 4 0
github.com/maxmcd/bramble/pkg/sandbox/sandbox_linux.go:43.3,43.55 1 0
github.com/maxmcd/bramble/pkg/sandbox/sandbox_linux.go:47.3,47.23 1 0
github.com/maxmcd/bramble/pkg/sandbox/sandbox_linux.go:34.93,36.4 1 0
github.com/maxmcd/bramble/pkg/sandbox/sandbox_linux.go:40.17,41.14 1 0
github.com/maxmcd/bramble/pkg/sandbox/sandbox_linux.go:43.55,44.14 1 0
github.com/maxmcd/bramble/pkg/sandbox/sandbox_linux.go:58.42,63.16 3 0
github.com/maxmcd/bramble/pkg/sandbox/sandbox_linux.go:66.2,71.31 3 0
github.com/maxmcd/bramble/pkg/sandbox/sandbox_linux.go:85.2,85.12 1 0
github.com/maxmcd/bramble/pkg/sandbox/sandbox_linux.go:63.16,65.3 1 0
github.com/maxmcd/bramble/pkg/sandbox/sandbox_linux.go:71.31,73.62 2 0
github.com/maxmcd/bramble/pkg/sandbox/sandbox_linux.go:76.3,77.17 2 0
github.com/maxmcd/bramble/pkg/sandbox/sandbox_linux.go:80.3,81.35 2 0
github.com/maxmcd/bramble/pkg/sandbox/sandbox_linux.go:73.62,75.4 1 0
github.com/maxmcd/bramble/pkg/sandbox/sandbox_linux.go:77.17,79.4 1 0
github.com/maxmcd/bramble/pkg/sandbox/sandbox_linux.go:81.35,83.4 1 0
github.com/maxmcd/bramble/pkg/sandbox/sandbox_linux.go:88.55,92.16 4 0
github.com/maxmcd/bramble/pkg/sandbox/sandbox_linux.go:97.2,102.16 5 0
github.com/maxmcd/bramble/pkg/sandbox/sandbox_linux.go:106.2,106.33 1 0
github.com/maxmcd/bramble/pkg/sandbox/sandbox_linux.go:123.2,124.16 2 0
github.com/maxmcd/bramble/pkg/sandbox/sandbox_linux.go:128.2,130.52 3 0
github.com/maxmcd/bramble/pkg/sandbox/sandbox_linux.go:135.2,135.45 1 0
github.com/maxmcd/bramble/pkg/sandbox/sandbox_linux.go:139.2,144.16 3 0
github.com/maxmcd/bramble/pkg/sandbox/sandbox_linux.go:148.2,149.16 2 0
github.com/maxmcd/bramble/pkg/sandbox/sandbox_linux.go:153.2,153.8 1 0
github.com/maxmcd/bramble/pkg/sandbox/sandbox_linux.go:92.16,95.3 2 0
github.com/maxmcd/bramble/pkg/sandbox/sandbox_linux.go:102.16,105.3 1 0
github.com/maxmcd/bramble/pkg/sandbox/sandbox_linux.go:106.33,108.13 2 0
github.com/maxmcd/bramble/pkg/sandbox/sandbox_linux.go:111.3,112.9 2 0
github.com/maxmcd/bramble/pkg/sandbox/sandbox_linux.go:115.3,120.5 1 0
github.com/maxmcd/bramble/pkg/sandbox/sandbox_linux.go:108.13,110.4 1 0
github.com/maxmcd/bramble/pkg/sandbox/sandbox_linux.go:112.9,114.4 1 0
github.com/maxmcd/bramble/pkg/sandbox/sandbox_linux.go:124.16,126.3 1 0
github.com/maxmcd/bramble/pkg/sandbox/sandbox_linux.go:130.52,131.44 1 0
github.com/maxmcd/bramble/pkg/sandbox/sandbox_linux.go:131.44,133.4 1 0
github.com/maxmcd/bramble/pkg/sandbox/sandbox_linux.go:135.45,138.3 2 0
github.com/maxmcd/bramble/pkg/sandbox/sandbox_linux.go:144.16,147.3 2 0
github.com/maxmcd/bramble/pkg/sandbox/sandbox_linux.go:149.16,151.3 1 0
github.com/maxmcd/bramble/pkg/sandbox/sandbox_linux.go:156.50,158.16 2 0
github.com/maxmcd/bramble/pkg/sandbox/sandbox_linux.go:161.2,161.48 1 0
github.com/maxmcd/bramble/pkg/sandbox/sandbox_linux.go:164.2,165.8 2 0
github.com/maxmcd/bramble/pkg/sandbox/sandbox_linux.go:158.16,160.3 1 0
github.com/maxmcd/bramble/pkg/sandbox/sandbox_linux.go:161.48,163.3 1 0
github.com/maxmcd/bramble/pkg/sandbox/sandbox_linux.go:168.41,171.2 2 0
github.com/maxmcd/bramble/pkg/sandbox/sandbox_linux.go:173.39,174.22 1 0
github.com/maxmcd/bramble/pkg/sandbox/sandbox_linux.go:178.2,191.82 3 0
github.com/maxmcd/bramble/pkg/sandbox/sandbox_linux.go:208.2,208.15 1 0
github.com/maxmcd/bramble/pkg/sandbox/sandbox_linux.go:209.2,209.51 1 0
github.com/maxmcd/bramble/pkg/sandbox/sandbox_linux.go:212.2,212.14 1 0
github.com/maxmcd/bramble/pkg/sandbox/sandbox_linux.go:239.2,239.8 1 0
github.com/maxmcd/bramble/pkg/sandbox/sandbox_linux.go:174.22,176.3 1 0
github.com/maxmcd/bramble/pkg/sandbox/sandbox_linux.go:191.82,193.45 2 0
github.com/maxmcd/bramble/pkg/sandbox/sandbox_linux.go:196.3,197.17 2 0
github.com/maxmcd/bramble/pkg/sandbox/sandbox_linux.go:200.3,203.13 4 0
github.com/maxmcd/bramble/pkg/sandbox/sandbox_linux.go:206.3,206.18 1 0
github.com/maxmcd/bramble/pkg/sandbox/sandbox_linux.go:193.45,195.4 1 0
github.com/maxmcd/bramble/pkg/sandbox/sandbox_linux.go:197.17,199.4 1 0
github.com/maxmcd/bramble/pkg/sandbox/sandbox_linux.go:203.13,205.4 1 0
github.com/maxmcd/bramble/pkg/sandbox/sandbox_linux.go:208.15,208.34 1 0
github.com/maxmcd/bramble/pkg/sandbox/sandbox_linux.go:209.51,211.3 1 0
github.com/maxmcd/bramble/pkg/sandbox/sandbox_linux.go:212.14,213.40 1 0
github.com/maxmcd/bramble/pkg/sandbox/sandbox_linux.go:217.3,217.43 1 0
github.com/maxmcd/bramble/pkg/sandbox/sandbox_linux.go:221.3,223.17 3 0
github.com/maxmcd/bramble/pkg/sandbox/sandbox_linux.go:227.3,227.18 1 0
github.com/maxmcd/bramble/pkg/sandbox/sandbox_linux.go:213.40,216.4 2 0
github.com/maxmcd/bramble/pkg/sandbox/sandbox_linux.go:217.43,220.4 2 0
github.com/maxmcd/bramble/pkg/sandbox/sandbox_linux.go:223.17,226.4 2 0
github.com/maxmcd/bramble/pkg/sandbox/sandbox_linux.go:227.18,229.4 1 0
github.com/maxmcd/bramble/pkg/sandbox/sandbox_linux.go:230.8,232.17 2 0
github.com/maxmcd/bramble/pkg/sandbox/sandbox_linux.go:235.3,235.28 1 0
github.com/maxmcd/bramble/pkg/sandbox/sandbox_linux.go:232.17,234.4 1 0
github.com/maxmcd/bramble/pkg/sandbox/sandbox_linux.go:235.28,237.4 1 0
github.com/maxmcd/bramble/pkg/sandbox/sandbox_linux.go:242.40,243.22 1 0
github.com/maxmcd/bramble/pkg/sandbox/sandbox_linux.go:246.2,246.12 1 0
github.com/maxmcd/bramble/pkg/sandbox/sandbox_linux.go:243.22,245.3 1 0
github.com/maxmcd/bramble/pkg/sandbox/sandbox_linux.go:249.47,251.25 2 0
github.com/maxmcd/bramble/pkg/sandbox/sandbox_linux.go:256.2,256.18 1 0
github.com/maxmcd/bramble/pkg/sandbox/sandbox_linux.go:251.25,252.15 1 0
github.com/maxmcd/bramble/pkg/sandbox/sandbox_linux.go:252.15,254.4 1 0
github.com/maxmcd/bramble/pkg/sandbox/sandbox_linux.go:257.9,258.16 1 0
github.com/maxmcd/bramble/pkg/sandbox/sandbox_linux.go:259.9,260.13 1 0
github.com/maxmcd/bramble/pkg/sandbox/sandbox_linux.go:261.10,262.45 1 0
github.com/maxmcd/bramble/pkg/sandbox/sandbox_linux.go:266.43,268.2 1 0
github.com/maxmcd/bramble/pkg/sandbox/sandbox_linux.go:270.48,271.49 1 0
github.com/maxmcd/bramble/pkg/sandbox/sandbox_linux.go:274.2,274.16 1 0
github.com/maxmcd/bramble/pkg/sandbox/sandbox_linux.go:271.49,273.3 1 0
github.com/maxmcd/bramble/pkg/sandbox/sandbox_linux.go:277.35,323.2 1 0
github.com/maxmcd/bramble/pkg/sandbox/sandbox_linux.go:325.46,450.2 3 0
github.com/maxmcd/bramble/internal/store/new_derivation.go:33.101,37.29 3 1
github.com/maxmcd/bramble/internal/store/new_derivation.go:42.2,43.16 2 1
github.com/maxmcd/bramble/internal/store/new_derivation.go:47.2,47.46 1 1
github.com/maxmcd/bramble/internal/store/new_derivation.go:51.2,51.38 1 1
github.com/maxmcd/bramble/internal/store/new_derivation.go:58.2,63.36 3 1
github.com/maxmcd/bramble/internal/store/new_derivation.go:67.2,69.16 3 1
github.com/maxmcd/bramble/internal/store/new_derivation.go:73.2,73.71 1 1
github.com/maxmcd/bramble/internal/store/new_derivation.go:79.2,80.54 2 1
github.com/maxmcd/bramble/internal/store/new_derivation.go:83.2,84.51 2 1
github.com/maxmcd/bramble/internal/store/new_derivation.go:87.2,88.40 2 1
github.com/maxmcd/bramble/internal/store/new_derivation.go:97.2,99.8 3 1
github.com/maxmcd/bramble/internal/store/new_derivation.go:37.29,39.3 1 1
github.com/maxmcd/bramble/internal/store/new_derivation.go:43.16,45.3 1 0
github.com/maxmcd/bramble/internal/store/new_derivation.go:47.46,49.3 1 0
github.com/maxmcd/bramble/internal/store/new_derivation.go:51.38,52.91 1 0
github.com/maxmcd/bramble/internal/store/new_derivation.go:55.3,55.80 1 0
github.com/maxmcd/bramble/internal/store/new_derivation.go:52.91,54.4 1 0
github.com/maxmcd/bramble/internal/store/new_derivation.go:63.36,65.3 1 1
github.com/maxmcd/bramble/internal/store/new_derivation.go:69.16,71.3 1 0
github.com/maxmcd/bramble/internal/store/new_derivation.go:73.71,76.3 2 0
github.com/maxmcd/bramble/internal/store/new_derivation.go:80.54,82.3 1 0
github.com/maxmcd/bramble/internal/store/new_derivation.go:84.51,86.3 1 0
github.com/maxmcd/bramble/internal/store/new_derivation.go:88.40,89.45 1 1
github.com/maxmcd/bramble/internal/store/new_derivation.go:89.45,91.4 1 0
github.com/maxmcd/bramble/internal/store/new_derivation.go:92.8,93.57 1 0
github.com/maxmcd/bramble/internal/store/new_derivation.go:93.57,95.4 1 0
github.com/maxmcd/bramble/internal/store/new_derivation.go:107.102,125.2 15 1
github.com/maxmcd/bramble/internal/command/build.go:21.149,25.19 4 1
github.com/maxmcd/bramble/internal/command/build.go:36.2,37.16 2 1
github.com/maxmcd/bramble/internal/command/build.go:40.2,43.33 4 1
github.com/maxmcd/bramble/internal/command/build.go:63.2,63.20 1 1
github.com/maxmcd/bramble/internal/command/build.go:25.19,33.3 1 0
github.com/maxmcd/bramble/internal/command/build.go:37.16,39.3 1 0
github.com/maxmcd/bramble/internal/command/build.go:43.33,48.17 2 1
github.com/maxmcd/bramble/internal/command/build.go:51.3,51.38 1 1
github.com/maxmcd/bramble/internal/command/build.go:54.3,54.30 1 1
github.com/maxmcd/bramble/internal/command/build.go:57.3,57.33 1 1
github.com/maxmcd/bramble/internal/command/build.go:48.17,50.4 1 0
github.com/maxmcd/bramble/internal/command/build.go:51.38,53.4 1 1
github.com/maxmcd/bramble/internal/command/build.go:54.30,56.4 1 1
github.com/maxmcd/bramble/internal/command/build.go:57.33,61.4 1 1
github.com/maxmcd/bramble/internal/command/build.go:75.152,84.42 4 1
github.com/maxmcd/bramble/internal/command/build.go:87.2,91.168 4 1
github.com/maxmcd/bramble/internal/command/build.go:217.2,217.16 1 1
github.com/maxmcd/bramble/internal/command/build.go:220.2,220.50 1 1
github.com/maxmcd/bramble/internal/command/build.go:223.2,223.69 1 1
github.com/maxmcd/bramble/internal/command/build.go:226.2,226.31 1 1
github.com/maxmcd/bramble/internal/command/build.go:84.42,86.3 1 0
github.com/maxmcd/bramble/internal/command/build.go:91.168,92.10 1 1
github.com/maxmcd/bramble/internal/command/build.go:97.3,103.40 3 1
github.com/maxmcd/bramble/internal/command/build.go:111.3,118.17 3 1
github.com/maxmcd/bramble/internal/command/build.go:122.3,134.17 2 1
github.com/maxmcd/bramble/internal/command/build.go:137.3,141.43 4 1
github.com/maxmcd/bramble/internal/command/build.go:150.3,154.18 1 1
github.com/maxmcd/bramble/internal/command/build.go:158.3,158.16 1 1
github.com/maxmcd/bramble/internal/command/build.go:178.3,178.26 1 1
github.com/maxmcd/bramble/internal/command/build.go:181.3,183.30 3 1
github.com/maxmcd/bramble/internal/command/build.go:187.3,187.29 1 1
github.com/maxmcd/bramble/internal/command/build.go:190.3,194.42 2 1
github.com/maxmcd/bramble/internal/command/build.go:209.3,209.35 1 1
github.com/maxmcd/bramble/internal/command/build.go:214.3,215.9 2 1
github.com/maxmcd/bramble/internal/command/build.go:93.21,94.10 1 0
github.com/maxmcd/bramble/internal/command/build.go:95.11,95.11 0 1
github.com/maxmcd/bramble/internal/command/build.go:103.40,105.14 2 1
github.com/maxmcd/bramble/internal/command/build.go:109.4,109.43 1 1
github.com/maxmcd/bramble/internal/command/build.go:105.14,108.5 2 0
github.com/maxmcd/bramble/internal/command/build.go:118.17,120.4 1 0
github.com/maxmcd/bramble/internal/command/build.go:134.17,136.4 1 0
github.com/maxmcd/bramble/internal/command/build.go:141.43,142.33 1 0
github.com/maxmcd/bramble/internal/command/build.go:142.33,144.22 1 0
github.com/maxmcd/bramble/internal/command/build.go:144.22,146.6 1 0
github.com/maxmcd/bramble/internal/command/build.go:154.18,156.4 1 0
github.com/maxmcd/bramble/internal/command/build.go:158.16,162.18 2 0
github.com/maxmcd/bramble/internal/command/build.go:165.4,165.47 1 0
github.com/maxmcd/bramble/internal/command/build.go:162.18,164.5 1 0
github.com/maxmcd/bramble/internal/command/build.go:165.47,168.15 3 0
github.com/maxmcd/bramble/internal/command/build.go:168.15,175.6 1 0
github.com/maxmcd/bramble/internal/command/build.go:178.26,180.4 1 1
github.com/maxmcd/bramble/internal/command/build.go:183.30,185.4 1 1
github.com/maxmcd/bramble/internal/command/build.go:187.29,189.4 1 1
github.com/maxmcd/bramble/internal/command/build.go:194.42,208.4 3 1
github.com/maxmcd/bramble/internal/command/build.go:209.35,210.24 1 1
github.com/maxmcd/bramble/internal/command/build.go:210.24,212.5 1 1
github.com/maxmcd/bramble/internal/command/build.go:217.16,219.3 1 0
github.com/maxmcd/bramble/internal/command/build.go:220.50,222.3 1 0
github.com/maxmcd/bramble/internal/command/build.go:223.69,225.3 1 0
github.com/maxmcd/bramble/internal/command/build.go:229.119,232.16 3 1
github.com/maxmcd/bramble/internal/command/build.go:235.2,238.93 2 1
github.com/maxmcd/bramble/internal/command/build.go:244.2,244.8 1 1
github.com/maxmcd/bramble/internal/command/build.go:232.16,234.3 1 0
github.com/maxmcd/bramble/internal/command/build.go:238.93,242.4 3 1
github.com/maxmcd/bramble/internal/command/build.go:252.90,254.51 2 0
github.com/maxmcd/bramble/internal/command/build.go:262.2,262.16 1 0
github.com/maxmcd/bramble/internal/command/build.go:254.51,256.42 2 0
github.com/maxmcd/bramble/internal/command/build.go:256.42,257.36 1 0
github.com/maxmcd/bramble/internal/command/build.go:257.36,259.5 1 0
github.com/maxmcd/bramble/internal/command/build.go:265.82,266.54 1 0
github.com/maxmcd/bramble/internal/command/build.go:266.54,268.17 2 0
github.com/maxmcd/bramble/internal/command/build.go:271.3,271.34 1 0
github.com/maxmcd/bramble/internal/command/build.go:268.17,270.4 1 0
github.com/maxmcd/bramble/internal/command/build.go:281.123,283.16 2 0
github.com/maxmcd/bramble/internal/command/build.go:286.2,288.45 3 0
github.com/maxmcd/bramble/internal/command/build.go:291.2,291.18 1 0
github.com/maxmcd/bramble/internal/command/build.go:283.16,285.3 1 0
github.com/maxmcd/bramble/internal/command/build.go:288.45,290.3 1 0
github.com/maxmcd/bramble/internal/command/build.go:294.44,296.2 1 0
